2017-07-03 20:48:27 [127.0.0.1][-][i15ti3qd1f331th0qavb276qh0][error][yii\web\HttpException:404] exception 'yii\web\NotFoundHttpException' with message '页面未找到。' in G:\jeendon\vendor\yiisoft\yii2\web\Request.php:190
Stack trace:
#0 G:\jeendon\vendor\yiisoft\yii2\web\Application.php(75): yii\web\Request->resolve()
#1 G:\jeendon\vendor\yiisoft\yii2\base\Application.php(375): yii\web\Application->handleRequest(Object(yii\web\Request))
#2 G:\jeendon\wwwroot\index.php(12): yii\base\Application->run()
#3 {main}
2017-07-03 20:48:27 [127.0.0.1][-][i15ti3qd1f331th0qavb276qh0][info][application] $_COOKIE = [
    '_csrf' => '6b5d675b64155c330917e5016e17966ee377b84c734d48ed4f9619fdae942040a:2:{i:0;s:5:\"_csrf\";i:1;s:32:\"JZnISR4083JJpN4OwE4jooOIlivd32-G\";}'
    'PHPSESSID' => 'i15ti3qd1f331th0qavb276qh0'
]

$_SESSION = [
    '__flash' => []
    '__engineer' => '45'
    'sid.captcha.ylans.cn' => [
        'code' => '3473'
        'time' => 1498977644
    ]
    '__user' => '1'
    '__employer' => '85'
]

$_SERVER = [
    'PATH' => 'C:\\WINDOWS\\system32;C:\\WINDOWS;C:\\WINDOWS\\System32\\Wbem;C:\\WINDOWS\\System32\\WindowsPowerShell\\v1.0\\;D:\\nodejs\\anzhuang\\;D:\\phpStudy\\php55n\\;D:\\svn\\svnserveranzhuang\\bin;D:\\svn\\Tortoisesvnanzhuang\\bin;C:\\Users\\79816\\AppData\\Roaming\\npm;C:\\Users\\79816\\AppData\\Local\\Microsoft\\WindowsApps;D:\\phpStudy\\php55n\\'
    'SYSTEMROOT' => 'C:\\WINDOWS'
    'COMSPEC' => 'C:\\WINDOWS\\system32\\cmd.exe'
    'PATHEXT' => '.COM;.EXE;.BAT;.CMD;.VBS;.VBE;.JS;.JSE;.WSF;.WSH;.MSC'
    'WINDIR' => 'C:\\WINDOWS'
    'PHP_FCGI_MAX_REQUESTS' => '1000'
    'PHPRC' => 'D:/phpStudy/php55n'
    '_FCGI_SHUTDOWN_EVENT_' => '3008'
    'SCRIPT_NAME' => '/index.php'
    'REQUEST_URI' => '/emp-demand-release/images/dpai1.png'
    'QUERY_STRING' => ''
    'REQUEST_METHOD' => 'GET'
    'SERVER_PROTOCOL' => 'HTTP/1.1'
    'GATEWAY_INTERFACE' => 'CGI/1.1'
    'REDIRECT_URL' => '/emp-demand-release/images/dpai1.png'
    'REMOTE_PORT' => '60243'
    'SCRIPT_FILENAME' => 'G:/jeendon/wwwroot/index.php'
    'SERVER_ADMIN' => 'admin@phpStudy.net'
    'CONTEXT_DOCUMENT_ROOT' => 'G:/jeendon/wwwroot'
    'CONTEXT_PREFIX' => ''
    'REQUEST_SCHEME' => 'http'
    'DOCUMENT_ROOT' => 'G:/jeendon/wwwroot'
    'REMOTE_ADDR' => '127.0.0.1'
    'SERVER_PORT' => '80'
    'SERVER_ADDR' => '127.0.0.9'
    'SERVER_NAME' => '127.0.0.9'
    'SERVER_SOFTWARE' => 'Apache/2.4.10 (Win32) OpenSSL/1.0.1i mod_fcgid/2.3.9'
    'SERVER_SIGNATURE' => ''
    'SystemRoot' => 'C:\\WINDOWS'
    'HTTP_COOKIE' => '_csrf=6b5d675b64155c330917e5016e17966ee377b84c734d48ed4f9619fdae942040a%3A2%3A%7Bi%3A0%3Bs%3A5%3A%22_csrf%22%3Bi%3A1%3Bs%3A32%3A%22JZnISR4083JJpN4OwE4jooOIlivd32-G%22%3B%7D; PHPSESSID=i15ti3qd1f331th0qavb276qh0'
    'HTTP_ACCEPT_LANGUAGE' => 'zh-CN,zh;q=0.8'
    'HTTP_ACCEPT_ENCODING' => 'gzip, deflate, sdch, br'
    'HTTP_REFERER' => 'http://127.0.0.9/emp-demand-release/demand-describe.html?order_id=323'
    'HTTP_ACCEPT' => 'image/webp,image/*,*/*;q=0.8'
    'HTTP_USER_AGENT' => 'Mozilla/5.0 (Windows NT 10.0; WOW64) AppleWebKit/537.36 (KHTML, like Gecko) Chrome/57.0.2987.110 Safari/537.36'
    'HTTP_CONNECTION' => 'close'
    'HTTP_HOST' => '127.0.0.9'
    'HTTP_AUTHORIZATION' => ''
    'REDIRECT_STATUS' => '200'
    'REDIRECT_HTTP_AUTHORIZATION' => ''
    'FCGI_ROLE' => 'RESPONDER'
    'PHP_SELF' => '/index.php'
    'REQUEST_TIME_FLOAT' => 1499086107.6352
    'REQUEST_TIME' => 1499086107
]
2017-07-03 20:48:49 [127.0.0.1][-][i15ti3qd1f331th0qavb276qh0][error][yii\web\HttpException:404] exception 'yii\web\NotFoundHttpException' with message '页面未找到。' in G:\jeendon\vendor\yiisoft\yii2\web\Request.php:190
Stack trace:
#0 G:\jeendon\vendor\yiisoft\yii2\web\Application.php(75): yii\web\Request->resolve()
#1 G:\jeendon\vendor\yiisoft\yii2\base\Application.php(375): yii\web\Application->handleRequest(Object(yii\web\Request))
#2 G:\jeendon\wwwroot\index.php(12): yii\base\Application->run()
#3 {main}
2017-07-03 20:48:49 [127.0.0.1][-][i15ti3qd1f331th0qavb276qh0][info][application] $_COOKIE = [
    '_csrf' => '6b5d675b64155c330917e5016e17966ee377b84c734d48ed4f9619fdae942040a:2:{i:0;s:5:\"_csrf\";i:1;s:32:\"JZnISR4083JJpN4OwE4jooOIlivd32-G\";}'
    'PHPSESSID' => 'i15ti3qd1f331th0qavb276qh0'
]

$_SESSION = [
    '__flash' => []
    '__engineer' => '45'
    'sid.captcha.ylans.cn' => [
        'code' => '3473'
        'time' => 1498977644
    ]
    '__user' => '1'
    '__employer' => '85'
]

$_SERVER = [
    'PATH' => 'C:\\WINDOWS\\system32;C:\\WINDOWS;C:\\WINDOWS\\System32\\Wbem;C:\\WINDOWS\\System32\\WindowsPowerShell\\v1.0\\;D:\\nodejs\\anzhuang\\;D:\\phpStudy\\php55n\\;D:\\svn\\svnserveranzhuang\\bin;D:\\svn\\Tortoisesvnanzhuang\\bin;C:\\Users\\79816\\AppData\\Roaming\\npm;C:\\Users\\79816\\AppData\\Local\\Microsoft\\WindowsApps;D:\\phpStudy\\php55n\\'
    'SYSTEMROOT' => 'C:\\WINDOWS'
    'COMSPEC' => 'C:\\WINDOWS\\system32\\cmd.exe'
    'PATHEXT' => '.COM;.EXE;.BAT;.CMD;.VBS;.VBE;.JS;.JSE;.WSF;.WSH;.MSC'
    'WINDIR' => 'C:\\WINDOWS'
    'PHP_FCGI_MAX_REQUESTS' => '1000'
    'PHPRC' => 'D:/phpStudy/php55n'
    '_FCGI_SHUTDOWN_EVENT_' => '3008'
    'SCRIPT_NAME' => '/index.php'
    'REQUEST_URI' => '/emp-demand-release/images/dpai1.png'
    'QUERY_STRING' => ''
    'REQUEST_METHOD' => 'GET'
    'SERVER_PROTOCOL' => 'HTTP/1.1'
    'GATEWAY_INTERFACE' => 'CGI/1.1'
    'REDIRECT_URL' => '/emp-demand-release/images/dpai1.png'
    'REMOTE_PORT' => '60253'
    'SCRIPT_FILENAME' => 'G:/jeendon/wwwroot/index.php'
    'SERVER_ADMIN' => 'admin@phpStudy.net'
    'CONTEXT_DOCUMENT_ROOT' => 'G:/jeendon/wwwroot'
    'CONTEXT_PREFIX' => ''
    'REQUEST_SCHEME' => 'http'
    'DOCUMENT_ROOT' => 'G:/jeendon/wwwroot'
    'REMOTE_ADDR' => '127.0.0.1'
    'SERVER_PORT' => '80'
    'SERVER_ADDR' => '127.0.0.9'
    'SERVER_NAME' => '127.0.0.9'
    'SERVER_SOFTWARE' => 'Apache/2.4.10 (Win32) OpenSSL/1.0.1i mod_fcgid/2.3.9'
    'SERVER_SIGNATURE' => ''
    'SystemRoot' => 'C:\\WINDOWS'
    'HTTP_COOKIE' => '_csrf=6b5d675b64155c330917e5016e17966ee377b84c734d48ed4f9619fdae942040a%3A2%3A%7Bi%3A0%3Bs%3A5%3A%22_csrf%22%3Bi%3A1%3Bs%3A32%3A%22JZnISR4083JJpN4OwE4jooOIlivd32-G%22%3B%7D; PHPSESSID=i15ti3qd1f331th0qavb276qh0'
    'HTTP_ACCEPT_LANGUAGE' => 'zh-CN,zh;q=0.8'
    'HTTP_ACCEPT_ENCODING' => 'gzip, deflate, sdch, br'
    'HTTP_REFERER' => 'http://127.0.0.9/emp-demand-release/demand-describe.html?order_id=323'
    'HTTP_ACCEPT' => 'image/webp,image/*,*/*;q=0.8'
    'HTTP_USER_AGENT' => 'Mozilla/5.0 (Windows NT 10.0; WOW64) AppleWebKit/537.36 (KHTML, like Gecko) Chrome/57.0.2987.110 Safari/537.36'
    'HTTP_CONNECTION' => 'close'
    'HTTP_HOST' => '127.0.0.9'
    'HTTP_AUTHORIZATION' => ''
    'REDIRECT_STATUS' => '200'
    'REDIRECT_HTTP_AUTHORIZATION' => ''
    'FCGI_ROLE' => 'RESPONDER'
    'PHP_SELF' => '/index.php'
    'REQUEST_TIME_FLOAT' => 1499086128.9936
    'REQUEST_TIME' => 1499086128
]
2017-07-03 20:50:22 [127.0.0.1][-][i15ti3qd1f331th0qavb276qh0][error][yii\web\HttpException:404] exception 'yii\web\NotFoundHttpException' with message '页面未找到。' in G:\jeendon\vendor\yiisoft\yii2\web\Request.php:190
Stack trace:
#0 G:\jeendon\vendor\yiisoft\yii2\web\Application.php(75): yii\web\Request->resolve()
#1 G:\jeendon\vendor\yiisoft\yii2\base\Application.php(375): yii\web\Application->handleRequest(Object(yii\web\Request))
#2 G:\jeendon\wwwroot\index.php(12): yii\base\Application->run()
#3 {main}
2017-07-03 20:50:22 [127.0.0.1][-][i15ti3qd1f331th0qavb276qh0][info][application] $_COOKIE = [
    '_csrf' => '6b5d675b64155c330917e5016e17966ee377b84c734d48ed4f9619fdae942040a:2:{i:0;s:5:\"_csrf\";i:1;s:32:\"JZnISR4083JJpN4OwE4jooOIlivd32-G\";}'
    'PHPSESSID' => 'i15ti3qd1f331th0qavb276qh0'
]

$_SESSION = [
    '__flash' => []
    '__engineer' => '45'
    'sid.captcha.ylans.cn' => [
        'code' => '3473'
        'time' => 1498977644
    ]
    '__user' => '1'
    '__employer' => '85'
]

$_SERVER = [
    'PATH' => 'C:\\WINDOWS\\system32;C:\\WINDOWS;C:\\WINDOWS\\System32\\Wbem;C:\\WINDOWS\\System32\\WindowsPowerShell\\v1.0\\;D:\\nodejs\\anzhuang\\;D:\\phpStudy\\php55n\\;D:\\svn\\svnserveranzhuang\\bin;D:\\svn\\Tortoisesvnanzhuang\\bin;C:\\Users\\79816\\AppData\\Roaming\\npm;C:\\Users\\79816\\AppData\\Local\\Microsoft\\WindowsApps;D:\\phpStudy\\php55n\\'
    'SYSTEMROOT' => 'C:\\WINDOWS'
    'COMSPEC' => 'C:\\WINDOWS\\system32\\cmd.exe'
    'PATHEXT' => '.COM;.EXE;.BAT;.CMD;.VBS;.VBE;.JS;.JSE;.WSF;.WSH;.MSC'
    'WINDIR' => 'C:\\WINDOWS'
    'PHP_FCGI_MAX_REQUESTS' => '1000'
    'PHPRC' => 'D:/phpStudy/php55n'
    '_FCGI_SHUTDOWN_EVENT_' => '3008'
    'SCRIPT_NAME' => '/index.php'
    'REQUEST_URI' => '/emp-demand-release/images/dpai1.png'
    'QUERY_STRING' => ''
    'REQUEST_METHOD' => 'GET'
    'SERVER_PROTOCOL' => 'HTTP/1.1'
    'GATEWAY_INTERFACE' => 'CGI/1.1'
    'REDIRECT_URL' => '/emp-demand-release/images/dpai1.png'
    'REMOTE_PORT' => '60272'
    'SCRIPT_FILENAME' => 'G:/jeendon/wwwroot/index.php'
    'SERVER_ADMIN' => 'admin@phpStudy.net'
    'CONTEXT_DOCUMENT_ROOT' => 'G:/jeendon/wwwroot'
    'CONTEXT_PREFIX' => ''
    'REQUEST_SCHEME' => 'http'
    'DOCUMENT_ROOT' => 'G:/jeendon/wwwroot'
    'REMOTE_ADDR' => '127.0.0.1'
    'SERVER_PORT' => '80'
    'SERVER_ADDR' => '127.0.0.9'
    'SERVER_NAME' => '127.0.0.9'
    'SERVER_SOFTWARE' => 'Apache/2.4.10 (Win32) OpenSSL/1.0.1i mod_fcgid/2.3.9'
    'SERVER_SIGNATURE' => ''
    'SystemRoot' => 'C:\\WINDOWS'
    'HTTP_COOKIE' => '_csrf=6b5d675b64155c330917e5016e17966ee377b84c734d48ed4f9619fdae942040a%3A2%3A%7Bi%3A0%3Bs%3A5%3A%22_csrf%22%3Bi%3A1%3Bs%3A32%3A%22JZnISR4083JJpN4OwE4jooOIlivd32-G%22%3B%7D; PHPSESSID=i15ti3qd1f331th0qavb276qh0'
    'HTTP_ACCEPT_LANGUAGE' => 'zh-CN,zh;q=0.8'
    'HTTP_ACCEPT_ENCODING' => 'gzip, deflate, sdch, br'
    'HTTP_REFERER' => 'http://127.0.0.9/emp-demand-release/demand-describe.html?order_id=323'
    'HTTP_ACCEPT' => 'image/webp,image/*,*/*;q=0.8'
    'HTTP_USER_AGENT' => 'Mozilla/5.0 (Windows NT 10.0; WOW64) AppleWebKit/537.36 (KHTML, like Gecko) Chrome/57.0.2987.110 Safari/537.36'
    'HTTP_CONNECTION' => 'close'
    'HTTP_HOST' => '127.0.0.9'
    'HTTP_AUTHORIZATION' => ''
    'REDIRECT_STATUS' => '200'
    'REDIRECT_HTTP_AUTHORIZATION' => ''
    'FCGI_ROLE' => 'RESPONDER'
    'PHP_SELF' => '/index.php'
    'REQUEST_TIME_FLOAT' => 1499086222.9297
    'REQUEST_TIME' => 1499086222
]
2017-07-03 20:54:35 [127.0.0.1][-][i15ti3qd1f331th0qavb276qh0][error][yii\web\HttpException:404] exception 'yii\web\NotFoundHttpException' with message '页面未找到。' in G:\jeendon\vendor\yiisoft\yii2\web\Request.php:190
Stack trace:
#0 G:\jeendon\vendor\yiisoft\yii2\web\Application.php(75): yii\web\Request->resolve()
#1 G:\jeendon\vendor\yiisoft\yii2\base\Application.php(375): yii\web\Application->handleRequest(Object(yii\web\Request))
#2 G:\jeendon\wwwroot\index.php(12): yii\base\Application->run()
#3 {main}
2017-07-03 20:54:35 [127.0.0.1][-][i15ti3qd1f331th0qavb276qh0][info][application] $_COOKIE = [
    '_csrf' => '6b5d675b64155c330917e5016e17966ee377b84c734d48ed4f9619fdae942040a:2:{i:0;s:5:\"_csrf\";i:1;s:32:\"JZnISR4083JJpN4OwE4jooOIlivd32-G\";}'
    'PHPSESSID' => 'i15ti3qd1f331th0qavb276qh0'
]

$_SESSION = [
    '__flash' => []
    '__engineer' => '45'
    'sid.captcha.ylans.cn' => [
        'code' => '3473'
        'time' => 1498977644
    ]
    '__user' => '1'
    '__employer' => '85'
]

$_SERVER = [
    'PATH' => 'C:\\WINDOWS\\system32;C:\\WINDOWS;C:\\WINDOWS\\System32\\Wbem;C:\\WINDOWS\\System32\\WindowsPowerShell\\v1.0\\;D:\\nodejs\\anzhuang\\;D:\\phpStudy\\php55n\\;D:\\svn\\svnserveranzhuang\\bin;D:\\svn\\Tortoisesvnanzhuang\\bin;C:\\Users\\79816\\AppData\\Roaming\\npm;C:\\Users\\79816\\AppData\\Local\\Microsoft\\WindowsApps;D:\\phpStudy\\php55n\\'
    'SYSTEMROOT' => 'C:\\WINDOWS'
    'COMSPEC' => 'C:\\WINDOWS\\system32\\cmd.exe'
    'PATHEXT' => '.COM;.EXE;.BAT;.CMD;.VBS;.VBE;.JS;.JSE;.WSF;.WSH;.MSC'
    'WINDIR' => 'C:\\WINDOWS'
    'PHP_FCGI_MAX_REQUESTS' => '1000'
    'PHPRC' => 'D:/phpStudy/php55n'
    '_FCGI_SHUTDOWN_EVENT_' => '2208'
    'SCRIPT_NAME' => '/index.php'
    'REQUEST_URI' => '/emp-demand-release/images/dpai1.png'
    'QUERY_STRING' => ''
    'REQUEST_METHOD' => 'GET'
    'SERVER_PROTOCOL' => 'HTTP/1.1'
    'GATEWAY_INTERFACE' => 'CGI/1.1'
    'REDIRECT_URL' => '/emp-demand-release/images/dpai1.png'
    'REMOTE_PORT' => '60322'
    'SCRIPT_FILENAME' => 'G:/jeendon/wwwroot/index.php'
    'SERVER_ADMIN' => 'admin@phpStudy.net'
    'CONTEXT_DOCUMENT_ROOT' => 'G:/jeendon/wwwroot'
    'CONTEXT_PREFIX' => ''
    'REQUEST_SCHEME' => 'http'
    'DOCUMENT_ROOT' => 'G:/jeendon/wwwroot'
    'REMOTE_ADDR' => '127.0.0.1'
    'SERVER_PORT' => '80'
    'SERVER_ADDR' => '127.0.0.9'
    'SERVER_NAME' => '127.0.0.9'
    'SERVER_SOFTWARE' => 'Apache/2.4.10 (Win32) OpenSSL/1.0.1i mod_fcgid/2.3.9'
    'SERVER_SIGNATURE' => ''
    'SystemRoot' => 'C:\\WINDOWS'
    'HTTP_COOKIE' => '_csrf=6b5d675b64155c330917e5016e17966ee377b84c734d48ed4f9619fdae942040a%3A2%3A%7Bi%3A0%3Bs%3A5%3A%22_csrf%22%3Bi%3A1%3Bs%3A32%3A%22JZnISR4083JJpN4OwE4jooOIlivd32-G%22%3B%7D; PHPSESSID=i15ti3qd1f331th0qavb276qh0'
    'HTTP_ACCEPT_LANGUAGE' => 'zh-CN,zh;q=0.8'
    'HTTP_ACCEPT_ENCODING' => 'gzip, deflate, sdch, br'
    'HTTP_REFERER' => 'http://127.0.0.9/emp-demand-release/demand-describe.html?order_id=323'
    'HTTP_ACCEPT' => 'image/webp,image/*,*/*;q=0.8'
    'HTTP_USER_AGENT' => 'Mozilla/5.0 (Windows NT 10.0; WOW64) AppleWebKit/537.36 (KHTML, like Gecko) Chrome/57.0.2987.110 Safari/537.36'
    'HTTP_CONNECTION' => 'close'
    'HTTP_HOST' => '127.0.0.9'
    'HTTP_AUTHORIZATION' => ''
    'REDIRECT_STATUS' => '200'
    'REDIRECT_HTTP_AUTHORIZATION' => ''
    'FCGI_ROLE' => 'RESPONDER'
    'PHP_SELF' => '/index.php'
    'REQUEST_TIME_FLOAT' => 1499086475.939
    'REQUEST_TIME' => 1499086475
]
2017-07-03 20:55:40 [127.0.0.1][-][i15ti3qd1f331th0qavb276qh0][error][yii\web\HttpException:404] exception 'yii\web\NotFoundHttpException' with message '页面未找到。' in G:\jeendon\vendor\yiisoft\yii2\web\Request.php:190
Stack trace:
#0 G:\jeendon\vendor\yiisoft\yii2\web\Application.php(75): yii\web\Request->resolve()
#1 G:\jeendon\vendor\yiisoft\yii2\base\Application.php(375): yii\web\Application->handleRequest(Object(yii\web\Request))
#2 G:\jeendon\wwwroot\index.php(12): yii\base\Application->run()
#3 {main}
2017-07-03 20:55:39 [127.0.0.1][-][i15ti3qd1f331th0qavb276qh0][info][application] $_COOKIE = [
    '_csrf' => '6b5d675b64155c330917e5016e17966ee377b84c734d48ed4f9619fdae942040a:2:{i:0;s:5:\"_csrf\";i:1;s:32:\"JZnISR4083JJpN4OwE4jooOIlivd32-G\";}'
    'PHPSESSID' => 'i15ti3qd1f331th0qavb276qh0'
]

$_SESSION = [
    '__flash' => []
    '__engineer' => '45'
    'sid.captcha.ylans.cn' => [
        'code' => '3473'
        'time' => 1498977644
    ]
    '__user' => '1'
    '__employer' => '85'
]

$_SERVER = [
    'PATH' => 'C:\\WINDOWS\\system32;C:\\WINDOWS;C:\\WINDOWS\\System32\\Wbem;C:\\WINDOWS\\System32\\WindowsPowerShell\\v1.0\\;D:\\nodejs\\anzhuang\\;D:\\phpStudy\\php55n\\;D:\\svn\\svnserveranzhuang\\bin;D:\\svn\\Tortoisesvnanzhuang\\bin;C:\\Users\\79816\\AppData\\Roaming\\npm;C:\\Users\\79816\\AppData\\Local\\Microsoft\\WindowsApps;D:\\phpStudy\\php55n\\'
    'SYSTEMROOT' => 'C:\\WINDOWS'
    'COMSPEC' => 'C:\\WINDOWS\\system32\\cmd.exe'
    'PATHEXT' => '.COM;.EXE;.BAT;.CMD;.VBS;.VBE;.JS;.JSE;.WSF;.WSH;.MSC'
    'WINDIR' => 'C:\\WINDOWS'
    'PHP_FCGI_MAX_REQUESTS' => '1000'
    'PHPRC' => 'D:/phpStudy/php55n'
    '_FCGI_SHUTDOWN_EVENT_' => '2208'
    'SCRIPT_NAME' => '/index.php'
    'REQUEST_URI' => '/emp-demand-release/images/dpai1.png'
    'QUERY_STRING' => ''
    'REQUEST_METHOD' => 'GET'
    'SERVER_PROTOCOL' => 'HTTP/1.1'
    'GATEWAY_INTERFACE' => 'CGI/1.1'
    'REDIRECT_URL' => '/emp-demand-release/images/dpai1.png'
    'REMOTE_PORT' => '60437'
    'SCRIPT_FILENAME' => 'G:/jeendon/wwwroot/index.php'
    'SERVER_ADMIN' => 'admin@phpStudy.net'
    'CONTEXT_DOCUMENT_ROOT' => 'G:/jeendon/wwwroot'
    'CONTEXT_PREFIX' => ''
    'REQUEST_SCHEME' => 'http'
    'DOCUMENT_ROOT' => 'G:/jeendon/wwwroot'
    'REMOTE_ADDR' => '127.0.0.1'
    'SERVER_PORT' => '80'
    'SERVER_ADDR' => '127.0.0.9'
    'SERVER_NAME' => '127.0.0.9'
    'SERVER_SOFTWARE' => 'Apache/2.4.10 (Win32) OpenSSL/1.0.1i mod_fcgid/2.3.9'
    'SERVER_SIGNATURE' => ''
    'SystemRoot' => 'C:\\WINDOWS'
    'HTTP_COOKIE' => '_csrf=6b5d675b64155c330917e5016e17966ee377b84c734d48ed4f9619fdae942040a%3A2%3A%7Bi%3A0%3Bs%3A5%3A%22_csrf%22%3Bi%3A1%3Bs%3A32%3A%22JZnISR4083JJpN4OwE4jooOIlivd32-G%22%3B%7D; PHPSESSID=i15ti3qd1f331th0qavb276qh0'
    'HTTP_ACCEPT_LANGUAGE' => 'zh-CN,zh;q=0.8'
    'HTTP_ACCEPT_ENCODING' => 'gzip, deflate, sdch, br'
    'HTTP_REFERER' => 'http://127.0.0.9/emp-demand-release/demand-describe.html?order_id=323'
    'HTTP_ACCEPT' => 'image/webp,image/*,*/*;q=0.8'
    'HTTP_USER_AGENT' => 'Mozilla/5.0 (Windows NT 10.0; WOW64) AppleWebKit/537.36 (KHTML, like Gecko) Chrome/57.0.2987.110 Safari/537.36'
    'HTTP_CONNECTION' => 'close'
    'HTTP_HOST' => '127.0.0.9'
    'HTTP_AUTHORIZATION' => ''
    'REDIRECT_STATUS' => '200'
    'REDIRECT_HTTP_AUTHORIZATION' => ''
    'FCGI_ROLE' => 'RESPONDER'
    'PHP_SELF' => '/index.php'
    'REQUEST_TIME_FLOAT' => 1499086539.9846
    'REQUEST_TIME' => 1499086539
]
2017-07-03 20:57:35 [127.0.0.1][-][i15ti3qd1f331th0qavb276qh0][error][yii\web\HttpException:404] exception 'yii\web\NotFoundHttpException' with message '页面未找到。' in G:\jeendon\vendor\yiisoft\yii2\web\Request.php:190
Stack trace:
#0 G:\jeendon\vendor\yiisoft\yii2\web\Application.php(75): yii\web\Request->resolve()
#1 G:\jeendon\vendor\yiisoft\yii2\base\Application.php(375): yii\web\Application->handleRequest(Object(yii\web\Request))
#2 G:\jeendon\wwwroot\index.php(12): yii\base\Application->run()
#3 {main}
2017-07-03 20:57:35 [127.0.0.1][-][i15ti3qd1f331th0qavb276qh0][info][application] $_COOKIE = [
    '_csrf' => '6b5d675b64155c330917e5016e17966ee377b84c734d48ed4f9619fdae942040a:2:{i:0;s:5:\"_csrf\";i:1;s:32:\"JZnISR4083JJpN4OwE4jooOIlivd32-G\";}'
    'PHPSESSID' => 'i15ti3qd1f331th0qavb276qh0'
]

$_SESSION = [
    '__flash' => []
    '__engineer' => '45'
    'sid.captcha.ylans.cn' => [
        'code' => '3473'
        'time' => 1498977644
    ]
    '__user' => '1'
    '__employer' => '85'
]

$_SERVER = [
    'PATH' => 'C:\\WINDOWS\\system32;C:\\WINDOWS;C:\\WINDOWS\\System32\\Wbem;C:\\WINDOWS\\System32\\WindowsPowerShell\\v1.0\\;D:\\nodejs\\anzhuang\\;D:\\phpStudy\\php55n\\;D:\\svn\\svnserveranzhuang\\bin;D:\\svn\\Tortoisesvnanzhuang\\bin;C:\\Users\\79816\\AppData\\Roaming\\npm;C:\\Users\\79816\\AppData\\Local\\Microsoft\\WindowsApps;D:\\phpStudy\\php55n\\'
    'SYSTEMROOT' => 'C:\\WINDOWS'
    'COMSPEC' => 'C:\\WINDOWS\\system32\\cmd.exe'
    'PATHEXT' => '.COM;.EXE;.BAT;.CMD;.VBS;.VBE;.JS;.JSE;.WSF;.WSH;.MSC'
    'WINDIR' => 'C:\\WINDOWS'
    'PHP_FCGI_MAX_REQUESTS' => '1000'
    'PHPRC' => 'D:/phpStudy/php55n'
    '_FCGI_SHUTDOWN_EVENT_' => '2208'
    'SCRIPT_NAME' => '/index.php'
    'REQUEST_URI' => '/emp-demand-release/images/dpai1.png'
    'QUERY_STRING' => ''
    'REQUEST_METHOD' => 'GET'
    'SERVER_PROTOCOL' => 'HTTP/1.1'
    'GATEWAY_INTERFACE' => 'CGI/1.1'
    'REDIRECT_URL' => '/emp-demand-release/images/dpai1.png'
    'REMOTE_PORT' => '60531'
    'SCRIPT_FILENAME' => 'G:/jeendon/wwwroot/index.php'
    'SERVER_ADMIN' => 'admin@phpStudy.net'
    'CONTEXT_DOCUMENT_ROOT' => 'G:/jeendon/wwwroot'
    'CONTEXT_PREFIX' => ''
    'REQUEST_SCHEME' => 'http'
    'DOCUMENT_ROOT' => 'G:/jeendon/wwwroot'
    'REMOTE_ADDR' => '127.0.0.1'
    'SERVER_PORT' => '80'
    'SERVER_ADDR' => '127.0.0.9'
    'SERVER_NAME' => '127.0.0.9'
    'SERVER_SOFTWARE' => 'Apache/2.4.10 (Win32) OpenSSL/1.0.1i mod_fcgid/2.3.9'
    'SERVER_SIGNATURE' => ''
    'SystemRoot' => 'C:\\WINDOWS'
    'HTTP_COOKIE' => '_csrf=6b5d675b64155c330917e5016e17966ee377b84c734d48ed4f9619fdae942040a%3A2%3A%7Bi%3A0%3Bs%3A5%3A%22_csrf%22%3Bi%3A1%3Bs%3A32%3A%22JZnISR4083JJpN4OwE4jooOIlivd32-G%22%3B%7D; PHPSESSID=i15ti3qd1f331th0qavb276qh0'
    'HTTP_ACCEPT_LANGUAGE' => 'zh-CN,zh;q=0.8'
    'HTTP_ACCEPT_ENCODING' => 'gzip, deflate, sdch, br'
    'HTTP_REFERER' => 'http://127.0.0.9/emp-demand-release/demand-describe.html?order_id=323'
    'HTTP_ACCEPT' => 'image/webp,image/*,*/*;q=0.8'
    'HTTP_USER_AGENT' => 'Mozilla/5.0 (Windows NT 10.0; WOW64) AppleWebKit/537.36 (KHTML, like Gecko) Chrome/57.0.2987.110 Safari/537.36'
    'HTTP_CONNECTION' => 'close'
    'HTTP_HOST' => '127.0.0.9'
    'HTTP_AUTHORIZATION' => ''
    'REDIRECT_STATUS' => '200'
    'REDIRECT_HTTP_AUTHORIZATION' => ''
    'FCGI_ROLE' => 'RESPONDER'
    'PHP_SELF' => '/index.php'
    'REQUEST_TIME_FLOAT' => 1499086655.1787
    'REQUEST_TIME' => 1499086655
]
2017-07-03 20:57:43 [127.0.0.1][-][i15ti3qd1f331th0qavb276qh0][error][yii\web\HttpException:404] exception 'yii\web\NotFoundHttpException' with message '页面未找到。' in G:\jeendon\vendor\yiisoft\yii2\web\Request.php:190
Stack trace:
#0 G:\jeendon\vendor\yiisoft\yii2\web\Application.php(75): yii\web\Request->resolve()
#1 G:\jeendon\vendor\yiisoft\yii2\base\Application.php(375): yii\web\Application->handleRequest(Object(yii\web\Request))
#2 G:\jeendon\wwwroot\index.php(12): yii\base\Application->run()
#3 {main}
2017-07-03 20:57:43 [127.0.0.1][-][i15ti3qd1f331th0qavb276qh0][info][application] $_COOKIE = [
    '_csrf' => '6b5d675b64155c330917e5016e17966ee377b84c734d48ed4f9619fdae942040a:2:{i:0;s:5:\"_csrf\";i:1;s:32:\"JZnISR4083JJpN4OwE4jooOIlivd32-G\";}'
    'PHPSESSID' => 'i15ti3qd1f331th0qavb276qh0'
]

$_SESSION = [
    '__flash' => []
    '__engineer' => '45'
    'sid.captcha.ylans.cn' => [
        'code' => '3473'
        'time' => 1498977644
    ]
    '__user' => '1'
    '__employer' => '85'
]

$_SERVER = [
    'PATH' => 'C:\\WINDOWS\\system32;C:\\WINDOWS;C:\\WINDOWS\\System32\\Wbem;C:\\WINDOWS\\System32\\WindowsPowerShell\\v1.0\\;D:\\nodejs\\anzhuang\\;D:\\phpStudy\\php55n\\;D:\\svn\\svnserveranzhuang\\bin;D:\\svn\\Tortoisesvnanzhuang\\bin;C:\\Users\\79816\\AppData\\Roaming\\npm;C:\\Users\\79816\\AppData\\Local\\Microsoft\\WindowsApps;D:\\phpStudy\\php55n\\'
    'SYSTEMROOT' => 'C:\\WINDOWS'
    'COMSPEC' => 'C:\\WINDOWS\\system32\\cmd.exe'
    'PATHEXT' => '.COM;.EXE;.BAT;.CMD;.VBS;.VBE;.JS;.JSE;.WSF;.WSH;.MSC'
    'WINDIR' => 'C:\\WINDOWS'
    'PHP_FCGI_MAX_REQUESTS' => '1000'
    'PHPRC' => 'D:/phpStudy/php55n'
    '_FCGI_SHUTDOWN_EVENT_' => '2208'
    'SCRIPT_NAME' => '/index.php'
    'REQUEST_URI' => '/emp-demand-release/images/dpai1.png'
    'QUERY_STRING' => ''
    'REQUEST_METHOD' => 'GET'
    'SERVER_PROTOCOL' => 'HTTP/1.1'
    'GATEWAY_INTERFACE' => 'CGI/1.1'
    'REDIRECT_URL' => '/emp-demand-release/images/dpai1.png'
    'REMOTE_PORT' => '60536'
    'SCRIPT_FILENAME' => 'G:/jeendon/wwwroot/index.php'
    'SERVER_ADMIN' => 'admin@phpStudy.net'
    'CONTEXT_DOCUMENT_ROOT' => 'G:/jeendon/wwwroot'
    'CONTEXT_PREFIX' => ''
    'REQUEST_SCHEME' => 'http'
    'DOCUMENT_ROOT' => 'G:/jeendon/wwwroot'
    'REMOTE_ADDR' => '127.0.0.1'
    'SERVER_PORT' => '80'
    'SERVER_ADDR' => '127.0.0.9'
    'SERVER_NAME' => '127.0.0.9'
    'SERVER_SOFTWARE' => 'Apache/2.4.10 (Win32) OpenSSL/1.0.1i mod_fcgid/2.3.9'
    'SERVER_SIGNATURE' => ''
    'SystemRoot' => 'C:\\WINDOWS'
    'HTTP_COOKIE' => '_csrf=6b5d675b64155c330917e5016e17966ee377b84c734d48ed4f9619fdae942040a%3A2%3A%7Bi%3A0%3Bs%3A5%3A%22_csrf%22%3Bi%3A1%3Bs%3A32%3A%22JZnISR4083JJpN4OwE4jooOIlivd32-G%22%3B%7D; PHPSESSID=i15ti3qd1f331th0qavb276qh0'
    'HTTP_ACCEPT_LANGUAGE' => 'zh-CN,zh;q=0.8'
    'HTTP_ACCEPT_ENCODING' => 'gzip, deflate, sdch, br'
    'HTTP_REFERER' => 'http://127.0.0.9/emp-demand-release/demand-describe.html?order_id=323'
    'HTTP_ACCEPT' => 'image/webp,image/*,*/*;q=0.8'
    'HTTP_USER_AGENT' => 'Mozilla/5.0 (Windows NT 10.0; WOW64) AppleWebKit/537.36 (KHTML, like Gecko) Chrome/57.0.2987.110 Safari/537.36'
    'HTTP_CONNECTION' => 'close'
    'HTTP_HOST' => '127.0.0.9'
    'HTTP_AUTHORIZATION' => ''
    'REDIRECT_STATUS' => '200'
    'REDIRECT_HTTP_AUTHORIZATION' => ''
    'FCGI_ROLE' => 'RESPONDER'
    'PHP_SELF' => '/index.php'
    'REQUEST_TIME_FLOAT' => 1499086663.7898
    'REQUEST_TIME' => 1499086663
]
2017-07-03 20:58:36 [127.0.0.1][-][i15ti3qd1f331th0qavb276qh0][error][yii\web\HttpException:404] exception 'yii\web\NotFoundHttpException' with message '页面未找到。' in G:\jeendon\vendor\yiisoft\yii2\web\Request.php:190
Stack trace:
#0 G:\jeendon\vendor\yiisoft\yii2\web\Application.php(75): yii\web\Request->resolve()
#1 G:\jeendon\vendor\yiisoft\yii2\base\Application.php(375): yii\web\Application->handleRequest(Object(yii\web\Request))
#2 G:\jeendon\wwwroot\index.php(12): yii\base\Application->run()
#3 {main}
2017-07-03 20:58:36 [127.0.0.1][-][i15ti3qd1f331th0qavb276qh0][info][application] $_COOKIE = [
    '_csrf' => '6b5d675b64155c330917e5016e17966ee377b84c734d48ed4f9619fdae942040a:2:{i:0;s:5:\"_csrf\";i:1;s:32:\"JZnISR4083JJpN4OwE4jooOIlivd32-G\";}'
    'PHPSESSID' => 'i15ti3qd1f331th0qavb276qh0'
]

$_SESSION = [
    '__flash' => []
    '__engineer' => '45'
    'sid.captcha.ylans.cn' => [
        'code' => '3473'
        'time' => 1498977644
    ]
    '__user' => '1'
    '__employer' => '85'
]

$_SERVER = [
    'PATH' => 'C:\\WINDOWS\\system32;C:\\WINDOWS;C:\\WINDOWS\\System32\\Wbem;C:\\WINDOWS\\System32\\WindowsPowerShell\\v1.0\\;D:\\nodejs\\anzhuang\\;D:\\phpStudy\\php55n\\;D:\\svn\\svnserveranzhuang\\bin;D:\\svn\\Tortoisesvnanzhuang\\bin;C:\\Users\\79816\\AppData\\Roaming\\npm;C:\\Users\\79816\\AppData\\Local\\Microsoft\\WindowsApps;D:\\phpStudy\\php55n\\'
    'SYSTEMROOT' => 'C:\\WINDOWS'
    'COMSPEC' => 'C:\\WINDOWS\\system32\\cmd.exe'
    'PATHEXT' => '.COM;.EXE;.BAT;.CMD;.VBS;.VBE;.JS;.JSE;.WSF;.WSH;.MSC'
    'WINDIR' => 'C:\\WINDOWS'
    'PHP_FCGI_MAX_REQUESTS' => '1000'
    'PHPRC' => 'D:/phpStudy/php55n'
    '_FCGI_SHUTDOWN_EVENT_' => '2208'
    'SCRIPT_NAME' => '/index.php'
    'REQUEST_URI' => '/emp-demand-release/images/dpai1.png'
    'QUERY_STRING' => ''
    'REQUEST_METHOD' => 'GET'
    'SERVER_PROTOCOL' => 'HTTP/1.1'
    'GATEWAY_INTERFACE' => 'CGI/1.1'
    'REDIRECT_URL' => '/emp-demand-release/images/dpai1.png'
    'REMOTE_PORT' => '60543'
    'SCRIPT_FILENAME' => 'G:/jeendon/wwwroot/index.php'
    'SERVER_ADMIN' => 'admin@phpStudy.net'
    'CONTEXT_DOCUMENT_ROOT' => 'G:/jeendon/wwwroot'
    'CONTEXT_PREFIX' => ''
    'REQUEST_SCHEME' => 'http'
    'DOCUMENT_ROOT' => 'G:/jeendon/wwwroot'
    'REMOTE_ADDR' => '127.0.0.1'
    'SERVER_PORT' => '80'
    'SERVER_ADDR' => '127.0.0.9'
    'SERVER_NAME' => '127.0.0.9'
    'SERVER_SOFTWARE' => 'Apache/2.4.10 (Win32) OpenSSL/1.0.1i mod_fcgid/2.3.9'
    'SERVER_SIGNATURE' => ''
    'SystemRoot' => 'C:\\WINDOWS'
    'HTTP_COOKIE' => '_csrf=6b5d675b64155c330917e5016e17966ee377b84c734d48ed4f9619fdae942040a%3A2%3A%7Bi%3A0%3Bs%3A5%3A%22_csrf%22%3Bi%3A1%3Bs%3A32%3A%22JZnISR4083JJpN4OwE4jooOIlivd32-G%22%3B%7D; PHPSESSID=i15ti3qd1f331th0qavb276qh0'
    'HTTP_ACCEPT_LANGUAGE' => 'zh-CN,zh;q=0.8'
    'HTTP_ACCEPT_ENCODING' => 'gzip, deflate, sdch, br'
    'HTTP_REFERER' => 'http://127.0.0.9/emp-demand-release/demand-describe.html?order_id=323'
    'HTTP_ACCEPT' => 'image/webp,image/*,*/*;q=0.8'
    'HTTP_USER_AGENT' => 'Mozilla/5.0 (Windows NT 10.0; WOW64) AppleWebKit/537.36 (KHTML, like Gecko) Chrome/57.0.2987.110 Safari/537.36'
    'HTTP_CONNECTION' => 'close'
    'HTTP_HOST' => '127.0.0.9'
    'HTTP_AUTHORIZATION' => ''
    'REDIRECT_STATUS' => '200'
    'REDIRECT_HTTP_AUTHORIZATION' => ''
    'FCGI_ROLE' => 'RESPONDER'
    'PHP_SELF' => '/index.php'
    'REQUEST_TIME_FLOAT' => 1499086716.569
    'REQUEST_TIME' => 1499086716
]
2017-07-03 21:05:06 [127.0.0.1][-][i15ti3qd1f331th0qavb276qh0][error][yii\web\HttpException:404] exception 'yii\web\NotFoundHttpException' with message '页面未找到。' in G:\jeendon\vendor\yiisoft\yii2\web\Request.php:190
Stack trace:
#0 G:\jeendon\vendor\yiisoft\yii2\web\Application.php(75): yii\web\Request->resolve()
#1 G:\jeendon\vendor\yiisoft\yii2\base\Application.php(375): yii\web\Application->handleRequest(Object(yii\web\Request))
#2 G:\jeendon\wwwroot\index.php(12): yii\base\Application->run()
#3 {main}
2017-07-03 21:05:06 [127.0.0.1][-][i15ti3qd1f331th0qavb276qh0][info][application] $_COOKIE = [
    '_csrf' => '6b5d675b64155c330917e5016e17966ee377b84c734d48ed4f9619fdae942040a:2:{i:0;s:5:\"_csrf\";i:1;s:32:\"JZnISR4083JJpN4OwE4jooOIlivd32-G\";}'
    'PHPSESSID' => 'i15ti3qd1f331th0qavb276qh0'
]

$_SESSION = [
    '__flash' => []
    '__engineer' => '45'
    'sid.captcha.ylans.cn' => [
        'code' => '3473'
        'time' => 1498977644
    ]
    '__user' => '1'
    '__employer' => '85'
]

$_SERVER = [
    'PATH' => 'C:\\WINDOWS\\system32;C:\\WINDOWS;C:\\WINDOWS\\System32\\Wbem;C:\\WINDOWS\\System32\\WindowsPowerShell\\v1.0\\;D:\\nodejs\\anzhuang\\;D:\\phpStudy\\php55n\\;D:\\svn\\svnserveranzhuang\\bin;D:\\svn\\Tortoisesvnanzhuang\\bin;C:\\Users\\79816\\AppData\\Roaming\\npm;C:\\Users\\79816\\AppData\\Local\\Microsoft\\WindowsApps;D:\\phpStudy\\php55n\\'
    'SYSTEMROOT' => 'C:\\WINDOWS'
    'COMSPEC' => 'C:\\WINDOWS\\system32\\cmd.exe'
    'PATHEXT' => '.COM;.EXE;.BAT;.CMD;.VBS;.VBE;.JS;.JSE;.WSF;.WSH;.MSC'
    'WINDIR' => 'C:\\WINDOWS'
    'PHP_FCGI_MAX_REQUESTS' => '1000'
    'PHPRC' => 'D:/phpStudy/php55n'
    '_FCGI_SHUTDOWN_EVENT_' => '2208'
    'SCRIPT_NAME' => '/index.php'
    'REQUEST_URI' => '/emp-demand-release/images/dpai1.png'
    'QUERY_STRING' => ''
    'REQUEST_METHOD' => 'GET'
    'SERVER_PROTOCOL' => 'HTTP/1.1'
    'GATEWAY_INTERFACE' => 'CGI/1.1'
    'REDIRECT_URL' => '/emp-demand-release/images/dpai1.png'
    'REMOTE_PORT' => '60818'
    'SCRIPT_FILENAME' => 'G:/jeendon/wwwroot/index.php'
    'SERVER_ADMIN' => 'admin@phpStudy.net'
    'CONTEXT_DOCUMENT_ROOT' => 'G:/jeendon/wwwroot'
    'CONTEXT_PREFIX' => ''
    'REQUEST_SCHEME' => 'http'
    'DOCUMENT_ROOT' => 'G:/jeendon/wwwroot'
    'REMOTE_ADDR' => '127.0.0.1'
    'SERVER_PORT' => '80'
    'SERVER_ADDR' => '127.0.0.9'
    'SERVER_NAME' => '127.0.0.9'
    'SERVER_SOFTWARE' => 'Apache/2.4.10 (Win32) OpenSSL/1.0.1i mod_fcgid/2.3.9'
    'SERVER_SIGNATURE' => ''
    'SystemRoot' => 'C:\\WINDOWS'
    'HTTP_COOKIE' => '_csrf=6b5d675b64155c330917e5016e17966ee377b84c734d48ed4f9619fdae942040a%3A2%3A%7Bi%3A0%3Bs%3A5%3A%22_csrf%22%3Bi%3A1%3Bs%3A32%3A%22JZnISR4083JJpN4OwE4jooOIlivd32-G%22%3B%7D; PHPSESSID=i15ti3qd1f331th0qavb276qh0'
    'HTTP_ACCEPT_LANGUAGE' => 'zh-CN,zh;q=0.8'
    'HTTP_ACCEPT_ENCODING' => 'gzip, deflate, sdch, br'
    'HTTP_REFERER' => 'http://127.0.0.9/emp-demand-release/demand-describe.html?order_id=323'
    'HTTP_ACCEPT' => 'image/webp,image/*,*/*;q=0.8'
    'HTTP_USER_AGENT' => 'Mozilla/5.0 (Windows NT 10.0; WOW64) AppleWebKit/537.36 (KHTML, like Gecko) Chrome/57.0.2987.110 Safari/537.36'
    'HTTP_CONNECTION' => 'close'
    'HTTP_HOST' => '127.0.0.9'
    'HTTP_AUTHORIZATION' => ''
    'REDIRECT_STATUS' => '200'
    'REDIRECT_HTTP_AUTHORIZATION' => ''
    'FCGI_ROLE' => 'RESPONDER'
    'PHP_SELF' => '/index.php'
    'REQUEST_TIME_FLOAT' => 1499087106.8622
    'REQUEST_TIME' => 1499087106
]
