2017-05-31 21:54:40 [127.0.0.1][-][ut4bjochoo2a8ap93rpl4jdbk2][error][yii\base\ErrorException:1] exception 'yii\base\ErrorException' with message 'Call to undefined function app\controllers\rount()' in G:\jeendon\controllers\TaskHallController.php:312
Stack trace:
#0 [internal function]: yii\base\ErrorHandler->handleFatalError()
#1 {main}
2017-05-31 21:54:40 [127.0.0.1][-][ut4bjochoo2a8ap93rpl4jdbk2][info][application] $_POST = [
    '_csrf' => 'VEZiTWlCbFRgMxo0IxYIOSwhNyxZCRs3HDcsOQ5wNiMXLjU0WCUnYA=='
    'task_id' => '172'
    'offer_money_eng' => '1200'
    'offer_money' => '1714元（该费用包含平台服务费）'
    'offer_cycle' => '12'
    'yzm' => '4614'
]

$_COOKIE = [
    '__engineer_identity' => '86ce5e29522e9554c9b846be81362f41241f14632b2f9dad34b4cf724c9d3947a:2:{i:0;s:19:\"__engineer_identity\";i:1;s:19:\"[\"31\",null,2592000]\";}'
    'PHPSESSID' => 'ut4bjochoo2a8ap93rpl4jdbk2'
    '_csrf' => '939abeaeb00882df42866a10013d48450fb62ddd57508bb660845cdab6829dbca:2:{i:0;s:5:\"_csrf\";i:1;s:32:\"4uxyJTdmxgUa0KwcHqNtg2ZwChWy1gK4\";}'
    '__user_identity' => '1ef6796baa2d0be517468dc633616033c5df5a1e59ef1b6cbe455c2690eb0873a:2:{i:0;s:15:\"__user_identity\";i:1;s:16:\"[\"1\",\"\",2592000]\";}'
]

$_SESSION = [
    '__flash' => []
    '__engineer' => '31'
    'sid.captcha.ylans.cn' => [
        'code' => '4614'
        'time' => 1496238866
    ]
    '__user' => '1'
]

$_SERVER = [
    'PATH' => 'C:\\WINDOWS\\system32;C:\\WINDOWS;C:\\WINDOWS\\System32\\Wbem;C:\\WINDOWS\\System32\\WindowsPowerShell\\v1.0\\;D:\\nodejs\\anzhuang\\;D:\\phpStudy\\php55n\\;D:\\svn\\svnserveranzhuang\\bin;D:\\svn\\Tortoisesvnanzhuang\\bin;C:\\Users\\79816\\AppData\\Roaming\\npm;C:\\Users\\79816\\AppData\\Local\\Microsoft\\WindowsApps;D:\\phpStudy\\php55n\\'
    'SYSTEMROOT' => 'C:\\WINDOWS'
    'COMSPEC' => 'C:\\WINDOWS\\system32\\cmd.exe'
    'PATHEXT' => '.COM;.EXE;.BAT;.CMD;.VBS;.VBE;.JS;.JSE;.WSF;.WSH;.MSC'
    'WINDIR' => 'C:\\WINDOWS'
    'PHP_FCGI_MAX_REQUESTS' => '1000'
    'PHPRC' => 'D:/phpStudy/php55n'
    '_FCGI_SHUTDOWN_EVENT_' => '2232'
    'SCRIPT_NAME' => '/index.php'
    'REQUEST_URI' => '/task-hall/engineer-offer-new.html'
    'QUERY_STRING' => ''
    'REQUEST_METHOD' => 'POST'
    'SERVER_PROTOCOL' => 'HTTP/1.1'
    'GATEWAY_INTERFACE' => 'CGI/1.1'
    'REDIRECT_URL' => '/task-hall/engineer-offer-new.html'
    'REMOTE_PORT' => '53990'
    'SCRIPT_FILENAME' => 'G:/jeendon/wwwroot/index.php'
    'SERVER_ADMIN' => 'admin@phpStudy.net'
    'CONTEXT_DOCUMENT_ROOT' => 'G:/jeendon/wwwroot'
    'CONTEXT_PREFIX' => ''
    'REQUEST_SCHEME' => 'http'
    'DOCUMENT_ROOT' => 'G:/jeendon/wwwroot'
    'REMOTE_ADDR' => '127.0.0.1'
    'SERVER_PORT' => '80'
    'SERVER_ADDR' => '127.0.0.9'
    'SERVER_NAME' => '127.0.0.9'
    'SERVER_SOFTWARE' => 'Apache/2.4.10 (Win32) OpenSSL/1.0.1i mod_fcgid/2.3.9'
    'SERVER_SIGNATURE' => ''
    'SystemRoot' => 'C:\\WINDOWS'
    'HTTP_UPGRADE_INSECURE_REQUESTS' => '1'
    'HTTP_CONNECTION' => 'close'
    'HTTP_COOKIE' => '__engineer_identity=86ce5e29522e9554c9b846be81362f41241f14632b2f9dad34b4cf724c9d3947a%3A2%3A%7Bi%3A0%3Bs%3A19%3A%22__engineer_identity%22%3Bi%3A1%3Bs%3A19%3A%22%5B%2231%22%2Cnull%2C2592000%5D%22%3B%7D; PHPSESSID=ut4bjochoo2a8ap93rpl4jdbk2; _csrf=939abeaeb00882df42866a10013d48450fb62ddd57508bb660845cdab6829dbca%3A2%3A%7Bi%3A0%3Bs%3A5%3A%22_csrf%22%3Bi%3A1%3Bs%3A32%3A%224uxyJTdmxgUa0KwcHqNtg2ZwChWy1gK4%22%3B%7D; __user_identity=1ef6796baa2d0be517468dc633616033c5df5a1e59ef1b6cbe455c2690eb0873a%3A2%3A%7Bi%3A0%3Bs%3A15%3A%22__user_identity%22%3Bi%3A1%3Bs%3A16%3A%22%5B%221%22%2C%22%22%2C2592000%5D%22%3B%7D'
    'HTTP_REFERER' => 'http://127.0.0.9/task-hall/hall-detail.html?task_id=172'
    'CONTENT_LENGTH' => '257'
    'CONTENT_TYPE' => 'application/x-www-form-urlencoded'
    'HTTP_ACCEPT_ENCODING' => 'gzip, deflate'
    'HTTP_ACCEPT_LANGUAGE' => 'zh-CN,zh;q=0.8,en-US;q=0.5,en;q=0.3'
    'HTTP_ACCEPT' => 'text/html,application/xhtml+xml,application/xml;q=0.9,*/*;q=0.8'
    'HTTP_USER_AGENT' => 'Mozilla/5.0 (Windows NT 10.0; WOW64; rv:53.0) Gecko/20100101 Firefox/53.0'
    'HTTP_HOST' => '127.0.0.9'
    'HTTP_AUTHORIZATION' => ''
    'REDIRECT_STATUS' => '200'
    'REDIRECT_HTTP_AUTHORIZATION' => ''
    'FCGI_ROLE' => 'RESPONDER'
    'PHP_SELF' => '/index.php'
    'REQUEST_TIME_FLOAT' => 1496238880.0578
    'REQUEST_TIME' => 1496238880
]
2017-05-31 21:55:26 [127.0.0.1][-][ut4bjochoo2a8ap93rpl4jdbk2][error][yii\base\InvalidParamException] exception 'yii\base\InvalidParamException' with message 'app\models\Offer has no attribute named "offerorder_add_time".' in G:\jeendon\vendor\yiisoft\yii2\db\BaseActiveRecord.php:450
Stack trace:
#0 G:\jeendon\controllers\TaskHallController.php(313): yii\db\BaseActiveRecord->setAttribute('offerorder_add_...', 1496238926)
#1 [internal function]: app\controllers\TaskHallController->actionEngineerOfferNew()
#2 G:\jeendon\vendor\yiisoft\yii2\base\InlineAction.php(55): call_user_func_array(Array, Array)
#3 G:\jeendon\vendor\yiisoft\yii2\base\Controller.php(151): yii\base\InlineAction->runWithParams(Array)
#4 G:\jeendon\vendor\yiisoft\yii2\base\Module.php(455): yii\base\Controller->runAction('engineer-offer-...', Array)
#5 G:\jeendon\vendor\yiisoft\yii2\web\Application.php(84): yii\base\Module->runAction('task-hall/engin...', Array)
#6 G:\jeendon\vendor\yiisoft\yii2\base\Application.php(375): yii\web\Application->handleRequest(Object(yii\web\Request))
#7 G:\jeendon\wwwroot\index.php(12): yii\base\Application->run()
#8 {main}
2017-05-31 21:55:25 [127.0.0.1][-][ut4bjochoo2a8ap93rpl4jdbk2][info][application] $_POST = [
    '_csrf' => 'eXNHazJsZ2NNBj8SeDgDDgEUEgoCJxAAMQIJH1VePRQ6GxASAwssVw=='
    'task_id' => '172'
    'offer_money_eng' => '12000'
    'offer_money' => '17143元（该费用包含平台服务费）'
    'offer_cycle' => '12'
    'yzm' => '6283'
]

$_COOKIE = [
    '__engineer_identity' => '86ce5e29522e9554c9b846be81362f41241f14632b2f9dad34b4cf724c9d3947a:2:{i:0;s:19:\"__engineer_identity\";i:1;s:19:\"[\"31\",null,2592000]\";}'
    'PHPSESSID' => 'ut4bjochoo2a8ap93rpl4jdbk2'
    '_csrf' => '939abeaeb00882df42866a10013d48450fb62ddd57508bb660845cdab6829dbca:2:{i:0;s:5:\"_csrf\";i:1;s:32:\"4uxyJTdmxgUa0KwcHqNtg2ZwChWy1gK4\";}'
    '__user_identity' => '1ef6796baa2d0be517468dc633616033c5df5a1e59ef1b6cbe455c2690eb0873a:2:{i:0;s:15:\"__user_identity\";i:1;s:16:\"[\"1\",\"\",2592000]\";}'
]

$_SESSION = [
    '__flash' => []
    '__engineer' => '31'
    'sid.captcha.ylans.cn' => [
        'code' => '6283'
        'time' => 1496238917
    ]
    '__user' => '1'
]

$_SERVER = [
    'PATH' => 'C:\\WINDOWS\\system32;C:\\WINDOWS;C:\\WINDOWS\\System32\\Wbem;C:\\WINDOWS\\System32\\WindowsPowerShell\\v1.0\\;D:\\nodejs\\anzhuang\\;D:\\phpStudy\\php55n\\;D:\\svn\\svnserveranzhuang\\bin;D:\\svn\\Tortoisesvnanzhuang\\bin;C:\\Users\\79816\\AppData\\Roaming\\npm;C:\\Users\\79816\\AppData\\Local\\Microsoft\\WindowsApps;D:\\phpStudy\\php55n\\'
    'SYSTEMROOT' => 'C:\\WINDOWS'
    'COMSPEC' => 'C:\\WINDOWS\\system32\\cmd.exe'
    'PATHEXT' => '.COM;.EXE;.BAT;.CMD;.VBS;.VBE;.JS;.JSE;.WSF;.WSH;.MSC'
    'WINDIR' => 'C:\\WINDOWS'
    'PHP_FCGI_MAX_REQUESTS' => '1000'
    'PHPRC' => 'D:/phpStudy/php55n'
    '_FCGI_SHUTDOWN_EVENT_' => '2232'
    'SCRIPT_NAME' => '/index.php'
    'REQUEST_URI' => '/task-hall/engineer-offer-new.html'
    'QUERY_STRING' => ''
    'REQUEST_METHOD' => 'POST'
    'SERVER_PROTOCOL' => 'HTTP/1.1'
    'GATEWAY_INTERFACE' => 'CGI/1.1'
    'REDIRECT_URL' => '/task-hall/engineer-offer-new.html'
    'REMOTE_PORT' => '54002'
    'SCRIPT_FILENAME' => 'G:/jeendon/wwwroot/index.php'
    'SERVER_ADMIN' => 'admin@phpStudy.net'
    'CONTEXT_DOCUMENT_ROOT' => 'G:/jeendon/wwwroot'
    'CONTEXT_PREFIX' => ''
    'REQUEST_SCHEME' => 'http'
    'DOCUMENT_ROOT' => 'G:/jeendon/wwwroot'
    'REMOTE_ADDR' => '127.0.0.1'
    'SERVER_PORT' => '80'
    'SERVER_ADDR' => '127.0.0.9'
    'SERVER_NAME' => '127.0.0.9'
    'SERVER_SOFTWARE' => 'Apache/2.4.10 (Win32) OpenSSL/1.0.1i mod_fcgid/2.3.9'
    'SERVER_SIGNATURE' => ''
    'SystemRoot' => 'C:\\WINDOWS'
    'HTTP_UPGRADE_INSECURE_REQUESTS' => '1'
    'HTTP_CONNECTION' => 'close'
    'HTTP_COOKIE' => '__engineer_identity=86ce5e29522e9554c9b846be81362f41241f14632b2f9dad34b4cf724c9d3947a%3A2%3A%7Bi%3A0%3Bs%3A19%3A%22__engineer_identity%22%3Bi%3A1%3Bs%3A19%3A%22%5B%2231%22%2Cnull%2C2592000%5D%22%3B%7D; PHPSESSID=ut4bjochoo2a8ap93rpl4jdbk2; _csrf=939abeaeb00882df42866a10013d48450fb62ddd57508bb660845cdab6829dbca%3A2%3A%7Bi%3A0%3Bs%3A5%3A%22_csrf%22%3Bi%3A1%3Bs%3A32%3A%224uxyJTdmxgUa0KwcHqNtg2ZwChWy1gK4%22%3B%7D; __user_identity=1ef6796baa2d0be517468dc633616033c5df5a1e59ef1b6cbe455c2690eb0873a%3A2%3A%7Bi%3A0%3Bs%3A15%3A%22__user_identity%22%3Bi%3A1%3Bs%3A16%3A%22%5B%221%22%2C%22%22%2C2592000%5D%22%3B%7D'
    'HTTP_REFERER' => 'http://127.0.0.9/task-hall/hall-detail.html?task_id=172'
    'CONTENT_LENGTH' => '259'
    'CONTENT_TYPE' => 'application/x-www-form-urlencoded'
    'HTTP_ACCEPT_ENCODING' => 'gzip, deflate'
    'HTTP_ACCEPT_LANGUAGE' => 'zh-CN,zh;q=0.8,en-US;q=0.5,en;q=0.3'
    'HTTP_ACCEPT' => 'text/html,application/xhtml+xml,application/xml;q=0.9,*/*;q=0.8'
    'HTTP_USER_AGENT' => 'Mozilla/5.0 (Windows NT 10.0; WOW64; rv:53.0) Gecko/20100101 Firefox/53.0'
    'HTTP_HOST' => '127.0.0.9'
    'HTTP_AUTHORIZATION' => ''
    'REDIRECT_STATUS' => '200'
    'REDIRECT_HTTP_AUTHORIZATION' => ''
    'FCGI_ROLE' => 'RESPONDER'
    'PHP_SELF' => '/index.php'
    'REQUEST_TIME_FLOAT' => 1496238925.9788
    'REQUEST_TIME' => 1496238925
]
2017-05-31 21:56:05 [127.0.0.1][-][ut4bjochoo2a8ap93rpl4jdbk2][error][yii\base\ErrorException:2] exception 'yii\base\ErrorException' with message 'Illegal string offset 'task_id'' in G:\jeendon\controllers\TaskHallController.php:315
Stack trace:
#0 G:\jeendon\controllers\TaskHallController.php(315): yii\base\ErrorHandler->handleError(2, 'Illegal string ...', 'G:\\jeendon\\cont...', 315, Array)
#1 [internal function]: app\controllers\TaskHallController->actionEngineerOfferNew()
#2 G:\jeendon\vendor\yiisoft\yii2\base\InlineAction.php(55): call_user_func_array(Array, Array)
#3 G:\jeendon\vendor\yiisoft\yii2\base\Controller.php(151): yii\base\InlineAction->runWithParams(Array)
#4 G:\jeendon\vendor\yiisoft\yii2\base\Module.php(455): yii\base\Controller->runAction('engineer-offer-...', Array)
#5 G:\jeendon\vendor\yiisoft\yii2\web\Application.php(84): yii\base\Module->runAction('task-hall/engin...', Array)
#6 G:\jeendon\vendor\yiisoft\yii2\base\Application.php(375): yii\web\Application->handleRequest(Object(yii\web\Request))
#7 G:\jeendon\wwwroot\index.php(12): yii\base\Application->run()
#8 {main}
2017-05-31 21:56:05 [127.0.0.1][-][ut4bjochoo2a8ap93rpl4jdbk2][info][application] $_POST = [
    '_csrf' => 'dnExT3lRTGRCBEk2MwUoCQ4WZC5JGjsHPgB/Ox5jFhM1GWY2SDYHUA=='
    'task_id' => '172'
    'offer_money_eng' => '1200'
    'offer_money' => '1714元（该费用包含平台服务费）'
    'offer_cycle' => '12'
    'yzm' => '9527'
]

$_COOKIE = [
    '__engineer_identity' => '86ce5e29522e9554c9b846be81362f41241f14632b2f9dad34b4cf724c9d3947a:2:{i:0;s:19:\"__engineer_identity\";i:1;s:19:\"[\"31\",null,2592000]\";}'
    'PHPSESSID' => 'ut4bjochoo2a8ap93rpl4jdbk2'
    '_csrf' => '939abeaeb00882df42866a10013d48450fb62ddd57508bb660845cdab6829dbca:2:{i:0;s:5:\"_csrf\";i:1;s:32:\"4uxyJTdmxgUa0KwcHqNtg2ZwChWy1gK4\";}'
    '__user_identity' => '1ef6796baa2d0be517468dc633616033c5df5a1e59ef1b6cbe455c2690eb0873a:2:{i:0;s:15:\"__user_identity\";i:1;s:16:\"[\"1\",\"\",2592000]\";}'
]

$_SESSION = [
    '__flash' => []
    '__engineer' => '31'
    'sid.captcha.ylans.cn' => [
        'code' => '9527'
        'time' => 1496238952
    ]
    '__user' => '1'
]

$_SERVER = [
    'PATH' => 'C:\\WINDOWS\\system32;C:\\WINDOWS;C:\\WINDOWS\\System32\\Wbem;C:\\WINDOWS\\System32\\WindowsPowerShell\\v1.0\\;D:\\nodejs\\anzhuang\\;D:\\phpStudy\\php55n\\;D:\\svn\\svnserveranzhuang\\bin;D:\\svn\\Tortoisesvnanzhuang\\bin;C:\\Users\\79816\\AppData\\Roaming\\npm;C:\\Users\\79816\\AppData\\Local\\Microsoft\\WindowsApps;D:\\phpStudy\\php55n\\'
    'SYSTEMROOT' => 'C:\\WINDOWS'
    'COMSPEC' => 'C:\\WINDOWS\\system32\\cmd.exe'
    'PATHEXT' => '.COM;.EXE;.BAT;.CMD;.VBS;.VBE;.JS;.JSE;.WSF;.WSH;.MSC'
    'WINDIR' => 'C:\\WINDOWS'
    'PHP_FCGI_MAX_REQUESTS' => '1000'
    'PHPRC' => 'D:/phpStudy/php55n'
    '_FCGI_SHUTDOWN_EVENT_' => '2232'
    'SCRIPT_NAME' => '/index.php'
    'REQUEST_URI' => '/task-hall/engineer-offer-new.html'
    'QUERY_STRING' => ''
    'REQUEST_METHOD' => 'POST'
    'SERVER_PROTOCOL' => 'HTTP/1.1'
    'GATEWAY_INTERFACE' => 'CGI/1.1'
    'REDIRECT_URL' => '/task-hall/engineer-offer-new.html'
    'REMOTE_PORT' => '54019'
    'SCRIPT_FILENAME' => 'G:/jeendon/wwwroot/index.php'
    'SERVER_ADMIN' => 'admin@phpStudy.net'
    'CONTEXT_DOCUMENT_ROOT' => 'G:/jeendon/wwwroot'
    'CONTEXT_PREFIX' => ''
    'REQUEST_SCHEME' => 'http'
    'DOCUMENT_ROOT' => 'G:/jeendon/wwwroot'
    'REMOTE_ADDR' => '127.0.0.1'
    'SERVER_PORT' => '80'
    'SERVER_ADDR' => '127.0.0.9'
    'SERVER_NAME' => '127.0.0.9'
    'SERVER_SOFTWARE' => 'Apache/2.4.10 (Win32) OpenSSL/1.0.1i mod_fcgid/2.3.9'
    'SERVER_SIGNATURE' => ''
    'SystemRoot' => 'C:\\WINDOWS'
    'HTTP_UPGRADE_INSECURE_REQUESTS' => '1'
    'HTTP_CONNECTION' => 'close'
    'HTTP_COOKIE' => '__engineer_identity=86ce5e29522e9554c9b846be81362f41241f14632b2f9dad34b4cf724c9d3947a%3A2%3A%7Bi%3A0%3Bs%3A19%3A%22__engineer_identity%22%3Bi%3A1%3Bs%3A19%3A%22%5B%2231%22%2Cnull%2C2592000%5D%22%3B%7D; PHPSESSID=ut4bjochoo2a8ap93rpl4jdbk2; _csrf=939abeaeb00882df42866a10013d48450fb62ddd57508bb660845cdab6829dbca%3A2%3A%7Bi%3A0%3Bs%3A5%3A%22_csrf%22%3Bi%3A1%3Bs%3A32%3A%224uxyJTdmxgUa0KwcHqNtg2ZwChWy1gK4%22%3B%7D; __user_identity=1ef6796baa2d0be517468dc633616033c5df5a1e59ef1b6cbe455c2690eb0873a%3A2%3A%7Bi%3A0%3Bs%3A15%3A%22__user_identity%22%3Bi%3A1%3Bs%3A16%3A%22%5B%221%22%2C%22%22%2C2592000%5D%22%3B%7D'
    'HTTP_REFERER' => 'http://127.0.0.9/task-hall/hall-detail.html?task_id=172'
    'CONTENT_LENGTH' => '259'
    'CONTENT_TYPE' => 'application/x-www-form-urlencoded'
    'HTTP_ACCEPT_ENCODING' => 'gzip, deflate'
    'HTTP_ACCEPT_LANGUAGE' => 'zh-CN,zh;q=0.8,en-US;q=0.5,en;q=0.3'
    'HTTP_ACCEPT' => 'text/html,application/xhtml+xml,application/xml;q=0.9,*/*;q=0.8'
    'HTTP_USER_AGENT' => 'Mozilla/5.0 (Windows NT 10.0; WOW64; rv:53.0) Gecko/20100101 Firefox/53.0'
    'HTTP_HOST' => '127.0.0.9'
    'HTTP_AUTHORIZATION' => ''
    'REDIRECT_STATUS' => '200'
    'REDIRECT_HTTP_AUTHORIZATION' => ''
    'FCGI_ROLE' => 'RESPONDER'
    'PHP_SELF' => '/index.php'
    'REQUEST_TIME_FLOAT' => 1496238965.4333
    'REQUEST_TIME' => 1496238965
]
2017-05-31 21:57:18 [127.0.0.1][-][ut4bjochoo2a8ap93rpl4jdbk2][error][yii\base\ErrorException:2] exception 'yii\base\ErrorException' with message 'Illegal string offset 'offer_money_eng'' in G:\jeendon\controllers\TaskHallController.php:316
Stack trace:
#0 G:\jeendon\controllers\TaskHallController.php(316): yii\base\ErrorHandler->handleError(2, 'Illegal string ...', 'G:\\jeendon\\cont...', 316, Array)
#1 [internal function]: app\controllers\TaskHallController->actionEngineerOfferNew()
#2 G:\jeendon\vendor\yiisoft\yii2\base\InlineAction.php(55): call_user_func_array(Array, Array)
#3 G:\jeendon\vendor\yiisoft\yii2\base\Controller.php(151): yii\base\InlineAction->runWithParams(Array)
#4 G:\jeendon\vendor\yiisoft\yii2\base\Module.php(455): yii\base\Controller->runAction('engineer-offer-...', Array)
#5 G:\jeendon\vendor\yiisoft\yii2\web\Application.php(84): yii\base\Module->runAction('task-hall/engin...', Array)
#6 G:\jeendon\vendor\yiisoft\yii2\base\Application.php(375): yii\web\Application->handleRequest(Object(yii\web\Request))
#7 G:\jeendon\wwwroot\index.php(12): yii\base\Application->run()
#8 {main}
2017-05-31 21:57:18 [127.0.0.1][-][ut4bjochoo2a8ap93rpl4jdbk2][info][application] $_POST = [
    '_csrf' => 'bml1NHJhcDBaHA1NODUUXRYOIFVCKgdTJhg7QBVTKkctASJNQwY7BA=='
    'task_id' => '172'
    'offer_money_eng' => '10000'
    'offer_money' => '14286元（该费用包含平台服务费）'
    'offer_cycle' => '12'
    'yzm' => '3672'
]

$_COOKIE = [
    '__engineer_identity' => '86ce5e29522e9554c9b846be81362f41241f14632b2f9dad34b4cf724c9d3947a:2:{i:0;s:19:\"__engineer_identity\";i:1;s:19:\"[\"31\",null,2592000]\";}'
    'PHPSESSID' => 'ut4bjochoo2a8ap93rpl4jdbk2'
    '_csrf' => '939abeaeb00882df42866a10013d48450fb62ddd57508bb660845cdab6829dbca:2:{i:0;s:5:\"_csrf\";i:1;s:32:\"4uxyJTdmxgUa0KwcHqNtg2ZwChWy1gK4\";}'
    '__user_identity' => '1ef6796baa2d0be517468dc633616033c5df5a1e59ef1b6cbe455c2690eb0873a:2:{i:0;s:15:\"__user_identity\";i:1;s:16:\"[\"1\",\"\",2592000]\";}'
]

$_SESSION = [
    '__flash' => []
    '__engineer' => '31'
    'sid.captcha.ylans.cn' => [
        'code' => '3672'
        'time' => 1496239024
    ]
    '__user' => '1'
]

$_SERVER = [
    'PATH' => 'C:\\WINDOWS\\system32;C:\\WINDOWS;C:\\WINDOWS\\System32\\Wbem;C:\\WINDOWS\\System32\\WindowsPowerShell\\v1.0\\;D:\\nodejs\\anzhuang\\;D:\\phpStudy\\php55n\\;D:\\svn\\svnserveranzhuang\\bin;D:\\svn\\Tortoisesvnanzhuang\\bin;C:\\Users\\79816\\AppData\\Roaming\\npm;C:\\Users\\79816\\AppData\\Local\\Microsoft\\WindowsApps;D:\\phpStudy\\php55n\\'
    'SYSTEMROOT' => 'C:\\WINDOWS'
    'COMSPEC' => 'C:\\WINDOWS\\system32\\cmd.exe'
    'PATHEXT' => '.COM;.EXE;.BAT;.CMD;.VBS;.VBE;.JS;.JSE;.WSF;.WSH;.MSC'
    'WINDIR' => 'C:\\WINDOWS'
    'PHP_FCGI_MAX_REQUESTS' => '1000'
    'PHPRC' => 'D:/phpStudy/php55n'
    '_FCGI_SHUTDOWN_EVENT_' => '2232'
    'SCRIPT_NAME' => '/index.php'
    'REQUEST_URI' => '/task-hall/engineer-offer-new.html'
    'QUERY_STRING' => ''
    'REQUEST_METHOD' => 'POST'
    'SERVER_PROTOCOL' => 'HTTP/1.1'
    'GATEWAY_INTERFACE' => 'CGI/1.1'
    'REDIRECT_URL' => '/task-hall/engineer-offer-new.html'
    'REMOTE_PORT' => '54035'
    'SCRIPT_FILENAME' => 'G:/jeendon/wwwroot/index.php'
    'SERVER_ADMIN' => 'admin@phpStudy.net'
    'CONTEXT_DOCUMENT_ROOT' => 'G:/jeendon/wwwroot'
    'CONTEXT_PREFIX' => ''
    'REQUEST_SCHEME' => 'http'
    'DOCUMENT_ROOT' => 'G:/jeendon/wwwroot'
    'REMOTE_ADDR' => '127.0.0.1'
    'SERVER_PORT' => '80'
    'SERVER_ADDR' => '127.0.0.9'
    'SERVER_NAME' => '127.0.0.9'
    'SERVER_SOFTWARE' => 'Apache/2.4.10 (Win32) OpenSSL/1.0.1i mod_fcgid/2.3.9'
    'SERVER_SIGNATURE' => ''
    'SystemRoot' => 'C:\\WINDOWS'
    'HTTP_UPGRADE_INSECURE_REQUESTS' => '1'
    'HTTP_CONNECTION' => 'close'
    'HTTP_COOKIE' => '__engineer_identity=86ce5e29522e9554c9b846be81362f41241f14632b2f9dad34b4cf724c9d3947a%3A2%3A%7Bi%3A0%3Bs%3A19%3A%22__engineer_identity%22%3Bi%3A1%3Bs%3A19%3A%22%5B%2231%22%2Cnull%2C2592000%5D%22%3B%7D; PHPSESSID=ut4bjochoo2a8ap93rpl4jdbk2; _csrf=939abeaeb00882df42866a10013d48450fb62ddd57508bb660845cdab6829dbca%3A2%3A%7Bi%3A0%3Bs%3A5%3A%22_csrf%22%3Bi%3A1%3Bs%3A32%3A%224uxyJTdmxgUa0KwcHqNtg2ZwChWy1gK4%22%3B%7D; __user_identity=1ef6796baa2d0be517468dc633616033c5df5a1e59ef1b6cbe455c2690eb0873a%3A2%3A%7Bi%3A0%3Bs%3A15%3A%22__user_identity%22%3Bi%3A1%3Bs%3A16%3A%22%5B%221%22%2C%22%22%2C2592000%5D%22%3B%7D'
    'HTTP_REFERER' => 'http://127.0.0.9/task-hall/hall-detail.html?task_id=172'
    'CONTENT_LENGTH' => '259'
    'CONTENT_TYPE' => 'application/x-www-form-urlencoded'
    'HTTP_ACCEPT_ENCODING' => 'gzip, deflate'
    'HTTP_ACCEPT_LANGUAGE' => 'zh-CN,zh;q=0.8,en-US;q=0.5,en;q=0.3'
    'HTTP_ACCEPT' => 'text/html,application/xhtml+xml,application/xml;q=0.9,*/*;q=0.8'
    'HTTP_USER_AGENT' => 'Mozilla/5.0 (Windows NT 10.0; WOW64; rv:53.0) Gecko/20100101 Firefox/53.0'
    'HTTP_HOST' => '127.0.0.9'
    'HTTP_AUTHORIZATION' => ''
    'REDIRECT_STATUS' => '200'
    'REDIRECT_HTTP_AUTHORIZATION' => ''
    'FCGI_ROLE' => 'RESPONDER'
    'PHP_SELF' => '/index.php'
    'REQUEST_TIME_FLOAT' => 1496239038.6191
    'REQUEST_TIME' => 1496239038
]
