2017-06-21 22:03:32 [127.0.0.1][-][-][error][yii\base\ErrorException:2] exception 'yii\base\ErrorException' with message 'Missing argument 1 for yii\db\Query::where(), called in G:\jeendon\controllers\EngHomeController.php on line 113 and defined' in G:\jeendon\vendor\yiisoft\yii2\db\Query.php:509
Stack trace:
#0 G:\jeendon\vendor\yiisoft\yii2\db\Query.php(509): yii\base\ErrorHandler->handleError(2, 'Missing argumen...', 'G:\\jeendon\\vend...', 509, Array)
#1 G:\jeendon\controllers\EngHomeController.php(113): yii\db\Query->where()
#2 [internal function]: app\controllers\EngHomeController->actionEngHomeIndex()
#3 G:\jeendon\vendor\yiisoft\yii2\base\InlineAction.php(55): call_user_func_array(Array, Array)
#4 G:\jeendon\vendor\yiisoft\yii2\base\Controller.php(151): yii\base\InlineAction->runWithParams(Array)
#5 G:\jeendon\vendor\yiisoft\yii2\base\Module.php(455): yii\base\Controller->runAction('eng-home-index', Array)
#6 G:\jeendon\vendor\yiisoft\yii2\web\Application.php(84): yii\base\Module->runAction('eng-home/eng-ho...', Array)
#7 G:\jeendon\vendor\yiisoft\yii2\base\Application.php(375): yii\web\Application->handleRequest(Object(yii\web\Request))
#8 G:\jeendon\wwwroot\index.php(12): yii\base\Application->run()
#9 {main}
2017-06-21 22:03:32 [127.0.0.1][-][-][info][application] $_COOKIE = [
    '__user_identity' => '1ef6796baa2d0be517468dc633616033c5df5a1e59ef1b6cbe455c2690eb0873a:2:{i:0;s:15:\"__user_identity\";i:1;s:16:\"[\"1\",\"\",2592000]\";}'
    '__employer_identity' => '4accb992eef9336ec6ef2c71a844fe8e6dda5eda774d763a8f4df88a8ef004d3a:2:{i:0;s:19:\"__employer_identity\";i:1;s:19:\"[\"68\",null,2592000]\";}'
    'PHPSESSID' => '5rto0qnpmujs7t5jjai66e4r77'
    '_csrf' => '3edf168fcd4479ea603029beb71c74ff0d3d4570dc937b3ab396c678681058e1a:2:{i:0;s:5:\"_csrf\";i:1;s:32:\"UQOhvKpaXts0qjp-TDEvK8hNERaOUCpo\";}'
]

$_SERVER = [
    'PATH' => 'C:\\WINDOWS\\system32;C:\\WINDOWS;C:\\WINDOWS\\System32\\Wbem;C:\\WINDOWS\\System32\\WindowsPowerShell\\v1.0\\;D:\\nodejs\\anzhuang\\;D:\\phpStudy\\php55n\\;D:\\svn\\svnserveranzhuang\\bin;D:\\svn\\Tortoisesvnanzhuang\\bin;C:\\Users\\79816\\AppData\\Roaming\\npm;C:\\Users\\79816\\AppData\\Local\\Microsoft\\WindowsApps;D:\\phpStudy\\php55n\\'
    'SYSTEMROOT' => 'C:\\WINDOWS'
    'COMSPEC' => 'C:\\WINDOWS\\system32\\cmd.exe'
    'PATHEXT' => '.COM;.EXE;.BAT;.CMD;.VBS;.VBE;.JS;.JSE;.WSF;.WSH;.MSC'
    'WINDIR' => 'C:\\WINDOWS'
    'PHP_FCGI_MAX_REQUESTS' => '1000'
    'PHPRC' => 'D:/phpStudy/php55n'
    '_FCGI_SHUTDOWN_EVENT_' => '2092'
    'SCRIPT_NAME' => '/index.php'
    'REQUEST_URI' => '/eng-home/eng-home-index.html'
    'QUERY_STRING' => ''
    'REQUEST_METHOD' => 'GET'
    'SERVER_PROTOCOL' => 'HTTP/1.1'
    'GATEWAY_INTERFACE' => 'CGI/1.1'
    'REDIRECT_URL' => '/eng-home/eng-home-index.html'
    'REMOTE_PORT' => '65521'
    'SCRIPT_FILENAME' => 'G:/jeendon/wwwroot/index.php'
    'SERVER_ADMIN' => 'admin@phpStudy.net'
    'CONTEXT_DOCUMENT_ROOT' => 'G:/jeendon/wwwroot'
    'CONTEXT_PREFIX' => ''
    'REQUEST_SCHEME' => 'http'
    'DOCUMENT_ROOT' => 'G:/jeendon/wwwroot'
    'REMOTE_ADDR' => '127.0.0.1'
    'SERVER_PORT' => '80'
    'SERVER_ADDR' => '127.0.0.9'
    'SERVER_NAME' => '127.0.0.9'
    'SERVER_SOFTWARE' => 'Apache/2.4.10 (Win32) OpenSSL/1.0.1i mod_fcgid/2.3.9'
    'SERVER_SIGNATURE' => ''
    'SystemRoot' => 'C:\\WINDOWS'
    'HTTP_UPGRADE_INSECURE_REQUESTS' => '1'
    'HTTP_CONNECTION' => 'close'
    'HTTP_COOKIE' => '__user_identity=1ef6796baa2d0be517468dc633616033c5df5a1e59ef1b6cbe455c2690eb0873a%3A2%3A%7Bi%3A0%3Bs%3A15%3A%22__user_identity%22%3Bi%3A1%3Bs%3A16%3A%22%5B%221%22%2C%22%22%2C2592000%5D%22%3B%7D; __employer_identity=4accb992eef9336ec6ef2c71a844fe8e6dda5eda774d763a8f4df88a8ef004d3a%3A2%3A%7Bi%3A0%3Bs%3A19%3A%22__employer_identity%22%3Bi%3A1%3Bs%3A19%3A%22%5B%2268%22%2Cnull%2C2592000%5D%22%3B%7D; PHPSESSID=5rto0qnpmujs7t5jjai66e4r77; _csrf=3edf168fcd4479ea603029beb71c74ff0d3d4570dc937b3ab396c678681058e1a%3A2%3A%7Bi%3A0%3Bs%3A5%3A%22_csrf%22%3Bi%3A1%3Bs%3A32%3A%22UQOhvKpaXts0qjp-TDEvK8hNERaOUCpo%22%3B%7D'
    'HTTP_REFERER' => 'http://127.0.0.9/task-hall/hall-index.html'
    'HTTP_ACCEPT_ENCODING' => 'gzip, deflate'
    'HTTP_ACCEPT_LANGUAGE' => 'zh-CN,zh;q=0.8,en-US;q=0.5,en;q=0.3'
    'HTTP_ACCEPT' => 'text/html,application/xhtml+xml,application/xml;q=0.9,*/*;q=0.8'
    'HTTP_USER_AGENT' => 'Mozilla/5.0 (Windows NT 10.0; WOW64; rv:53.0) Gecko/20100101 Firefox/53.0'
    'HTTP_HOST' => '127.0.0.9'
    'HTTP_AUTHORIZATION' => ''
    'REDIRECT_STATUS' => '200'
    'REDIRECT_HTTP_AUTHORIZATION' => ''
    'FCGI_ROLE' => 'RESPONDER'
    'PHP_SELF' => '/index.php'
    'REQUEST_TIME_FLOAT' => 1498053812.7385
    'REQUEST_TIME' => 1498053812
]
2017-06-21 22:03:38 [127.0.0.1][-][5rto0qnpmujs7t5jjai66e4r77][error][yii\web\HttpException:404] exception 'yii\web\NotFoundHttpException' with message '页面未找到。' in G:\jeendon\vendor\yiisoft\yii2\web\Request.php:190
Stack trace:
#0 G:\jeendon\vendor\yiisoft\yii2\web\Application.php(75): yii\web\Request->resolve()
#1 G:\jeendon\vendor\yiisoft\yii2\base\Application.php(375): yii\web\Application->handleRequest(Object(yii\web\Request))
#2 G:\jeendon\wwwroot\index.php(12): yii\base\Application->run()
#3 {main}
2017-06-21 22:03:38 [127.0.0.1][-][5rto0qnpmujs7t5jjai66e4r77][info][application] $_COOKIE = [
    '__user_identity' => '1ef6796baa2d0be517468dc633616033c5df5a1e59ef1b6cbe455c2690eb0873a:2:{i:0;s:15:\"__user_identity\";i:1;s:16:\"[\"1\",\"\",2592000]\";}'
    '__employer_identity' => '4accb992eef9336ec6ef2c71a844fe8e6dda5eda774d763a8f4df88a8ef004d3a:2:{i:0;s:19:\"__employer_identity\";i:1;s:19:\"[\"68\",null,2592000]\";}'
    'PHPSESSID' => '5rto0qnpmujs7t5jjai66e4r77'
    '_csrf' => '3edf168fcd4479ea603029beb71c74ff0d3d4570dc937b3ab396c678681058e1a:2:{i:0;s:5:\"_csrf\";i:1;s:32:\"UQOhvKpaXts0qjp-TDEvK8hNERaOUCpo\";}'
]

$_SESSION = [
    '__flash' => []
    '__employer' => '68'
]

$_SERVER = [
    'PATH' => 'C:\\WINDOWS\\system32;C:\\WINDOWS;C:\\WINDOWS\\System32\\Wbem;C:\\WINDOWS\\System32\\WindowsPowerShell\\v1.0\\;D:\\nodejs\\anzhuang\\;D:\\phpStudy\\php55n\\;D:\\svn\\svnserveranzhuang\\bin;D:\\svn\\Tortoisesvnanzhuang\\bin;C:\\Users\\79816\\AppData\\Roaming\\npm;C:\\Users\\79816\\AppData\\Local\\Microsoft\\WindowsApps;D:\\phpStudy\\php55n\\'
    'SYSTEMROOT' => 'C:\\WINDOWS'
    'COMSPEC' => 'C:\\WINDOWS\\system32\\cmd.exe'
    'PATHEXT' => '.COM;.EXE;.BAT;.CMD;.VBS;.VBE;.JS;.JSE;.WSF;.WSH;.MSC'
    'WINDIR' => 'C:\\WINDOWS'
    'PHP_FCGI_MAX_REQUESTS' => '1000'
    'PHPRC' => 'D:/phpStudy/php55n'
    '_FCGI_SHUTDOWN_EVENT_' => '2092'
    'SCRIPT_NAME' => '/index.php'
    'REQUEST_URI' => '/attachement/image/admin/2017/04/17/1/5/7/5/58f45a9c77a99.jpg'
    'QUERY_STRING' => ''
    'REQUEST_METHOD' => 'GET'
    'SERVER_PROTOCOL' => 'HTTP/1.1'
    'GATEWAY_INTERFACE' => 'CGI/1.1'
    'REDIRECT_URL' => '/attachement/image/admin/2017/04/17/1/5/7/5/58f45a9c77a99.jpg'
    'REMOTE_PORT' => '65523'
    'SCRIPT_FILENAME' => 'G:/jeendon/wwwroot/index.php'
    'SERVER_ADMIN' => 'admin@phpStudy.net'
    'CONTEXT_DOCUMENT_ROOT' => 'G:/jeendon/wwwroot'
    'CONTEXT_PREFIX' => ''
    'REQUEST_SCHEME' => 'http'
    'DOCUMENT_ROOT' => 'G:/jeendon/wwwroot'
    'REMOTE_ADDR' => '127.0.0.1'
    'SERVER_PORT' => '80'
    'SERVER_ADDR' => '127.0.0.9'
    'SERVER_NAME' => '127.0.0.9'
    'SERVER_SOFTWARE' => 'Apache/2.4.10 (Win32) OpenSSL/1.0.1i mod_fcgid/2.3.9'
    'SERVER_SIGNATURE' => ''
    'SystemRoot' => 'C:\\WINDOWS'
    'HTTP_CONNECTION' => 'close'
    'HTTP_COOKIE' => '__user_identity=1ef6796baa2d0be517468dc633616033c5df5a1e59ef1b6cbe455c2690eb0873a%3A2%3A%7Bi%3A0%3Bs%3A15%3A%22__user_identity%22%3Bi%3A1%3Bs%3A16%3A%22%5B%221%22%2C%22%22%2C2592000%5D%22%3B%7D; __employer_identity=4accb992eef9336ec6ef2c71a844fe8e6dda5eda774d763a8f4df88a8ef004d3a%3A2%3A%7Bi%3A0%3Bs%3A19%3A%22__employer_identity%22%3Bi%3A1%3Bs%3A19%3A%22%5B%2268%22%2Cnull%2C2592000%5D%22%3B%7D; PHPSESSID=5rto0qnpmujs7t5jjai66e4r77; _csrf=3edf168fcd4479ea603029beb71c74ff0d3d4570dc937b3ab396c678681058e1a%3A2%3A%7Bi%3A0%3Bs%3A5%3A%22_csrf%22%3Bi%3A1%3Bs%3A32%3A%22UQOhvKpaXts0qjp-TDEvK8hNERaOUCpo%22%3B%7D'
    'HTTP_REFERER' => 'http://127.0.0.9/successful-case/successful-case-list.html'
    'HTTP_ACCEPT_ENCODING' => 'gzip, deflate'
    'HTTP_ACCEPT_LANGUAGE' => 'zh-CN,zh;q=0.8,en-US;q=0.5,en;q=0.3'
    'HTTP_ACCEPT' => '*/*'
    'HTTP_USER_AGENT' => 'Mozilla/5.0 (Windows NT 10.0; WOW64; rv:53.0) Gecko/20100101 Firefox/53.0'
    'HTTP_HOST' => '127.0.0.9'
    'HTTP_AUTHORIZATION' => ''
    'REDIRECT_STATUS' => '200'
    'REDIRECT_HTTP_AUTHORIZATION' => ''
    'FCGI_ROLE' => 'RESPONDER'
    'PHP_SELF' => '/index.php'
    'REQUEST_TIME_FLOAT' => 1498053818.3579
    'REQUEST_TIME' => 1498053818
]
2017-06-21 22:03:39 [127.0.0.1][-][5rto0qnpmujs7t5jjai66e4r77][error][yii\web\HttpException:404] exception 'yii\web\NotFoundHttpException' with message '页面未找到。' in G:\jeendon\vendor\yiisoft\yii2\web\Request.php:190
Stack trace:
#0 G:\jeendon\vendor\yiisoft\yii2\web\Application.php(75): yii\web\Request->resolve()
#1 G:\jeendon\vendor\yiisoft\yii2\base\Application.php(375): yii\web\Application->handleRequest(Object(yii\web\Request))
#2 G:\jeendon\wwwroot\index.php(12): yii\base\Application->run()
#3 {main}
2017-06-21 22:03:39 [127.0.0.1][-][5rto0qnpmujs7t5jjai66e4r77][info][application] $_COOKIE = [
    '__user_identity' => '1ef6796baa2d0be517468dc633616033c5df5a1e59ef1b6cbe455c2690eb0873a:2:{i:0;s:15:\"__user_identity\";i:1;s:16:\"[\"1\",\"\",2592000]\";}'
    '__employer_identity' => '4accb992eef9336ec6ef2c71a844fe8e6dda5eda774d763a8f4df88a8ef004d3a:2:{i:0;s:19:\"__employer_identity\";i:1;s:19:\"[\"68\",null,2592000]\";}'
    'PHPSESSID' => '5rto0qnpmujs7t5jjai66e4r77'
    '_csrf' => '3edf168fcd4479ea603029beb71c74ff0d3d4570dc937b3ab396c678681058e1a:2:{i:0;s:5:\"_csrf\";i:1;s:32:\"UQOhvKpaXts0qjp-TDEvK8hNERaOUCpo\";}'
]

$_SESSION = [
    '__flash' => []
    '__employer' => '68'
]

$_SERVER = [
    'PATH' => 'C:\\WINDOWS\\system32;C:\\WINDOWS;C:\\WINDOWS\\System32\\Wbem;C:\\WINDOWS\\System32\\WindowsPowerShell\\v1.0\\;D:\\nodejs\\anzhuang\\;D:\\phpStudy\\php55n\\;D:\\svn\\svnserveranzhuang\\bin;D:\\svn\\Tortoisesvnanzhuang\\bin;C:\\Users\\79816\\AppData\\Roaming\\npm;C:\\Users\\79816\\AppData\\Local\\Microsoft\\WindowsApps;D:\\phpStudy\\php55n\\'
    'SYSTEMROOT' => 'C:\\WINDOWS'
    'COMSPEC' => 'C:\\WINDOWS\\system32\\cmd.exe'
    'PATHEXT' => '.COM;.EXE;.BAT;.CMD;.VBS;.VBE;.JS;.JSE;.WSF;.WSH;.MSC'
    'WINDIR' => 'C:\\WINDOWS'
    'PHP_FCGI_MAX_REQUESTS' => '1000'
    'PHPRC' => 'D:/phpStudy/php55n'
    '_FCGI_SHUTDOWN_EVENT_' => '2092'
    'SCRIPT_NAME' => '/index.php'
    'REQUEST_URI' => '/attachement/image/admin/2017/04/18/c/f/6/b/58f55bea07942.jpg'
    'QUERY_STRING' => ''
    'REQUEST_METHOD' => 'GET'
    'SERVER_PROTOCOL' => 'HTTP/1.1'
    'GATEWAY_INTERFACE' => 'CGI/1.1'
    'REDIRECT_URL' => '/attachement/image/admin/2017/04/18/c/f/6/b/58f55bea07942.jpg'
    'REMOTE_PORT' => '65526'
    'SCRIPT_FILENAME' => 'G:/jeendon/wwwroot/index.php'
    'SERVER_ADMIN' => 'admin@phpStudy.net'
    'CONTEXT_DOCUMENT_ROOT' => 'G:/jeendon/wwwroot'
    'CONTEXT_PREFIX' => ''
    'REQUEST_SCHEME' => 'http'
    'DOCUMENT_ROOT' => 'G:/jeendon/wwwroot'
    'REMOTE_ADDR' => '127.0.0.1'
    'SERVER_PORT' => '80'
    'SERVER_ADDR' => '127.0.0.9'
    'SERVER_NAME' => '127.0.0.9'
    'SERVER_SOFTWARE' => 'Apache/2.4.10 (Win32) OpenSSL/1.0.1i mod_fcgid/2.3.9'
    'SERVER_SIGNATURE' => ''
    'SystemRoot' => 'C:\\WINDOWS'
    'HTTP_CONNECTION' => 'close'
    'HTTP_COOKIE' => '__user_identity=1ef6796baa2d0be517468dc633616033c5df5a1e59ef1b6cbe455c2690eb0873a%3A2%3A%7Bi%3A0%3Bs%3A15%3A%22__user_identity%22%3Bi%3A1%3Bs%3A16%3A%22%5B%221%22%2C%22%22%2C2592000%5D%22%3B%7D; __employer_identity=4accb992eef9336ec6ef2c71a844fe8e6dda5eda774d763a8f4df88a8ef004d3a%3A2%3A%7Bi%3A0%3Bs%3A19%3A%22__employer_identity%22%3Bi%3A1%3Bs%3A19%3A%22%5B%2268%22%2Cnull%2C2592000%5D%22%3B%7D; PHPSESSID=5rto0qnpmujs7t5jjai66e4r77; _csrf=3edf168fcd4479ea603029beb71c74ff0d3d4570dc937b3ab396c678681058e1a%3A2%3A%7Bi%3A0%3Bs%3A5%3A%22_csrf%22%3Bi%3A1%3Bs%3A32%3A%22UQOhvKpaXts0qjp-TDEvK8hNERaOUCpo%22%3B%7D'
    'HTTP_REFERER' => 'http://127.0.0.9/successful-case/successful-case-list.html'
    'HTTP_ACCEPT_ENCODING' => 'gzip, deflate'
    'HTTP_ACCEPT_LANGUAGE' => 'zh-CN,zh;q=0.8,en-US;q=0.5,en;q=0.3'
    'HTTP_ACCEPT' => '*/*'
    'HTTP_USER_AGENT' => 'Mozilla/5.0 (Windows NT 10.0; WOW64; rv:53.0) Gecko/20100101 Firefox/53.0'
    'HTTP_HOST' => '127.0.0.9'
    'HTTP_AUTHORIZATION' => ''
    'REDIRECT_STATUS' => '200'
    'REDIRECT_HTTP_AUTHORIZATION' => ''
    'FCGI_ROLE' => 'RESPONDER'
    'PHP_SELF' => '/index.php'
    'REQUEST_TIME_FLOAT' => 1498053819.3619
    'REQUEST_TIME' => 1498053819
]
2017-06-21 22:03:39 [127.0.0.1][-][5rto0qnpmujs7t5jjai66e4r77][error][yii\web\HttpException:404] exception 'yii\web\NotFoundHttpException' with message '页面未找到。' in G:\jeendon\vendor\yiisoft\yii2\web\Request.php:190
Stack trace:
#0 G:\jeendon\vendor\yiisoft\yii2\web\Application.php(75): yii\web\Request->resolve()
#1 G:\jeendon\vendor\yiisoft\yii2\base\Application.php(375): yii\web\Application->handleRequest(Object(yii\web\Request))
#2 G:\jeendon\wwwroot\index.php(12): yii\base\Application->run()
#3 {main}
2017-06-21 22:03:39 [127.0.0.1][-][5rto0qnpmujs7t5jjai66e4r77][info][application] $_COOKIE = [
    '__user_identity' => '1ef6796baa2d0be517468dc633616033c5df5a1e59ef1b6cbe455c2690eb0873a:2:{i:0;s:15:\"__user_identity\";i:1;s:16:\"[\"1\",\"\",2592000]\";}'
    '__employer_identity' => '4accb992eef9336ec6ef2c71a844fe8e6dda5eda774d763a8f4df88a8ef004d3a:2:{i:0;s:19:\"__employer_identity\";i:1;s:19:\"[\"68\",null,2592000]\";}'
    'PHPSESSID' => '5rto0qnpmujs7t5jjai66e4r77'
    '_csrf' => '3edf168fcd4479ea603029beb71c74ff0d3d4570dc937b3ab396c678681058e1a:2:{i:0;s:5:\"_csrf\";i:1;s:32:\"UQOhvKpaXts0qjp-TDEvK8hNERaOUCpo\";}'
]

$_SESSION = [
    '__flash' => []
    '__employer' => '68'
]

$_SERVER = [
    'PATH' => 'C:\\WINDOWS\\system32;C:\\WINDOWS;C:\\WINDOWS\\System32\\Wbem;C:\\WINDOWS\\System32\\WindowsPowerShell\\v1.0\\;D:\\nodejs\\anzhuang\\;D:\\phpStudy\\php55n\\;D:\\svn\\svnserveranzhuang\\bin;D:\\svn\\Tortoisesvnanzhuang\\bin;C:\\Users\\79816\\AppData\\Roaming\\npm;C:\\Users\\79816\\AppData\\Local\\Microsoft\\WindowsApps;D:\\phpStudy\\php55n\\'
    'SYSTEMROOT' => 'C:\\WINDOWS'
    'COMSPEC' => 'C:\\WINDOWS\\system32\\cmd.exe'
    'PATHEXT' => '.COM;.EXE;.BAT;.CMD;.VBS;.VBE;.JS;.JSE;.WSF;.WSH;.MSC'
    'WINDIR' => 'C:\\WINDOWS'
    'PHP_FCGI_MAX_REQUESTS' => '1000'
    'PHPRC' => 'D:/phpStudy/php55n'
    '_FCGI_SHUTDOWN_EVENT_' => '2124'
    'SCRIPT_NAME' => '/index.php'
    'REQUEST_URI' => '/attachement/image/admin/2017/04/20/b/2/7/3/58f790c573ab1.jpg'
    'QUERY_STRING' => ''
    'REQUEST_METHOD' => 'GET'
    'SERVER_PROTOCOL' => 'HTTP/1.1'
    'GATEWAY_INTERFACE' => 'CGI/1.1'
    'REDIRECT_URL' => '/attachement/image/admin/2017/04/20/b/2/7/3/58f790c573ab1.jpg'
    'REMOTE_PORT' => '65527'
    'SCRIPT_FILENAME' => 'G:/jeendon/wwwroot/index.php'
    'SERVER_ADMIN' => 'admin@phpStudy.net'
    'CONTEXT_DOCUMENT_ROOT' => 'G:/jeendon/wwwroot'
    'CONTEXT_PREFIX' => ''
    'REQUEST_SCHEME' => 'http'
    'DOCUMENT_ROOT' => 'G:/jeendon/wwwroot'
    'REMOTE_ADDR' => '127.0.0.1'
    'SERVER_PORT' => '80'
    'SERVER_ADDR' => '127.0.0.9'
    'SERVER_NAME' => '127.0.0.9'
    'SERVER_SOFTWARE' => 'Apache/2.4.10 (Win32) OpenSSL/1.0.1i mod_fcgid/2.3.9'
    'SERVER_SIGNATURE' => ''
    'SystemRoot' => 'C:\\WINDOWS'
    'HTTP_CONNECTION' => 'close'
    'HTTP_COOKIE' => '__user_identity=1ef6796baa2d0be517468dc633616033c5df5a1e59ef1b6cbe455c2690eb0873a%3A2%3A%7Bi%3A0%3Bs%3A15%3A%22__user_identity%22%3Bi%3A1%3Bs%3A16%3A%22%5B%221%22%2C%22%22%2C2592000%5D%22%3B%7D; __employer_identity=4accb992eef9336ec6ef2c71a844fe8e6dda5eda774d763a8f4df88a8ef004d3a%3A2%3A%7Bi%3A0%3Bs%3A19%3A%22__employer_identity%22%3Bi%3A1%3Bs%3A19%3A%22%5B%2268%22%2Cnull%2C2592000%5D%22%3B%7D; PHPSESSID=5rto0qnpmujs7t5jjai66e4r77; _csrf=3edf168fcd4479ea603029beb71c74ff0d3d4570dc937b3ab396c678681058e1a%3A2%3A%7Bi%3A0%3Bs%3A5%3A%22_csrf%22%3Bi%3A1%3Bs%3A32%3A%22UQOhvKpaXts0qjp-TDEvK8hNERaOUCpo%22%3B%7D'
    'HTTP_REFERER' => 'http://127.0.0.9/successful-case/successful-case-list.html'
    'HTTP_ACCEPT_ENCODING' => 'gzip, deflate'
    'HTTP_ACCEPT_LANGUAGE' => 'zh-CN,zh;q=0.8,en-US;q=0.5,en;q=0.3'
    'HTTP_ACCEPT' => '*/*'
    'HTTP_USER_AGENT' => 'Mozilla/5.0 (Windows NT 10.0; WOW64; rv:53.0) Gecko/20100101 Firefox/53.0'
    'HTTP_HOST' => '127.0.0.9'
    'HTTP_AUTHORIZATION' => ''
    'REDIRECT_STATUS' => '200'
    'REDIRECT_HTTP_AUTHORIZATION' => ''
    'FCGI_ROLE' => 'RESPONDER'
    'PHP_SELF' => '/index.php'
    'REQUEST_TIME_FLOAT' => 1498053819.5548
    'REQUEST_TIME' => 1498053819
]
2017-06-21 22:04:24 [127.0.0.1][-][-][error][yii\base\ErrorException:2] exception 'yii\base\ErrorException' with message 'Missing argument 1 for yii\db\Query::where(), called in G:\jeendon\controllers\EngHomeController.php on line 113 and defined' in G:\jeendon\vendor\yiisoft\yii2\db\Query.php:509
Stack trace:
#0 G:\jeendon\vendor\yiisoft\yii2\db\Query.php(509): yii\base\ErrorHandler->handleError(2, 'Missing argumen...', 'G:\\jeendon\\vend...', 509, Array)
#1 G:\jeendon\controllers\EngHomeController.php(113): yii\db\Query->where()
#2 [internal function]: app\controllers\EngHomeController->actionEngHomeIndex()
#3 G:\jeendon\vendor\yiisoft\yii2\base\InlineAction.php(55): call_user_func_array(Array, Array)
#4 G:\jeendon\vendor\yiisoft\yii2\base\Controller.php(151): yii\base\InlineAction->runWithParams(Array)
#5 G:\jeendon\vendor\yiisoft\yii2\base\Module.php(455): yii\base\Controller->runAction('eng-home-index', Array)
#6 G:\jeendon\vendor\yiisoft\yii2\web\Application.php(84): yii\base\Module->runAction('eng-home/eng-ho...', Array)
#7 G:\jeendon\vendor\yiisoft\yii2\base\Application.php(375): yii\web\Application->handleRequest(Object(yii\web\Request))
#8 G:\jeendon\wwwroot\index.php(12): yii\base\Application->run()
#9 {main}
2017-06-21 22:04:24 [127.0.0.1][-][-][info][application] $_COOKIE = [
    '__user_identity' => '1ef6796baa2d0be517468dc633616033c5df5a1e59ef1b6cbe455c2690eb0873a:2:{i:0;s:15:\"__user_identity\";i:1;s:16:\"[\"1\",\"\",2592000]\";}'
    '__employer_identity' => '4accb992eef9336ec6ef2c71a844fe8e6dda5eda774d763a8f4df88a8ef004d3a:2:{i:0;s:19:\"__employer_identity\";i:1;s:19:\"[\"68\",null,2592000]\";}'
    'PHPSESSID' => '5rto0qnpmujs7t5jjai66e4r77'
    '_csrf' => '3edf168fcd4479ea603029beb71c74ff0d3d4570dc937b3ab396c678681058e1a:2:{i:0;s:5:\"_csrf\";i:1;s:32:\"UQOhvKpaXts0qjp-TDEvK8hNERaOUCpo\";}'
]

$_SERVER = [
    'PATH' => 'C:\\WINDOWS\\system32;C:\\WINDOWS;C:\\WINDOWS\\System32\\Wbem;C:\\WINDOWS\\System32\\WindowsPowerShell\\v1.0\\;D:\\nodejs\\anzhuang\\;D:\\phpStudy\\php55n\\;D:\\svn\\svnserveranzhuang\\bin;D:\\svn\\Tortoisesvnanzhuang\\bin;C:\\Users\\79816\\AppData\\Roaming\\npm;C:\\Users\\79816\\AppData\\Local\\Microsoft\\WindowsApps;D:\\phpStudy\\php55n\\'
    'SYSTEMROOT' => 'C:\\WINDOWS'
    'COMSPEC' => 'C:\\WINDOWS\\system32\\cmd.exe'
    'PATHEXT' => '.COM;.EXE;.BAT;.CMD;.VBS;.VBE;.JS;.JSE;.WSF;.WSH;.MSC'
    'WINDIR' => 'C:\\WINDOWS'
    'PHP_FCGI_MAX_REQUESTS' => '1000'
    'PHPRC' => 'D:/phpStudy/php55n'
    '_FCGI_SHUTDOWN_EVENT_' => '2092'
    'SCRIPT_NAME' => '/index.php'
    'REQUEST_URI' => '/eng-home/eng-home-index.html'
    'QUERY_STRING' => ''
    'REQUEST_METHOD' => 'GET'
    'SERVER_PROTOCOL' => 'HTTP/1.1'
    'GATEWAY_INTERFACE' => 'CGI/1.1'
    'REDIRECT_URL' => '/eng-home/eng-home-index.html'
    'REMOTE_PORT' => '49166'
    'SCRIPT_FILENAME' => 'G:/jeendon/wwwroot/index.php'
    'SERVER_ADMIN' => 'admin@phpStudy.net'
    'CONTEXT_DOCUMENT_ROOT' => 'G:/jeendon/wwwroot'
    'CONTEXT_PREFIX' => ''
    'REQUEST_SCHEME' => 'http'
    'DOCUMENT_ROOT' => 'G:/jeendon/wwwroot'
    'REMOTE_ADDR' => '127.0.0.1'
    'SERVER_PORT' => '80'
    'SERVER_ADDR' => '127.0.0.9'
    'SERVER_NAME' => '127.0.0.9'
    'SERVER_SOFTWARE' => 'Apache/2.4.10 (Win32) OpenSSL/1.0.1i mod_fcgid/2.3.9'
    'SERVER_SIGNATURE' => ''
    'SystemRoot' => 'C:\\WINDOWS'
    'HTTP_UPGRADE_INSECURE_REQUESTS' => '1'
    'HTTP_CONNECTION' => 'close'
    'HTTP_COOKIE' => '__user_identity=1ef6796baa2d0be517468dc633616033c5df5a1e59ef1b6cbe455c2690eb0873a%3A2%3A%7Bi%3A0%3Bs%3A15%3A%22__user_identity%22%3Bi%3A1%3Bs%3A16%3A%22%5B%221%22%2C%22%22%2C2592000%5D%22%3B%7D; __employer_identity=4accb992eef9336ec6ef2c71a844fe8e6dda5eda774d763a8f4df88a8ef004d3a%3A2%3A%7Bi%3A0%3Bs%3A19%3A%22__employer_identity%22%3Bi%3A1%3Bs%3A19%3A%22%5B%2268%22%2Cnull%2C2592000%5D%22%3B%7D; PHPSESSID=5rto0qnpmujs7t5jjai66e4r77; _csrf=3edf168fcd4479ea603029beb71c74ff0d3d4570dc937b3ab396c678681058e1a%3A2%3A%7Bi%3A0%3Bs%3A5%3A%22_csrf%22%3Bi%3A1%3Bs%3A32%3A%22UQOhvKpaXts0qjp-TDEvK8hNERaOUCpo%22%3B%7D'
    'HTTP_REFERER' => 'http://127.0.0.9/emp-account-manage/emp-info.html'
    'HTTP_ACCEPT_ENCODING' => 'gzip, deflate'
    'HTTP_ACCEPT_LANGUAGE' => 'zh-CN,zh;q=0.8,en-US;q=0.5,en;q=0.3'
    'HTTP_ACCEPT' => 'text/html,application/xhtml+xml,application/xml;q=0.9,*/*;q=0.8'
    'HTTP_USER_AGENT' => 'Mozilla/5.0 (Windows NT 10.0; WOW64; rv:53.0) Gecko/20100101 Firefox/53.0'
    'HTTP_HOST' => '127.0.0.9'
    'HTTP_AUTHORIZATION' => ''
    'REDIRECT_STATUS' => '200'
    'REDIRECT_HTTP_AUTHORIZATION' => ''
    'FCGI_ROLE' => 'RESPONDER'
    'PHP_SELF' => '/index.php'
    'REQUEST_TIME_FLOAT' => 1498053864.892
    'REQUEST_TIME' => 1498053864
]
2017-06-21 22:05:22 [127.0.0.1][-][5rto0qnpmujs7t5jjai66e4r77][error][yii\base\ErrorException:1] exception 'yii\base\ErrorException' with message 'Class 'app\widgets\PlatWidget' not found' in G:\jeendon\views\layouts\footer.php:81
Stack trace:
#0 [internal function]: yii\base\ErrorHandler->handleFatalError()
#1 {main}
2017-06-21 22:05:22 [127.0.0.1][-][5rto0qnpmujs7t5jjai66e4r77][info][application] $_COOKIE = [
    '__user_identity' => '1ef6796baa2d0be517468dc633616033c5df5a1e59ef1b6cbe455c2690eb0873a:2:{i:0;s:15:\"__user_identity\";i:1;s:16:\"[\"1\",\"\",2592000]\";}'
    '__employer_identity' => '4accb992eef9336ec6ef2c71a844fe8e6dda5eda774d763a8f4df88a8ef004d3a:2:{i:0;s:19:\"__employer_identity\";i:1;s:19:\"[\"68\",null,2592000]\";}'
    'PHPSESSID' => '5rto0qnpmujs7t5jjai66e4r77'
    '_csrf' => '3edf168fcd4479ea603029beb71c74ff0d3d4570dc937b3ab396c678681058e1a:2:{i:0;s:5:\"_csrf\";i:1;s:32:\"UQOhvKpaXts0qjp-TDEvK8hNERaOUCpo\";}'
]

$_SESSION = [
    '__flash' => []
    '__employer' => '68'
]

$_SERVER = [
    'PATH' => 'C:\\WINDOWS\\system32;C:\\WINDOWS;C:\\WINDOWS\\System32\\Wbem;C:\\WINDOWS\\System32\\WindowsPowerShell\\v1.0\\;D:\\nodejs\\anzhuang\\;D:\\phpStudy\\php55n\\;D:\\svn\\svnserveranzhuang\\bin;D:\\svn\\Tortoisesvnanzhuang\\bin;C:\\Users\\79816\\AppData\\Roaming\\npm;C:\\Users\\79816\\AppData\\Local\\Microsoft\\WindowsApps;D:\\phpStudy\\php55n\\'
    'SYSTEMROOT' => 'C:\\WINDOWS'
    'COMSPEC' => 'C:\\WINDOWS\\system32\\cmd.exe'
    'PATHEXT' => '.COM;.EXE;.BAT;.CMD;.VBS;.VBE;.JS;.JSE;.WSF;.WSH;.MSC'
    'WINDIR' => 'C:\\WINDOWS'
    'PHP_FCGI_MAX_REQUESTS' => '1000'
    'PHPRC' => 'D:/phpStudy/php55n'
    '_FCGI_SHUTDOWN_EVENT_' => '2124'
    'SCRIPT_NAME' => '/index.php'
    'REQUEST_URI' => '/emp-account-manage/emp-info.html'
    'QUERY_STRING' => ''
    'REQUEST_METHOD' => 'GET'
    'SERVER_PROTOCOL' => 'HTTP/1.1'
    'GATEWAY_INTERFACE' => 'CGI/1.1'
    'REDIRECT_URL' => '/emp-account-manage/emp-info.html'
    'REMOTE_PORT' => '49188'
    'SCRIPT_FILENAME' => 'G:/jeendon/wwwroot/index.php'
    'SERVER_ADMIN' => 'admin@phpStudy.net'
    'CONTEXT_DOCUMENT_ROOT' => 'G:/jeendon/wwwroot'
    'CONTEXT_PREFIX' => ''
    'REQUEST_SCHEME' => 'http'
    'DOCUMENT_ROOT' => 'G:/jeendon/wwwroot'
    'REMOTE_ADDR' => '127.0.0.1'
    'SERVER_PORT' => '80'
    'SERVER_ADDR' => '127.0.0.9'
    'SERVER_NAME' => '127.0.0.9'
    'SERVER_SOFTWARE' => 'Apache/2.4.10 (Win32) OpenSSL/1.0.1i mod_fcgid/2.3.9'
    'SERVER_SIGNATURE' => ''
    'SystemRoot' => 'C:\\WINDOWS'
    'HTTP_CACHE_CONTROL' => 'max-age=0'
    'HTTP_UPGRADE_INSECURE_REQUESTS' => '1'
    'HTTP_CONNECTION' => 'close'
    'HTTP_COOKIE' => '__user_identity=1ef6796baa2d0be517468dc633616033c5df5a1e59ef1b6cbe455c2690eb0873a%3A2%3A%7Bi%3A0%3Bs%3A15%3A%22__user_identity%22%3Bi%3A1%3Bs%3A16%3A%22%5B%221%22%2C%22%22%2C2592000%5D%22%3B%7D; __employer_identity=4accb992eef9336ec6ef2c71a844fe8e6dda5eda774d763a8f4df88a8ef004d3a%3A2%3A%7Bi%3A0%3Bs%3A19%3A%22__employer_identity%22%3Bi%3A1%3Bs%3A19%3A%22%5B%2268%22%2Cnull%2C2592000%5D%22%3B%7D; PHPSESSID=5rto0qnpmujs7t5jjai66e4r77; _csrf=3edf168fcd4479ea603029beb71c74ff0d3d4570dc937b3ab396c678681058e1a%3A2%3A%7Bi%3A0%3Bs%3A5%3A%22_csrf%22%3Bi%3A1%3Bs%3A32%3A%22UQOhvKpaXts0qjp-TDEvK8hNERaOUCpo%22%3B%7D'
    'HTTP_REFERER' => 'http://127.0.0.9/emp-account-manage/emp-info.html'
    'HTTP_ACCEPT_ENCODING' => 'gzip, deflate'
    'HTTP_ACCEPT_LANGUAGE' => 'zh-CN,zh;q=0.8,en-US;q=0.5,en;q=0.3'
    'HTTP_ACCEPT' => 'text/html,application/xhtml+xml,application/xml;q=0.9,*/*;q=0.8'
    'HTTP_USER_AGENT' => 'Mozilla/5.0 (Windows NT 10.0; WOW64; rv:53.0) Gecko/20100101 Firefox/53.0'
    'HTTP_HOST' => '127.0.0.9'
    'HTTP_AUTHORIZATION' => ''
    'REDIRECT_STATUS' => '200'
    'REDIRECT_HTTP_AUTHORIZATION' => ''
    'FCGI_ROLE' => 'RESPONDER'
    'PHP_SELF' => '/index.php'
    'REQUEST_TIME_FLOAT' => 1498053922.2119
    'REQUEST_TIME' => 1498053922
]
2017-06-21 22:05:43 [127.0.0.1][-][5rto0qnpmujs7t5jjai66e4r77][error][yii\base\InvalidParamException] exception 'yii\base\InvalidParamException' with message 'The view file does not exist: G:\jeendon\views\site/plat.php' in G:\jeendon\vendor\yiisoft\yii2\base\View.php:226
Stack trace:
#0 G:\jeendon\vendor\yiisoft\yii2\base\View.php(149): yii\base\View->renderFile('G:\\jeendon\\view...', Array, Object(app\widgets\PlatWidget))
#1 G:\jeendon\vendor\yiisoft\yii2\base\Widget.php(191): yii\base\View->render('/site/plat', Array, Object(app\widgets\PlatWidget))
#2 G:\jeendon\widgets\PlatWidget.php(30): yii\base\Widget->render('/site/plat', Array)
#3 G:\jeendon\vendor\yiisoft\yii2\base\Widget.php(98): app\widgets\PlatWidget->run()
#4 G:\jeendon\views\layouts\footer.php(81): yii\base\Widget::widget()
#5 G:\jeendon\vendor\yiisoft\yii2\base\View.php(325): require('G:\\jeendon\\view...')
#6 G:\jeendon\vendor\yiisoft\yii2\base\View.php(247): yii\base\View->renderPhpFile('G:\\jeendon\\view...', Array)
#7 G:\jeendon\vendor\yiisoft\yii2\base\View.php(149): yii\base\View->renderFile('G:\\jeendon\\view...', Array, NULL)
#8 G:\jeendon\views\layouts\ucenter.php(71): yii\base\View->render('footer.php')
#9 G:\jeendon\vendor\yiisoft\yii2\base\View.php(325): require('G:\\jeendon\\view...')
#10 G:\jeendon\vendor\yiisoft\yii2\base\View.php(247): yii\base\View->renderPhpFile('G:\\jeendon\\view...', Array)
#11 G:\jeendon\vendor\yiisoft\yii2\base\Controller.php(386): yii\base\View->renderFile('G:\\jeendon\\view...', Array, Object(app\controllers\EmpAccountManageController))
#12 G:\jeendon\vendor\yiisoft\yii2\base\Controller.php(372): yii\base\Controller->renderContent('<link rel="styl...')
#13 G:\jeendon\controllers\EmpAccountManageController.php(217): yii\base\Controller->render('emp-info', Array)
#14 [internal function]: app\controllers\EmpAccountManageController->actionEmpInfo()
#15 G:\jeendon\vendor\yiisoft\yii2\base\InlineAction.php(55): call_user_func_array(Array, Array)
#16 G:\jeendon\vendor\yiisoft\yii2\base\Controller.php(151): yii\base\InlineAction->runWithParams(Array)
#17 G:\jeendon\vendor\yiisoft\yii2\base\Module.php(455): yii\base\Controller->runAction('emp-info', Array)
#18 G:\jeendon\vendor\yiisoft\yii2\web\Application.php(84): yii\base\Module->runAction('emp-account-man...', Array)
#19 G:\jeendon\vendor\yiisoft\yii2\base\Application.php(375): yii\web\Application->handleRequest(Object(yii\web\Request))
#20 G:\jeendon\wwwroot\index.php(12): yii\base\Application->run()
#21 {main}
2017-06-21 22:05:43 [127.0.0.1][-][5rto0qnpmujs7t5jjai66e4r77][info][application] $_COOKIE = [
    '__user_identity' => '1ef6796baa2d0be517468dc633616033c5df5a1e59ef1b6cbe455c2690eb0873a:2:{i:0;s:15:\"__user_identity\";i:1;s:16:\"[\"1\",\"\",2592000]\";}'
    '__employer_identity' => '4accb992eef9336ec6ef2c71a844fe8e6dda5eda774d763a8f4df88a8ef004d3a:2:{i:0;s:19:\"__employer_identity\";i:1;s:19:\"[\"68\",null,2592000]\";}'
    'PHPSESSID' => '5rto0qnpmujs7t5jjai66e4r77'
    '_csrf' => '3edf168fcd4479ea603029beb71c74ff0d3d4570dc937b3ab396c678681058e1a:2:{i:0;s:5:\"_csrf\";i:1;s:32:\"UQOhvKpaXts0qjp-TDEvK8hNERaOUCpo\";}'
]

$_SESSION = [
    '__flash' => []
    '__employer' => '68'
]

$_SERVER = [
    'PATH' => 'C:\\WINDOWS\\system32;C:\\WINDOWS;C:\\WINDOWS\\System32\\Wbem;C:\\WINDOWS\\System32\\WindowsPowerShell\\v1.0\\;D:\\nodejs\\anzhuang\\;D:\\phpStudy\\php55n\\;D:\\svn\\svnserveranzhuang\\bin;D:\\svn\\Tortoisesvnanzhuang\\bin;C:\\Users\\79816\\AppData\\Roaming\\npm;C:\\Users\\79816\\AppData\\Local\\Microsoft\\WindowsApps;D:\\phpStudy\\php55n\\'
    'SYSTEMROOT' => 'C:\\WINDOWS'
    'COMSPEC' => 'C:\\WINDOWS\\system32\\cmd.exe'
    'PATHEXT' => '.COM;.EXE;.BAT;.CMD;.VBS;.VBE;.JS;.JSE;.WSF;.WSH;.MSC'
    'WINDIR' => 'C:\\WINDOWS'
    'PHP_FCGI_MAX_REQUESTS' => '1000'
    'PHPRC' => 'D:/phpStudy/php55n'
    '_FCGI_SHUTDOWN_EVENT_' => '2092'
    'SCRIPT_NAME' => '/index.php'
    'REQUEST_URI' => '/emp-account-manage/emp-info.html'
    'QUERY_STRING' => ''
    'REQUEST_METHOD' => 'GET'
    'SERVER_PROTOCOL' => 'HTTP/1.1'
    'GATEWAY_INTERFACE' => 'CGI/1.1'
    'REDIRECT_URL' => '/emp-account-manage/emp-info.html'
    'REMOTE_PORT' => '49197'
    'SCRIPT_FILENAME' => 'G:/jeendon/wwwroot/index.php'
    'SERVER_ADMIN' => 'admin@phpStudy.net'
    'CONTEXT_DOCUMENT_ROOT' => 'G:/jeendon/wwwroot'
    'CONTEXT_PREFIX' => ''
    'REQUEST_SCHEME' => 'http'
    'DOCUMENT_ROOT' => 'G:/jeendon/wwwroot'
    'REMOTE_ADDR' => '127.0.0.1'
    'SERVER_PORT' => '80'
    'SERVER_ADDR' => '127.0.0.9'
    'SERVER_NAME' => '127.0.0.9'
    'SERVER_SOFTWARE' => 'Apache/2.4.10 (Win32) OpenSSL/1.0.1i mod_fcgid/2.3.9'
    'SERVER_SIGNATURE' => ''
    'SystemRoot' => 'C:\\WINDOWS'
    'HTTP_UPGRADE_INSECURE_REQUESTS' => '1'
    'HTTP_CONNECTION' => 'close'
    'HTTP_COOKIE' => '__user_identity=1ef6796baa2d0be517468dc633616033c5df5a1e59ef1b6cbe455c2690eb0873a%3A2%3A%7Bi%3A0%3Bs%3A15%3A%22__user_identity%22%3Bi%3A1%3Bs%3A16%3A%22%5B%221%22%2C%22%22%2C2592000%5D%22%3B%7D; __employer_identity=4accb992eef9336ec6ef2c71a844fe8e6dda5eda774d763a8f4df88a8ef004d3a%3A2%3A%7Bi%3A0%3Bs%3A19%3A%22__employer_identity%22%3Bi%3A1%3Bs%3A19%3A%22%5B%2268%22%2Cnull%2C2592000%5D%22%3B%7D; PHPSESSID=5rto0qnpmujs7t5jjai66e4r77; _csrf=3edf168fcd4479ea603029beb71c74ff0d3d4570dc937b3ab396c678681058e1a%3A2%3A%7Bi%3A0%3Bs%3A5%3A%22_csrf%22%3Bi%3A1%3Bs%3A32%3A%22UQOhvKpaXts0qjp-TDEvK8hNERaOUCpo%22%3B%7D'
    'HTTP_ACCEPT_ENCODING' => 'gzip, deflate'
    'HTTP_ACCEPT_LANGUAGE' => 'zh-CN,zh;q=0.8,en-US;q=0.5,en;q=0.3'
    'HTTP_ACCEPT' => 'text/html,application/xhtml+xml,application/xml;q=0.9,*/*;q=0.8'
    'HTTP_USER_AGENT' => 'Mozilla/5.0 (Windows NT 10.0; WOW64; rv:53.0) Gecko/20100101 Firefox/53.0'
    'HTTP_HOST' => '127.0.0.9'
    'HTTP_AUTHORIZATION' => ''
    'REDIRECT_STATUS' => '200'
    'REDIRECT_HTTP_AUTHORIZATION' => ''
    'FCGI_ROLE' => 'RESPONDER'
    'PHP_SELF' => '/index.php'
    'REQUEST_TIME_FLOAT' => 1498053943.6131
    'REQUEST_TIME' => 1498053943
]
