2017-05-24 22:38:17 [127.0.0.1][-][d0u47vr73j3ump6skkihd52nr4][error][yii\web\HttpException:404] exception 'yii\web\NotFoundHttpException' with message '页面未找到。' in G:\jeendon\vendor\yiisoft\yii2\web\Request.php:190
Stack trace:
#0 G:\jeendon\vendor\yiisoft\yii2\web\Application.php(75): yii\web\Request->resolve()
#1 G:\jeendon\vendor\yiisoft\yii2\base\Application.php(375): yii\web\Application->handleRequest(Object(yii\web\Request))
#2 G:\jeendon\wwwroot\index.php(12): yii\base\Application->run()
#3 {main}
2017-05-24 22:38:17 [127.0.0.1][-][d0u47vr73j3ump6skkihd52nr4][info][application] $_COOKIE = [
    'PHPSESSID' => 'd0u47vr73j3ump6skkihd52nr4'
    '_csrf' => '4d5ddc91631dc30c111fbf2c7cb76e28d57fc6ac67b82eca064d34da7658f71ba:2:{i:0;s:5:\"_csrf\";i:1;s:32:\"NsWFkc-vbnsElWHoV_zbG515OGcCFT0G\";}'
    '__employer_identity' => '4accb992eef9336ec6ef2c71a844fe8e6dda5eda774d763a8f4df88a8ef004d3a:2:{i:0;s:19:\"__employer_identity\";i:1;s:19:\"[\"68\",null,2592000]\";}'
]

$_SESSION = [
    '__flash' => []
    '__employer' => '68'
    'sid.captcha.ylans.cn' => [
        'code' => '2514'
        'time' => 1495636548
    ]
]

$_SERVER = [
    'PATH' => 'C:\\WINDOWS\\system32;C:\\WINDOWS;C:\\WINDOWS\\System32\\Wbem;C:\\WINDOWS\\System32\\WindowsPowerShell\\v1.0\\;D:\\nodejs\\anzhuang\\;D:\\phpStudy\\php55n\\;D:\\svn\\svnserveranzhuang\\bin;D:\\svn\\Tortoisesvnanzhuang\\bin;C:\\Users\\79816\\AppData\\Roaming\\npm;C:\\Users\\79816\\AppData\\Local\\Microsoft\\WindowsApps;D:\\phpStudy\\php55n\\'
    'SYSTEMROOT' => 'C:\\WINDOWS'
    'COMSPEC' => 'C:\\WINDOWS\\system32\\cmd.exe'
    'PATHEXT' => '.COM;.EXE;.BAT;.CMD;.VBS;.VBE;.JS;.JSE;.WSF;.WSH;.MSC'
    'WINDIR' => 'C:\\WINDOWS'
    'PHP_FCGI_MAX_REQUESTS' => '1000'
    'PHPRC' => 'D:/phpStudy/php55n'
    '_FCGI_SHUTDOWN_EVENT_' => '2576'
    'SCRIPT_NAME' => '/index.php'
    'REQUEST_URI' => '/emp-demand-release/images/dpai1.png'
    'QUERY_STRING' => ''
    'REQUEST_METHOD' => 'GET'
    'SERVER_PROTOCOL' => 'HTTP/1.1'
    'GATEWAY_INTERFACE' => 'CGI/1.1'
    'REDIRECT_URL' => '/emp-demand-release/images/dpai1.png'
    'REMOTE_PORT' => '53857'
    'SCRIPT_FILENAME' => 'G:/jeendon/wwwroot/index.php'
    'SERVER_ADMIN' => 'admin@phpStudy.net'
    'CONTEXT_DOCUMENT_ROOT' => 'G:/jeendon/wwwroot'
    'CONTEXT_PREFIX' => ''
    'REQUEST_SCHEME' => 'http'
    'DOCUMENT_ROOT' => 'G:/jeendon/wwwroot'
    'REMOTE_ADDR' => '127.0.0.1'
    'SERVER_PORT' => '80'
    'SERVER_ADDR' => '127.0.0.9'
    'SERVER_NAME' => '127.0.0.9'
    'SERVER_SOFTWARE' => 'Apache/2.4.10 (Win32) OpenSSL/1.0.1i mod_fcgid/2.3.9'
    'SERVER_SIGNATURE' => ''
    'SystemRoot' => 'C:\\WINDOWS'
    'HTTP_CONNECTION' => 'close'
    'HTTP_COOKIE' => 'PHPSESSID=d0u47vr73j3ump6skkihd52nr4; _csrf=4d5ddc91631dc30c111fbf2c7cb76e28d57fc6ac67b82eca064d34da7658f71ba%3A2%3A%7Bi%3A0%3Bs%3A5%3A%22_csrf%22%3Bi%3A1%3Bs%3A32%3A%22NsWFkc-vbnsElWHoV_zbG515OGcCFT0G%22%3B%7D; __employer_identity=4accb992eef9336ec6ef2c71a844fe8e6dda5eda774d763a8f4df88a8ef004d3a%3A2%3A%7Bi%3A0%3Bs%3A19%3A%22__employer_identity%22%3Bi%3A1%3Bs%3A19%3A%22%5B%2268%22%2Cnull%2C2592000%5D%22%3B%7D'
    'HTTP_REFERER' => 'http://127.0.0.9/emp-demand-release/demand-describe.html?order_type=1'
    'HTTP_ACCEPT_ENCODING' => 'gzip, deflate'
    'HTTP_ACCEPT_LANGUAGE' => 'zh-CN,zh;q=0.8,en-US;q=0.5,en;q=0.3'
    'HTTP_ACCEPT' => '*/*'
    'HTTP_USER_AGENT' => 'Mozilla/5.0 (Windows NT 10.0; WOW64; rv:53.0) Gecko/20100101 Firefox/53.0'
    'HTTP_HOST' => '127.0.0.9'
    'HTTP_AUTHORIZATION' => ''
    'REDIRECT_STATUS' => '200'
    'REDIRECT_HTTP_AUTHORIZATION' => ''
    'FCGI_ROLE' => 'RESPONDER'
    'PHP_SELF' => '/index.php'
    'REQUEST_TIME_FLOAT' => 1495636697.5922
    'REQUEST_TIME' => 1495636697
]
