2017-07-04 21:01:07 [127.0.0.1][-][i15ti3qd1f331th0qavb276qh0][error][yii\web\HttpException:404] exception 'yii\web\NotFoundHttpException' with message '页面未找到。' in G:\jeendon\vendor\yiisoft\yii2\web\Request.php:190
Stack trace:
#0 G:\jeendon\vendor\yiisoft\yii2\web\Application.php(75): yii\web\Request->resolve()
#1 G:\jeendon\vendor\yiisoft\yii2\base\Application.php(375): yii\web\Application->handleRequest(Object(yii\web\Request))
#2 G:\jeendon\wwwroot\index.php(12): yii\base\Application->run()
#3 {main}
2017-07-04 21:01:07 [127.0.0.1][-][i15ti3qd1f331th0qavb276qh0][info][application] $_COOKIE = [
    '_csrf' => '6b5d675b64155c330917e5016e17966ee377b84c734d48ed4f9619fdae942040a:2:{i:0;s:5:\"_csrf\";i:1;s:32:\"JZnISR4083JJpN4OwE4jooOIlivd32-G\";}'
    'PHPSESSID' => 'i15ti3qd1f331th0qavb276qh0'
]

$_SESSION = [
    '__flash' => []
    '__engineer' => '45'
    'sid.captcha.ylans.cn' => [
        'code' => '3473'
        'time' => 1498977644
    ]
    '__user' => '1'
    '__employer' => '85'
]

$_SERVER = [
    'PATH' => 'C:\\WINDOWS\\system32;C:\\WINDOWS;C:\\WINDOWS\\System32\\Wbem;C:\\WINDOWS\\System32\\WindowsPowerShell\\v1.0\\;D:\\nodejs\\anzhuang\\;D:\\phpStudy\\php55n\\;D:\\svn\\svnserveranzhuang\\bin;D:\\svn\\Tortoisesvnanzhuang\\bin;C:\\Users\\79816\\AppData\\Roaming\\npm;C:\\Users\\79816\\AppData\\Local\\Microsoft\\WindowsApps;D:\\phpStudy\\php55n\\'
    'SYSTEMROOT' => 'C:\\WINDOWS'
    'COMSPEC' => 'C:\\WINDOWS\\system32\\cmd.exe'
    'PATHEXT' => '.COM;.EXE;.BAT;.CMD;.VBS;.VBE;.JS;.JSE;.WSF;.WSH;.MSC'
    'WINDIR' => 'C:\\WINDOWS'
    'PHP_FCGI_MAX_REQUESTS' => '1000'
    'PHPRC' => 'D:/phpStudy/php55n'
    '_FCGI_SHUTDOWN_EVENT_' => '3008'
    'SCRIPT_NAME' => '/index.php'
    'REQUEST_URI' => '/emp-demand-release/images/dpai1.png'
    'QUERY_STRING' => ''
    'REQUEST_METHOD' => 'GET'
    'SERVER_PROTOCOL' => 'HTTP/1.1'
    'GATEWAY_INTERFACE' => 'CGI/1.1'
    'REDIRECT_URL' => '/emp-demand-release/images/dpai1.png'
    'REMOTE_PORT' => '51078'
    'SCRIPT_FILENAME' => 'G:/jeendon/wwwroot/index.php'
    'SERVER_ADMIN' => 'admin@phpStudy.net'
    'CONTEXT_DOCUMENT_ROOT' => 'G:/jeendon/wwwroot'
    'CONTEXT_PREFIX' => ''
    'REQUEST_SCHEME' => 'http'
    'DOCUMENT_ROOT' => 'G:/jeendon/wwwroot'
    'REMOTE_ADDR' => '127.0.0.1'
    'SERVER_PORT' => '80'
    'SERVER_ADDR' => '127.0.0.9'
    'SERVER_NAME' => '127.0.0.9'
    'SERVER_SOFTWARE' => 'Apache/2.4.10 (Win32) OpenSSL/1.0.1i mod_fcgid/2.3.9'
    'SERVER_SIGNATURE' => ''
    'SystemRoot' => 'C:\\WINDOWS'
    'HTTP_COOKIE' => '_csrf=6b5d675b64155c330917e5016e17966ee377b84c734d48ed4f9619fdae942040a%3A2%3A%7Bi%3A0%3Bs%3A5%3A%22_csrf%22%3Bi%3A1%3Bs%3A32%3A%22JZnISR4083JJpN4OwE4jooOIlivd32-G%22%3B%7D; PHPSESSID=i15ti3qd1f331th0qavb276qh0'
    'HTTP_ACCEPT_LANGUAGE' => 'zh-CN,zh;q=0.8'
    'HTTP_ACCEPT_ENCODING' => 'gzip, deflate, sdch, br'
    'HTTP_REFERER' => 'http://127.0.0.9/emp-demand-release/demand-describe.html?order_id=323'
    'HTTP_ACCEPT' => 'image/webp,image/*,*/*;q=0.8'
    'HTTP_USER_AGENT' => 'Mozilla/5.0 (Windows NT 10.0; WOW64) AppleWebKit/537.36 (KHTML, like Gecko) Chrome/57.0.2987.110 Safari/537.36'
    'HTTP_CONNECTION' => 'close'
    'HTTP_HOST' => '127.0.0.9'
    'HTTP_AUTHORIZATION' => ''
    'REDIRECT_STATUS' => '200'
    'REDIRECT_HTTP_AUTHORIZATION' => ''
    'FCGI_ROLE' => 'RESPONDER'
    'PHP_SELF' => '/index.php'
    'REQUEST_TIME_FLOAT' => 1499173267.6784
    'REQUEST_TIME' => 1499173267
]
2017-07-04 21:09:58 [127.0.0.1][-][i15ti3qd1f331th0qavb276qh0][error][yii\web\HttpException:404] exception 'yii\web\NotFoundHttpException' with message '页面未找到。' in G:\jeendon\vendor\yiisoft\yii2\web\Request.php:190
Stack trace:
#0 G:\jeendon\vendor\yiisoft\yii2\web\Application.php(75): yii\web\Request->resolve()
#1 G:\jeendon\vendor\yiisoft\yii2\base\Application.php(375): yii\web\Application->handleRequest(Object(yii\web\Request))
#2 G:\jeendon\wwwroot\index.php(12): yii\base\Application->run()
#3 {main}
2017-07-04 21:09:58 [127.0.0.1][-][i15ti3qd1f331th0qavb276qh0][info][application] $_COOKIE = [
    '_csrf' => '6b5d675b64155c330917e5016e17966ee377b84c734d48ed4f9619fdae942040a:2:{i:0;s:5:\"_csrf\";i:1;s:32:\"JZnISR4083JJpN4OwE4jooOIlivd32-G\";}'
    'PHPSESSID' => 'i15ti3qd1f331th0qavb276qh0'
]

$_SESSION = [
    '__flash' => []
    '__engineer' => '45'
    'sid.captcha.ylans.cn' => [
        'code' => '3473'
        'time' => 1498977644
    ]
    '__user' => '1'
    '__employer' => '85'
]

$_SERVER = [
    'PATH' => 'C:\\WINDOWS\\system32;C:\\WINDOWS;C:\\WINDOWS\\System32\\Wbem;C:\\WINDOWS\\System32\\WindowsPowerShell\\v1.0\\;D:\\nodejs\\anzhuang\\;D:\\phpStudy\\php55n\\;D:\\svn\\svnserveranzhuang\\bin;D:\\svn\\Tortoisesvnanzhuang\\bin;C:\\Users\\79816\\AppData\\Roaming\\npm;C:\\Users\\79816\\AppData\\Local\\Microsoft\\WindowsApps;D:\\phpStudy\\php55n\\'
    'SYSTEMROOT' => 'C:\\WINDOWS'
    'COMSPEC' => 'C:\\WINDOWS\\system32\\cmd.exe'
    'PATHEXT' => '.COM;.EXE;.BAT;.CMD;.VBS;.VBE;.JS;.JSE;.WSF;.WSH;.MSC'
    'WINDIR' => 'C:\\WINDOWS'
    'PHP_FCGI_MAX_REQUESTS' => '1000'
    'PHPRC' => 'D:/phpStudy/php55n'
    '_FCGI_SHUTDOWN_EVENT_' => '2608'
    'SCRIPT_NAME' => '/index.php'
    'REQUEST_URI' => '/emp-demand-release/images/dpai1.png'
    'QUERY_STRING' => ''
    'REQUEST_METHOD' => 'GET'
    'SERVER_PROTOCOL' => 'HTTP/1.1'
    'GATEWAY_INTERFACE' => 'CGI/1.1'
    'REDIRECT_URL' => '/emp-demand-release/images/dpai1.png'
    'REMOTE_PORT' => '52253'
    'SCRIPT_FILENAME' => 'G:/jeendon/wwwroot/index.php'
    'SERVER_ADMIN' => 'admin@phpStudy.net'
    'CONTEXT_DOCUMENT_ROOT' => 'G:/jeendon/wwwroot'
    'CONTEXT_PREFIX' => ''
    'REQUEST_SCHEME' => 'http'
    'DOCUMENT_ROOT' => 'G:/jeendon/wwwroot'
    'REMOTE_ADDR' => '127.0.0.1'
    'SERVER_PORT' => '80'
    'SERVER_ADDR' => '127.0.0.9'
    'SERVER_NAME' => '127.0.0.9'
    'SERVER_SOFTWARE' => 'Apache/2.4.10 (Win32) OpenSSL/1.0.1i mod_fcgid/2.3.9'
    'SERVER_SIGNATURE' => ''
    'SystemRoot' => 'C:\\WINDOWS'
    'HTTP_COOKIE' => '_csrf=6b5d675b64155c330917e5016e17966ee377b84c734d48ed4f9619fdae942040a%3A2%3A%7Bi%3A0%3Bs%3A5%3A%22_csrf%22%3Bi%3A1%3Bs%3A32%3A%22JZnISR4083JJpN4OwE4jooOIlivd32-G%22%3B%7D; PHPSESSID=i15ti3qd1f331th0qavb276qh0'
    'HTTP_ACCEPT_LANGUAGE' => 'zh-CN,zh;q=0.8'
    'HTTP_ACCEPT_ENCODING' => 'gzip, deflate, sdch, br'
    'HTTP_REFERER' => 'http://127.0.0.9/emp-demand-release/demand-describe.html?order_id=323'
    'HTTP_ACCEPT' => 'image/webp,image/*,*/*;q=0.8'
    'HTTP_USER_AGENT' => 'Mozilla/5.0 (Windows NT 10.0; WOW64) AppleWebKit/537.36 (KHTML, like Gecko) Chrome/57.0.2987.110 Safari/537.36'
    'HTTP_CONNECTION' => 'close'
    'HTTP_HOST' => '127.0.0.9'
    'HTTP_AUTHORIZATION' => ''
    'REDIRECT_STATUS' => '200'
    'REDIRECT_HTTP_AUTHORIZATION' => ''
    'FCGI_ROLE' => 'RESPONDER'
    'PHP_SELF' => '/index.php'
    'REQUEST_TIME_FLOAT' => 1499173798.3886
    'REQUEST_TIME' => 1499173798
]
2017-07-04 21:41:36 [127.0.0.1][-][i15ti3qd1f331th0qavb276qh0][error][yii\web\HttpException:404] exception 'yii\web\NotFoundHttpException' with message '页面未找到。' in G:\jeendon\vendor\yiisoft\yii2\web\Request.php:190
Stack trace:
#0 G:\jeendon\vendor\yiisoft\yii2\web\Application.php(75): yii\web\Request->resolve()
#1 G:\jeendon\vendor\yiisoft\yii2\base\Application.php(375): yii\web\Application->handleRequest(Object(yii\web\Request))
#2 G:\jeendon\wwwroot\index.php(12): yii\base\Application->run()
#3 {main}
2017-07-04 21:41:36 [127.0.0.1][-][i15ti3qd1f331th0qavb276qh0][info][application] $_COOKIE = [
    '_csrf' => '6b5d675b64155c330917e5016e17966ee377b84c734d48ed4f9619fdae942040a:2:{i:0;s:5:\"_csrf\";i:1;s:32:\"JZnISR4083JJpN4OwE4jooOIlivd32-G\";}'
    'PHPSESSID' => 'i15ti3qd1f331th0qavb276qh0'
]

$_SESSION = [
    '__flash' => []
    '__engineer' => '45'
    'sid.captcha.ylans.cn' => [
        'code' => '3473'
        'time' => 1498977644
    ]
    '__user' => '1'
    '__employer' => '85'
]

$_SERVER = [
    'PATH' => 'C:\\WINDOWS\\system32;C:\\WINDOWS;C:\\WINDOWS\\System32\\Wbem;C:\\WINDOWS\\System32\\WindowsPowerShell\\v1.0\\;D:\\nodejs\\anzhuang\\;D:\\phpStudy\\php55n\\;D:\\svn\\svnserveranzhuang\\bin;D:\\svn\\Tortoisesvnanzhuang\\bin;C:\\Users\\79816\\AppData\\Roaming\\npm;C:\\Users\\79816\\AppData\\Local\\Microsoft\\WindowsApps;D:\\phpStudy\\php55n\\'
    'SYSTEMROOT' => 'C:\\WINDOWS'
    'COMSPEC' => 'C:\\WINDOWS\\system32\\cmd.exe'
    'PATHEXT' => '.COM;.EXE;.BAT;.CMD;.VBS;.VBE;.JS;.JSE;.WSF;.WSH;.MSC'
    'WINDIR' => 'C:\\WINDOWS'
    'PHP_FCGI_MAX_REQUESTS' => '1000'
    'PHPRC' => 'D:/phpStudy/php55n'
    '_FCGI_SHUTDOWN_EVENT_' => '2720'
    'SCRIPT_NAME' => '/index.php'
    'REQUEST_URI' => '/emp-demand-release/images/dpai1.png'
    'QUERY_STRING' => ''
    'REQUEST_METHOD' => 'GET'
    'SERVER_PROTOCOL' => 'HTTP/1.1'
    'GATEWAY_INTERFACE' => 'CGI/1.1'
    'REDIRECT_URL' => '/emp-demand-release/images/dpai1.png'
    'REMOTE_PORT' => '53792'
    'SCRIPT_FILENAME' => 'G:/jeendon/wwwroot/index.php'
    'SERVER_ADMIN' => 'admin@phpStudy.net'
    'CONTEXT_DOCUMENT_ROOT' => 'G:/jeendon/wwwroot'
    'CONTEXT_PREFIX' => ''
    'REQUEST_SCHEME' => 'http'
    'DOCUMENT_ROOT' => 'G:/jeendon/wwwroot'
    'REMOTE_ADDR' => '127.0.0.1'
    'SERVER_PORT' => '80'
    'SERVER_ADDR' => '127.0.0.9'
    'SERVER_NAME' => '127.0.0.9'
    'SERVER_SOFTWARE' => 'Apache/2.4.10 (Win32) OpenSSL/1.0.1i mod_fcgid/2.3.9'
    'SERVER_SIGNATURE' => ''
    'SystemRoot' => 'C:\\WINDOWS'
    'HTTP_COOKIE' => '_csrf=6b5d675b64155c330917e5016e17966ee377b84c734d48ed4f9619fdae942040a%3A2%3A%7Bi%3A0%3Bs%3A5%3A%22_csrf%22%3Bi%3A1%3Bs%3A32%3A%22JZnISR4083JJpN4OwE4jooOIlivd32-G%22%3B%7D; PHPSESSID=i15ti3qd1f331th0qavb276qh0'
    'HTTP_ACCEPT_LANGUAGE' => 'zh-CN,zh;q=0.8'
    'HTTP_ACCEPT_ENCODING' => 'gzip, deflate, sdch, br'
    'HTTP_REFERER' => 'http://127.0.0.9/emp-demand-release/demand-describe.html?order_id=323'
    'HTTP_ACCEPT' => 'image/webp,image/*,*/*;q=0.8'
    'HTTP_USER_AGENT' => 'Mozilla/5.0 (Windows NT 10.0; WOW64) AppleWebKit/537.36 (KHTML, like Gecko) Chrome/57.0.2987.110 Safari/537.36'
    'HTTP_CONNECTION' => 'close'
    'HTTP_HOST' => '127.0.0.9'
    'HTTP_AUTHORIZATION' => ''
    'REDIRECT_STATUS' => '200'
    'REDIRECT_HTTP_AUTHORIZATION' => ''
    'FCGI_ROLE' => 'RESPONDER'
    'PHP_SELF' => '/index.php'
    'REQUEST_TIME_FLOAT' => 1499175696.6882
    'REQUEST_TIME' => 1499175696
]
2017-07-04 21:42:45 [127.0.0.1][-][i15ti3qd1f331th0qavb276qh0][error][yii\web\HttpException:404] exception 'yii\web\NotFoundHttpException' with message '页面未找到。' in G:\jeendon\vendor\yiisoft\yii2\web\Request.php:190
Stack trace:
#0 G:\jeendon\vendor\yiisoft\yii2\web\Application.php(75): yii\web\Request->resolve()
#1 G:\jeendon\vendor\yiisoft\yii2\base\Application.php(375): yii\web\Application->handleRequest(Object(yii\web\Request))
#2 G:\jeendon\wwwroot\index.php(12): yii\base\Application->run()
#3 {main}
2017-07-04 21:42:45 [127.0.0.1][-][i15ti3qd1f331th0qavb276qh0][info][application] $_COOKIE = [
    '_csrf' => '6b5d675b64155c330917e5016e17966ee377b84c734d48ed4f9619fdae942040a:2:{i:0;s:5:\"_csrf\";i:1;s:32:\"JZnISR4083JJpN4OwE4jooOIlivd32-G\";}'
    'PHPSESSID' => 'i15ti3qd1f331th0qavb276qh0'
]

$_SESSION = [
    '__flash' => []
    '__engineer' => '45'
    'sid.captcha.ylans.cn' => [
        'code' => '3473'
        'time' => 1498977644
    ]
    '__user' => '1'
    '__employer' => '85'
]

$_SERVER = [
    'PATH' => 'C:\\WINDOWS\\system32;C:\\WINDOWS;C:\\WINDOWS\\System32\\Wbem;C:\\WINDOWS\\System32\\WindowsPowerShell\\v1.0\\;D:\\nodejs\\anzhuang\\;D:\\phpStudy\\php55n\\;D:\\svn\\svnserveranzhuang\\bin;D:\\svn\\Tortoisesvnanzhuang\\bin;C:\\Users\\79816\\AppData\\Roaming\\npm;C:\\Users\\79816\\AppData\\Local\\Microsoft\\WindowsApps;D:\\phpStudy\\php55n\\'
    'SYSTEMROOT' => 'C:\\WINDOWS'
    'COMSPEC' => 'C:\\WINDOWS\\system32\\cmd.exe'
    'PATHEXT' => '.COM;.EXE;.BAT;.CMD;.VBS;.VBE;.JS;.JSE;.WSF;.WSH;.MSC'
    'WINDIR' => 'C:\\WINDOWS'
    'PHP_FCGI_MAX_REQUESTS' => '1000'
    'PHPRC' => 'D:/phpStudy/php55n'
    '_FCGI_SHUTDOWN_EVENT_' => '2720'
    'SCRIPT_NAME' => '/index.php'
    'REQUEST_URI' => '/emp-demand-release/images/dpai1.png'
    'QUERY_STRING' => ''
    'REQUEST_METHOD' => 'GET'
    'SERVER_PROTOCOL' => 'HTTP/1.1'
    'GATEWAY_INTERFACE' => 'CGI/1.1'
    'REDIRECT_URL' => '/emp-demand-release/images/dpai1.png'
    'REMOTE_PORT' => '53902'
    'SCRIPT_FILENAME' => 'G:/jeendon/wwwroot/index.php'
    'SERVER_ADMIN' => 'admin@phpStudy.net'
    'CONTEXT_DOCUMENT_ROOT' => 'G:/jeendon/wwwroot'
    'CONTEXT_PREFIX' => ''
    'REQUEST_SCHEME' => 'http'
    'DOCUMENT_ROOT' => 'G:/jeendon/wwwroot'
    'REMOTE_ADDR' => '127.0.0.1'
    'SERVER_PORT' => '80'
    'SERVER_ADDR' => '127.0.0.9'
    'SERVER_NAME' => '127.0.0.9'
    'SERVER_SOFTWARE' => 'Apache/2.4.10 (Win32) OpenSSL/1.0.1i mod_fcgid/2.3.9'
    'SERVER_SIGNATURE' => ''
    'SystemRoot' => 'C:\\WINDOWS'
    'HTTP_COOKIE' => '_csrf=6b5d675b64155c330917e5016e17966ee377b84c734d48ed4f9619fdae942040a%3A2%3A%7Bi%3A0%3Bs%3A5%3A%22_csrf%22%3Bi%3A1%3Bs%3A32%3A%22JZnISR4083JJpN4OwE4jooOIlivd32-G%22%3B%7D; PHPSESSID=i15ti3qd1f331th0qavb276qh0'
    'HTTP_ACCEPT_LANGUAGE' => 'zh-CN,zh;q=0.8'
    'HTTP_ACCEPT_ENCODING' => 'gzip, deflate, sdch, br'
    'HTTP_REFERER' => 'http://127.0.0.9/emp-demand-release/demand-describe.html?order_id=323'
    'HTTP_ACCEPT' => 'image/webp,image/*,*/*;q=0.8'
    'HTTP_USER_AGENT' => 'Mozilla/5.0 (Windows NT 10.0; WOW64) AppleWebKit/537.36 (KHTML, like Gecko) Chrome/57.0.2987.110 Safari/537.36'
    'HTTP_CONNECTION' => 'close'
    'HTTP_HOST' => '127.0.0.9'
    'HTTP_AUTHORIZATION' => ''
    'REDIRECT_STATUS' => '200'
    'REDIRECT_HTTP_AUTHORIZATION' => ''
    'FCGI_ROLE' => 'RESPONDER'
    'PHP_SELF' => '/index.php'
    'REQUEST_TIME_FLOAT' => 1499175765.3829
    'REQUEST_TIME' => 1499175765
]
2017-07-04 21:43:56 [127.0.0.1][-][i15ti3qd1f331th0qavb276qh0][error][yii\base\InvalidParamException] exception 'yii\base\InvalidParamException' with message 'Operator 'LIKE' requires two operands.' in G:\jeendon\vendor\yiisoft\yii2\db\QueryBuilder.php:1206
Stack trace:
#0 G:\jeendon\vendor\yiisoft\yii2\db\QueryBuilder.php(924): yii\db\QueryBuilder->buildLikeCondition('LIKE', Array, '<span class="st...')
#1 G:\jeendon\vendor\yiisoft\yii2\db\QueryBuilder.php(743): yii\db\QueryBuilder->buildCondition(Array, '<span class="st...')
#2 G:\jeendon\vendor\yiisoft\yii2\db\QueryBuilder.php(96): yii\db\QueryBuilder->buildWhere(Array, '<span class="st...')
#3 G:\jeendon\vendor\yiisoft\yii2\db\Query.php(122): yii\db\QueryBuilder->build(Object(yii\db\Query))
#4 G:\jeendon\vendor\yiisoft\yii2\db\Query.php(206): yii\db\Query->createCommand(NULL)
#5 G:\jeendon\widgets\SimilarNeedsWidget.php(28): yii\db\Query->all()
#6 G:\jeendon\vendor\yiisoft\yii2\base\Widget.php(98): app\widgets\SimilarNeedsWidget->run()
#7 G:\jeendon\views\task-hall\hall-detail.php(311): yii\base\Widget::widget(Array)
#8 G:\jeendon\vendor\yiisoft\yii2\base\View.php(325): require('G:\\jeendon\\view...')
#9 G:\jeendon\vendor\yiisoft\yii2\base\View.php(247): yii\base\View->renderPhpFile('G:\\jeendon\\view...', Array)
#10 G:\jeendon\vendor\yiisoft\yii2\base\View.php(149): yii\base\View->renderFile('G:\\jeendon\\view...', Array, Object(app\controllers\TaskHallController))
#11 G:\jeendon\vendor\yiisoft\yii2\base\Controller.php(371): yii\base\View->render('hall-detail', Array, Object(app\controllers\TaskHallController))
#12 G:\jeendon\controllers\TaskHallController.php(204): yii\base\Controller->render('hall-detail', Array)
#13 [internal function]: app\controllers\TaskHallController->actionHallDetail('211')
#14 G:\jeendon\vendor\yiisoft\yii2\base\InlineAction.php(55): call_user_func_array(Array, Array)
#15 G:\jeendon\vendor\yiisoft\yii2\base\Controller.php(151): yii\base\InlineAction->runWithParams(Array)
#16 G:\jeendon\vendor\yiisoft\yii2\base\Module.php(455): yii\base\Controller->runAction('hall-detail', Array)
#17 G:\jeendon\vendor\yiisoft\yii2\web\Application.php(84): yii\base\Module->runAction('task-hall/hall-...', Array)
#18 G:\jeendon\vendor\yiisoft\yii2\base\Application.php(375): yii\web\Application->handleRequest(Object(yii\web\Request))
#19 G:\jeendon\wwwroot\index.php(12): yii\base\Application->run()
#20 {main}
2017-07-04 21:43:55 [127.0.0.1][-][i15ti3qd1f331th0qavb276qh0][info][application] $_GET = [
    'task_id' => '211'
]

$_COOKIE = [
    '_csrf' => '6b5d675b64155c330917e5016e17966ee377b84c734d48ed4f9619fdae942040a:2:{i:0;s:5:\"_csrf\";i:1;s:32:\"JZnISR4083JJpN4OwE4jooOIlivd32-G\";}'
    'PHPSESSID' => 'i15ti3qd1f331th0qavb276qh0'
]

$_SESSION = [
    '__flash' => []
    '__engineer' => '45'
    'sid.captcha.ylans.cn' => [
        'code' => '3473'
        'time' => 1498977644
    ]
    '__user' => '1'
    '__employer' => '85'
]

$_SERVER = [
    'PATH' => 'C:\\WINDOWS\\system32;C:\\WINDOWS;C:\\WINDOWS\\System32\\Wbem;C:\\WINDOWS\\System32\\WindowsPowerShell\\v1.0\\;D:\\nodejs\\anzhuang\\;D:\\phpStudy\\php55n\\;D:\\svn\\svnserveranzhuang\\bin;D:\\svn\\Tortoisesvnanzhuang\\bin;C:\\Users\\79816\\AppData\\Roaming\\npm;C:\\Users\\79816\\AppData\\Local\\Microsoft\\WindowsApps;D:\\phpStudy\\php55n\\'
    'SYSTEMROOT' => 'C:\\WINDOWS'
    'COMSPEC' => 'C:\\WINDOWS\\system32\\cmd.exe'
    'PATHEXT' => '.COM;.EXE;.BAT;.CMD;.VBS;.VBE;.JS;.JSE;.WSF;.WSH;.MSC'
    'WINDIR' => 'C:\\WINDOWS'
    'PHP_FCGI_MAX_REQUESTS' => '1000'
    'PHPRC' => 'D:/phpStudy/php55n'
    '_FCGI_SHUTDOWN_EVENT_' => '2720'
    'SCRIPT_NAME' => '/index.php'
    'REQUEST_URI' => '/task-hall/hall-detail.html?task_id=211'
    'QUERY_STRING' => 'task_id=211'
    'REQUEST_METHOD' => 'GET'
    'SERVER_PROTOCOL' => 'HTTP/1.1'
    'GATEWAY_INTERFACE' => 'CGI/1.1'
    'REDIRECT_URL' => '/task-hall/hall-detail.html'
    'REDIRECT_QUERY_STRING' => 'task_id=211'
    'REMOTE_PORT' => '54029'
    'SCRIPT_FILENAME' => 'G:/jeendon/wwwroot/index.php'
    'SERVER_ADMIN' => 'admin@phpStudy.net'
    'CONTEXT_DOCUMENT_ROOT' => 'G:/jeendon/wwwroot'
    'CONTEXT_PREFIX' => ''
    'REQUEST_SCHEME' => 'http'
    'DOCUMENT_ROOT' => 'G:/jeendon/wwwroot'
    'REMOTE_ADDR' => '127.0.0.1'
    'SERVER_PORT' => '80'
    'SERVER_ADDR' => '127.0.0.9'
    'SERVER_NAME' => '127.0.0.9'
    'SERVER_SOFTWARE' => 'Apache/2.4.10 (Win32) OpenSSL/1.0.1i mod_fcgid/2.3.9'
    'SERVER_SIGNATURE' => ''
    'SystemRoot' => 'C:\\WINDOWS'
    'HTTP_COOKIE' => '_csrf=6b5d675b64155c330917e5016e17966ee377b84c734d48ed4f9619fdae942040a%3A2%3A%7Bi%3A0%3Bs%3A5%3A%22_csrf%22%3Bi%3A1%3Bs%3A32%3A%22JZnISR4083JJpN4OwE4jooOIlivd32-G%22%3B%7D; PHPSESSID=i15ti3qd1f331th0qavb276qh0'
    'HTTP_ACCEPT_LANGUAGE' => 'zh-CN,zh;q=0.8'
    'HTTP_ACCEPT_ENCODING' => 'gzip, deflate, sdch, br'
    'HTTP_REFERER' => 'http://127.0.0.9/task-hall/hall-index.html'
    'HTTP_ACCEPT' => 'text/html,application/xhtml+xml,application/xml;q=0.9,image/webp,*/*;q=0.8'
    'HTTP_USER_AGENT' => 'Mozilla/5.0 (Windows NT 10.0; WOW64) AppleWebKit/537.36 (KHTML, like Gecko) Chrome/57.0.2987.110 Safari/537.36'
    'HTTP_UPGRADE_INSECURE_REQUESTS' => '1'
    'HTTP_CONNECTION' => 'close'
    'HTTP_HOST' => '127.0.0.9'
    'HTTP_AUTHORIZATION' => ''
    'REDIRECT_STATUS' => '200'
    'REDIRECT_HTTP_AUTHORIZATION' => ''
    'FCGI_ROLE' => 'RESPONDER'
    'PHP_SELF' => '/index.php'
    'REQUEST_TIME_FLOAT' => 1499175835.8059
    'REQUEST_TIME' => 1499175835
]
2017-07-04 21:53:39 [127.0.0.1][-][i15ti3qd1f331th0qavb276qh0][error][yii\web\HttpException:404] exception 'yii\web\NotFoundHttpException' with message '页面未找到。' in G:\jeendon\vendor\yiisoft\yii2\web\Request.php:190
Stack trace:
#0 G:\jeendon\vendor\yiisoft\yii2\web\Application.php(75): yii\web\Request->resolve()
#1 G:\jeendon\vendor\yiisoft\yii2\base\Application.php(375): yii\web\Application->handleRequest(Object(yii\web\Request))
#2 G:\jeendon\wwwroot\index.php(12): yii\base\Application->run()
#3 {main}
2017-07-04 21:53:39 [127.0.0.1][-][i15ti3qd1f331th0qavb276qh0][info][application] $_COOKIE = [
    '_csrf' => '6b5d675b64155c330917e5016e17966ee377b84c734d48ed4f9619fdae942040a:2:{i:0;s:5:\"_csrf\";i:1;s:32:\"JZnISR4083JJpN4OwE4jooOIlivd32-G\";}'
    'PHPSESSID' => 'i15ti3qd1f331th0qavb276qh0'
]

$_SESSION = [
    '__flash' => []
    '__engineer' => '45'
    'sid.captcha.ylans.cn' => [
        'code' => '6744'
        'time' => 1499175847
    ]
    '__user' => '1'
    '__employer' => '85'
]

$_SERVER = [
    'PATH' => 'C:\\WINDOWS\\system32;C:\\WINDOWS;C:\\WINDOWS\\System32\\Wbem;C:\\WINDOWS\\System32\\WindowsPowerShell\\v1.0\\;D:\\nodejs\\anzhuang\\;D:\\phpStudy\\php55n\\;D:\\svn\\svnserveranzhuang\\bin;D:\\svn\\Tortoisesvnanzhuang\\bin;C:\\Users\\79816\\AppData\\Roaming\\npm;C:\\Users\\79816\\AppData\\Local\\Microsoft\\WindowsApps;D:\\phpStudy\\php55n\\'
    'SYSTEMROOT' => 'C:\\WINDOWS'
    'COMSPEC' => 'C:\\WINDOWS\\system32\\cmd.exe'
    'PATHEXT' => '.COM;.EXE;.BAT;.CMD;.VBS;.VBE;.JS;.JSE;.WSF;.WSH;.MSC'
    'WINDIR' => 'C:\\WINDOWS'
    'PHP_FCGI_MAX_REQUESTS' => '1000'
    'PHPRC' => 'D:/phpStudy/php55n'
    '_FCGI_SHUTDOWN_EVENT_' => '2236'
    'SCRIPT_NAME' => '/index.php'
    'REQUEST_URI' => '/attachement/image/admin/2017/05/05/7/e/1/3/590bf2e3e092e.jpg'
    'QUERY_STRING' => ''
    'REQUEST_METHOD' => 'GET'
    'SERVER_PROTOCOL' => 'HTTP/1.1'
    'GATEWAY_INTERFACE' => 'CGI/1.1'
    'REDIRECT_URL' => '/attachement/image/admin/2017/05/05/7/e/1/3/590bf2e3e092e.jpg'
    'REMOTE_PORT' => '55035'
    'SCRIPT_FILENAME' => 'G:/jeendon/wwwroot/index.php'
    'SERVER_ADMIN' => 'admin@phpStudy.net'
    'CONTEXT_DOCUMENT_ROOT' => 'G:/jeendon/wwwroot'
    'CONTEXT_PREFIX' => ''
    'REQUEST_SCHEME' => 'http'
    'DOCUMENT_ROOT' => 'G:/jeendon/wwwroot'
    'REMOTE_ADDR' => '127.0.0.1'
    'SERVER_PORT' => '80'
    'SERVER_ADDR' => '127.0.0.9'
    'SERVER_NAME' => '127.0.0.9'
    'SERVER_SOFTWARE' => 'Apache/2.4.10 (Win32) OpenSSL/1.0.1i mod_fcgid/2.3.9'
    'SERVER_SIGNATURE' => ''
    'SystemRoot' => 'C:\\WINDOWS'
    'HTTP_COOKIE' => '_csrf=6b5d675b64155c330917e5016e17966ee377b84c734d48ed4f9619fdae942040a%3A2%3A%7Bi%3A0%3Bs%3A5%3A%22_csrf%22%3Bi%3A1%3Bs%3A32%3A%22JZnISR4083JJpN4OwE4jooOIlivd32-G%22%3B%7D; PHPSESSID=i15ti3qd1f331th0qavb276qh0'
    'HTTP_ACCEPT_LANGUAGE' => 'zh-CN,zh;q=0.8'
    'HTTP_ACCEPT_ENCODING' => 'gzip, deflate, sdch, br'
    'HTTP_REFERER' => 'http://127.0.0.9/site/index.html'
    'HTTP_ACCEPT' => 'image/webp,image/*,*/*;q=0.8'
    'HTTP_USER_AGENT' => 'Mozilla/5.0 (Windows NT 10.0; WOW64) AppleWebKit/537.36 (KHTML, like Gecko) Chrome/57.0.2987.110 Safari/537.36'
    'HTTP_CONNECTION' => 'close'
    'HTTP_HOST' => '127.0.0.9'
    'HTTP_AUTHORIZATION' => ''
    'REDIRECT_STATUS' => '200'
    'REDIRECT_HTTP_AUTHORIZATION' => ''
    'FCGI_ROLE' => 'RESPONDER'
    'PHP_SELF' => '/index.php'
    'REQUEST_TIME_FLOAT' => 1499176419.7764
    'REQUEST_TIME' => 1499176419
]
2017-07-04 21:53:41 [127.0.0.1][-][i15ti3qd1f331th0qavb276qh0][error][yii\web\HttpException:404] exception 'yii\web\NotFoundHttpException' with message '页面未找到。' in G:\jeendon\vendor\yiisoft\yii2\web\Request.php:190
Stack trace:
#0 G:\jeendon\vendor\yiisoft\yii2\web\Application.php(75): yii\web\Request->resolve()
#1 G:\jeendon\vendor\yiisoft\yii2\base\Application.php(375): yii\web\Application->handleRequest(Object(yii\web\Request))
#2 G:\jeendon\wwwroot\index.php(12): yii\base\Application->run()
#3 {main}
2017-07-04 21:53:40 [127.0.0.1][-][i15ti3qd1f331th0qavb276qh0][info][application] $_COOKIE = [
    '_csrf' => '6b5d675b64155c330917e5016e17966ee377b84c734d48ed4f9619fdae942040a:2:{i:0;s:5:\"_csrf\";i:1;s:32:\"JZnISR4083JJpN4OwE4jooOIlivd32-G\";}'
    'PHPSESSID' => 'i15ti3qd1f331th0qavb276qh0'
]

$_SESSION = [
    '__flash' => []
    '__engineer' => '45'
    'sid.captcha.ylans.cn' => [
        'code' => '6744'
        'time' => 1499175847
    ]
    '__user' => '1'
    '__employer' => '85'
]

$_SERVER = [
    'PATH' => 'C:\\WINDOWS\\system32;C:\\WINDOWS;C:\\WINDOWS\\System32\\Wbem;C:\\WINDOWS\\System32\\WindowsPowerShell\\v1.0\\;D:\\nodejs\\anzhuang\\;D:\\phpStudy\\php55n\\;D:\\svn\\svnserveranzhuang\\bin;D:\\svn\\Tortoisesvnanzhuang\\bin;C:\\Users\\79816\\AppData\\Roaming\\npm;C:\\Users\\79816\\AppData\\Local\\Microsoft\\WindowsApps;D:\\phpStudy\\php55n\\'
    'SYSTEMROOT' => 'C:\\WINDOWS'
    'COMSPEC' => 'C:\\WINDOWS\\system32\\cmd.exe'
    'PATHEXT' => '.COM;.EXE;.BAT;.CMD;.VBS;.VBE;.JS;.JSE;.WSF;.WSH;.MSC'
    'WINDIR' => 'C:\\WINDOWS'
    'PHP_FCGI_MAX_REQUESTS' => '1000'
    'PHPRC' => 'D:/phpStudy/php55n'
    '_FCGI_SHUTDOWN_EVENT_' => '2236'
    'SCRIPT_NAME' => '/index.php'
    'REQUEST_URI' => '/frontend/Public/Uploads/Errorimg/default_touxiang.png'
    'QUERY_STRING' => ''
    'REQUEST_METHOD' => 'GET'
    'SERVER_PROTOCOL' => 'HTTP/1.1'
    'GATEWAY_INTERFACE' => 'CGI/1.1'
    'REDIRECT_URL' => '/frontend/Public/Uploads/Errorimg/default_touxiang.png'
    'REMOTE_PORT' => '55042'
    'SCRIPT_FILENAME' => 'G:/jeendon/wwwroot/index.php'
    'SERVER_ADMIN' => 'admin@phpStudy.net'
    'CONTEXT_DOCUMENT_ROOT' => 'G:/jeendon/wwwroot'
    'CONTEXT_PREFIX' => ''
    'REQUEST_SCHEME' => 'http'
    'DOCUMENT_ROOT' => 'G:/jeendon/wwwroot'
    'REMOTE_ADDR' => '127.0.0.1'
    'SERVER_PORT' => '80'
    'SERVER_ADDR' => '127.0.0.9'
    'SERVER_NAME' => '127.0.0.9'
    'SERVER_SOFTWARE' => 'Apache/2.4.10 (Win32) OpenSSL/1.0.1i mod_fcgid/2.3.9'
    'SERVER_SIGNATURE' => ''
    'SystemRoot' => 'C:\\WINDOWS'
    'HTTP_COOKIE' => '_csrf=6b5d675b64155c330917e5016e17966ee377b84c734d48ed4f9619fdae942040a%3A2%3A%7Bi%3A0%3Bs%3A5%3A%22_csrf%22%3Bi%3A1%3Bs%3A32%3A%22JZnISR4083JJpN4OwE4jooOIlivd32-G%22%3B%7D; PHPSESSID=i15ti3qd1f331th0qavb276qh0'
    'HTTP_ACCEPT_LANGUAGE' => 'zh-CN,zh;q=0.8'
    'HTTP_ACCEPT_ENCODING' => 'gzip, deflate, sdch, br'
    'HTTP_REFERER' => 'http://127.0.0.9/site/index.html'
    'HTTP_ACCEPT' => 'image/webp,image/*,*/*;q=0.8'
    'HTTP_USER_AGENT' => 'Mozilla/5.0 (Windows NT 10.0; WOW64) AppleWebKit/537.36 (KHTML, like Gecko) Chrome/57.0.2987.110 Safari/537.36'
    'HTTP_CONNECTION' => 'close'
    'HTTP_HOST' => '127.0.0.9'
    'HTTP_AUTHORIZATION' => ''
    'REDIRECT_STATUS' => '200'
    'REDIRECT_HTTP_AUTHORIZATION' => ''
    'FCGI_ROLE' => 'RESPONDER'
    'PHP_SELF' => '/index.php'
    'REQUEST_TIME_FLOAT' => 1499176420.936
    'REQUEST_TIME' => 1499176420
]
2017-07-04 21:54:08 [127.0.0.1][-][i15ti3qd1f331th0qavb276qh0][error][yii\web\HttpException:404] exception 'yii\web\NotFoundHttpException' with message '页面未找到。' in G:\jeendon\vendor\yiisoft\yii2\web\Request.php:190
Stack trace:
#0 G:\jeendon\vendor\yiisoft\yii2\web\Application.php(75): yii\web\Request->resolve()
#1 G:\jeendon\vendor\yiisoft\yii2\base\Application.php(375): yii\web\Application->handleRequest(Object(yii\web\Request))
#2 G:\jeendon\wwwroot\index.php(12): yii\base\Application->run()
#3 {main}
2017-07-04 21:54:08 [127.0.0.1][-][i15ti3qd1f331th0qavb276qh0][info][application] $_COOKIE = [
    '_csrf' => '6b5d675b64155c330917e5016e17966ee377b84c734d48ed4f9619fdae942040a:2:{i:0;s:5:\"_csrf\";i:1;s:32:\"JZnISR4083JJpN4OwE4jooOIlivd32-G\";}'
    'PHPSESSID' => 'i15ti3qd1f331th0qavb276qh0'
]

$_SESSION = [
    '__flash' => []
    '__engineer' => '45'
    'sid.captcha.ylans.cn' => [
        'code' => '6744'
        'time' => 1499175847
    ]
    '__user' => '1'
    '__employer' => '85'
]

$_SERVER = [
    'PATH' => 'C:\\WINDOWS\\system32;C:\\WINDOWS;C:\\WINDOWS\\System32\\Wbem;C:\\WINDOWS\\System32\\WindowsPowerShell\\v1.0\\;D:\\nodejs\\anzhuang\\;D:\\phpStudy\\php55n\\;D:\\svn\\svnserveranzhuang\\bin;D:\\svn\\Tortoisesvnanzhuang\\bin;C:\\Users\\79816\\AppData\\Roaming\\npm;C:\\Users\\79816\\AppData\\Local\\Microsoft\\WindowsApps;D:\\phpStudy\\php55n\\'
    'SYSTEMROOT' => 'C:\\WINDOWS'
    'COMSPEC' => 'C:\\WINDOWS\\system32\\cmd.exe'
    'PATHEXT' => '.COM;.EXE;.BAT;.CMD;.VBS;.VBE;.JS;.JSE;.WSF;.WSH;.MSC'
    'WINDIR' => 'C:\\WINDOWS'
    'PHP_FCGI_MAX_REQUESTS' => '1000'
    'PHPRC' => 'D:/phpStudy/php55n'
    '_FCGI_SHUTDOWN_EVENT_' => '2236'
    'SCRIPT_NAME' => '/index.php'
    'REQUEST_URI' => '/emp-demand-release/images/dpai1.png'
    'QUERY_STRING' => ''
    'REQUEST_METHOD' => 'GET'
    'SERVER_PROTOCOL' => 'HTTP/1.1'
    'GATEWAY_INTERFACE' => 'CGI/1.1'
    'REDIRECT_URL' => '/emp-demand-release/images/dpai1.png'
    'REMOTE_PORT' => '55106'
    'SCRIPT_FILENAME' => 'G:/jeendon/wwwroot/index.php'
    'SERVER_ADMIN' => 'admin@phpStudy.net'
    'CONTEXT_DOCUMENT_ROOT' => 'G:/jeendon/wwwroot'
    'CONTEXT_PREFIX' => ''
    'REQUEST_SCHEME' => 'http'
    'DOCUMENT_ROOT' => 'G:/jeendon/wwwroot'
    'REMOTE_ADDR' => '127.0.0.1'
    'SERVER_PORT' => '80'
    'SERVER_ADDR' => '127.0.0.9'
    'SERVER_NAME' => '127.0.0.9'
    'SERVER_SOFTWARE' => 'Apache/2.4.10 (Win32) OpenSSL/1.0.1i mod_fcgid/2.3.9'
    'SERVER_SIGNATURE' => ''
    'SystemRoot' => 'C:\\WINDOWS'
    'HTTP_COOKIE' => '_csrf=6b5d675b64155c330917e5016e17966ee377b84c734d48ed4f9619fdae942040a%3A2%3A%7Bi%3A0%3Bs%3A5%3A%22_csrf%22%3Bi%3A1%3Bs%3A32%3A%22JZnISR4083JJpN4OwE4jooOIlivd32-G%22%3B%7D; PHPSESSID=i15ti3qd1f331th0qavb276qh0'
    'HTTP_ACCEPT_LANGUAGE' => 'zh-CN,zh;q=0.8'
    'HTTP_ACCEPT_ENCODING' => 'gzip, deflate, sdch, br'
    'HTTP_REFERER' => 'http://127.0.0.9/emp-demand-release/demand-describe.html?order_id=323'
    'HTTP_ACCEPT' => 'image/webp,image/*,*/*;q=0.8'
    'HTTP_USER_AGENT' => 'Mozilla/5.0 (Windows NT 10.0; WOW64) AppleWebKit/537.36 (KHTML, like Gecko) Chrome/57.0.2987.110 Safari/537.36'
    'HTTP_CONNECTION' => 'close'
    'HTTP_HOST' => '127.0.0.9'
    'HTTP_AUTHORIZATION' => ''
    'REDIRECT_STATUS' => '200'
    'REDIRECT_HTTP_AUTHORIZATION' => ''
    'FCGI_ROLE' => 'RESPONDER'
    'PHP_SELF' => '/index.php'
    'REQUEST_TIME_FLOAT' => 1499176448.1197
    'REQUEST_TIME' => 1499176448
]
2017-07-04 21:54:59 [127.0.0.1][-][i15ti3qd1f331th0qavb276qh0][error][yii\web\HttpException:404] exception 'yii\web\NotFoundHttpException' with message '页面未找到。' in G:\jeendon\vendor\yiisoft\yii2\web\Request.php:190
Stack trace:
#0 G:\jeendon\vendor\yiisoft\yii2\web\Application.php(75): yii\web\Request->resolve()
#1 G:\jeendon\vendor\yiisoft\yii2\base\Application.php(375): yii\web\Application->handleRequest(Object(yii\web\Request))
#2 G:\jeendon\wwwroot\index.php(12): yii\base\Application->run()
#3 {main}
2017-07-04 21:54:59 [127.0.0.1][-][i15ti3qd1f331th0qavb276qh0][info][application] $_COOKIE = [
    '_csrf' => '6b5d675b64155c330917e5016e17966ee377b84c734d48ed4f9619fdae942040a:2:{i:0;s:5:\"_csrf\";i:1;s:32:\"JZnISR4083JJpN4OwE4jooOIlivd32-G\";}'
    'PHPSESSID' => 'i15ti3qd1f331th0qavb276qh0'
]

$_SESSION = [
    '__flash' => []
    '__engineer' => '45'
    'sid.captcha.ylans.cn' => [
        'code' => '6744'
        'time' => 1499175847
    ]
    '__user' => '1'
    '__employer' => '85'
]

$_SERVER = [
    'PATH' => 'C:\\WINDOWS\\system32;C:\\WINDOWS;C:\\WINDOWS\\System32\\Wbem;C:\\WINDOWS\\System32\\WindowsPowerShell\\v1.0\\;D:\\nodejs\\anzhuang\\;D:\\phpStudy\\php55n\\;D:\\svn\\svnserveranzhuang\\bin;D:\\svn\\Tortoisesvnanzhuang\\bin;C:\\Users\\79816\\AppData\\Roaming\\npm;C:\\Users\\79816\\AppData\\Local\\Microsoft\\WindowsApps;D:\\phpStudy\\php55n\\'
    'SYSTEMROOT' => 'C:\\WINDOWS'
    'COMSPEC' => 'C:\\WINDOWS\\system32\\cmd.exe'
    'PATHEXT' => '.COM;.EXE;.BAT;.CMD;.VBS;.VBE;.JS;.JSE;.WSF;.WSH;.MSC'
    'WINDIR' => 'C:\\WINDOWS'
    'PHP_FCGI_MAX_REQUESTS' => '1000'
    'PHPRC' => 'D:/phpStudy/php55n'
    '_FCGI_SHUTDOWN_EVENT_' => '2236'
    'SCRIPT_NAME' => '/index.php'
    'REQUEST_URI' => '/emp-demand-release/images/dpai1.png'
    'QUERY_STRING' => ''
    'REQUEST_METHOD' => 'GET'
    'SERVER_PROTOCOL' => 'HTTP/1.1'
    'GATEWAY_INTERFACE' => 'CGI/1.1'
    'REDIRECT_URL' => '/emp-demand-release/images/dpai1.png'
    'REMOTE_PORT' => '55199'
    'SCRIPT_FILENAME' => 'G:/jeendon/wwwroot/index.php'
    'SERVER_ADMIN' => 'admin@phpStudy.net'
    'CONTEXT_DOCUMENT_ROOT' => 'G:/jeendon/wwwroot'
    'CONTEXT_PREFIX' => ''
    'REQUEST_SCHEME' => 'http'
    'DOCUMENT_ROOT' => 'G:/jeendon/wwwroot'
    'REMOTE_ADDR' => '127.0.0.1'
    'SERVER_PORT' => '80'
    'SERVER_ADDR' => '127.0.0.9'
    'SERVER_NAME' => '127.0.0.9'
    'SERVER_SOFTWARE' => 'Apache/2.4.10 (Win32) OpenSSL/1.0.1i mod_fcgid/2.3.9'
    'SERVER_SIGNATURE' => ''
    'SystemRoot' => 'C:\\WINDOWS'
    'HTTP_COOKIE' => '_csrf=6b5d675b64155c330917e5016e17966ee377b84c734d48ed4f9619fdae942040a%3A2%3A%7Bi%3A0%3Bs%3A5%3A%22_csrf%22%3Bi%3A1%3Bs%3A32%3A%22JZnISR4083JJpN4OwE4jooOIlivd32-G%22%3B%7D; PHPSESSID=i15ti3qd1f331th0qavb276qh0'
    'HTTP_ACCEPT_LANGUAGE' => 'zh-CN,zh;q=0.8'
    'HTTP_ACCEPT_ENCODING' => 'gzip, deflate, sdch, br'
    'HTTP_REFERER' => 'http://127.0.0.9/emp-demand-release/demand-describe.html?order_id=323'
    'HTTP_ACCEPT' => 'image/webp,image/*,*/*;q=0.8'
    'HTTP_USER_AGENT' => 'Mozilla/5.0 (Windows NT 10.0; WOW64) AppleWebKit/537.36 (KHTML, like Gecko) Chrome/57.0.2987.110 Safari/537.36'
    'HTTP_CONNECTION' => 'close'
    'HTTP_HOST' => '127.0.0.9'
    'HTTP_AUTHORIZATION' => ''
    'REDIRECT_STATUS' => '200'
    'REDIRECT_HTTP_AUTHORIZATION' => ''
    'FCGI_ROLE' => 'RESPONDER'
    'PHP_SELF' => '/index.php'
    'REQUEST_TIME_FLOAT' => 1499176499.6439
    'REQUEST_TIME' => 1499176499
]
2017-07-04 22:08:52 [127.0.0.1][-][i15ti3qd1f331th0qavb276qh0][error][yii\base\InvalidParamException] exception 'yii\base\InvalidParamException' with message 'Operator 'LIKE' requires two operands.' in G:\jeendon\vendor\yiisoft\yii2\db\QueryBuilder.php:1206
Stack trace:
#0 G:\jeendon\vendor\yiisoft\yii2\db\QueryBuilder.php(924): yii\db\QueryBuilder->buildLikeCondition('LIKE', Array, '<span class="st...')
#1 G:\jeendon\vendor\yiisoft\yii2\db\QueryBuilder.php(743): yii\db\QueryBuilder->buildCondition(Array, '<span class="st...')
#2 G:\jeendon\vendor\yiisoft\yii2\db\QueryBuilder.php(96): yii\db\QueryBuilder->buildWhere(Array, '<span class="st...')
#3 G:\jeendon\vendor\yiisoft\yii2\db\Query.php(122): yii\db\QueryBuilder->build(Object(yii\db\Query))
#4 G:\jeendon\vendor\yiisoft\yii2\db\Query.php(206): yii\db\Query->createCommand(NULL)
#5 G:\jeendon\widgets\SimilarNeedsWidget.php(28): yii\db\Query->all()
#6 G:\jeendon\vendor\yiisoft\yii2\base\Widget.php(98): app\widgets\SimilarNeedsWidget->run()
#7 G:\jeendon\views\task-hall\hall-detail.php(311): yii\base\Widget::widget(Array)
#8 G:\jeendon\vendor\yiisoft\yii2\base\View.php(325): require('G:\\jeendon\\view...')
#9 G:\jeendon\vendor\yiisoft\yii2\base\View.php(247): yii\base\View->renderPhpFile('G:\\jeendon\\view...', Array)
#10 G:\jeendon\vendor\yiisoft\yii2\base\View.php(149): yii\base\View->renderFile('G:\\jeendon\\view...', Array, Object(app\controllers\TaskHallController))
#11 G:\jeendon\vendor\yiisoft\yii2\base\Controller.php(371): yii\base\View->render('hall-detail', Array, Object(app\controllers\TaskHallController))
#12 G:\jeendon\controllers\TaskHallController.php(204): yii\base\Controller->render('hall-detail', Array)
#13 [internal function]: app\controllers\TaskHallController->actionHallDetail('211')
#14 G:\jeendon\vendor\yiisoft\yii2\base\InlineAction.php(55): call_user_func_array(Array, Array)
#15 G:\jeendon\vendor\yiisoft\yii2\base\Controller.php(151): yii\base\InlineAction->runWithParams(Array)
#16 G:\jeendon\vendor\yiisoft\yii2\base\Module.php(455): yii\base\Controller->runAction('hall-detail', Array)
#17 G:\jeendon\vendor\yiisoft\yii2\web\Application.php(84): yii\base\Module->runAction('task-hall/hall-...', Array)
#18 G:\jeendon\vendor\yiisoft\yii2\base\Application.php(375): yii\web\Application->handleRequest(Object(yii\web\Request))
#19 G:\jeendon\wwwroot\index.php(12): yii\base\Application->run()
#20 {main}
2017-07-04 22:08:51 [127.0.0.1][-][i15ti3qd1f331th0qavb276qh0][info][application] $_GET = [
    'task_id' => '211'
]

$_COOKIE = [
    '_csrf' => '6b5d675b64155c330917e5016e17966ee377b84c734d48ed4f9619fdae942040a:2:{i:0;s:5:\"_csrf\";i:1;s:32:\"JZnISR4083JJpN4OwE4jooOIlivd32-G\";}'
    'PHPSESSID' => 'i15ti3qd1f331th0qavb276qh0'
]

$_SESSION = [
    '__flash' => []
    '__engineer' => '45'
    'sid.captcha.ylans.cn' => [
        'code' => '3936'
        'time' => 1499176554
    ]
    '__user' => '1'
    '__employer' => '85'
]

$_SERVER = [
    'PATH' => 'C:\\WINDOWS\\system32;C:\\WINDOWS;C:\\WINDOWS\\System32\\Wbem;C:\\WINDOWS\\System32\\WindowsPowerShell\\v1.0\\;D:\\nodejs\\anzhuang\\;D:\\phpStudy\\php55n\\;D:\\svn\\svnserveranzhuang\\bin;D:\\svn\\Tortoisesvnanzhuang\\bin;C:\\Users\\79816\\AppData\\Roaming\\npm;C:\\Users\\79816\\AppData\\Local\\Microsoft\\WindowsApps;D:\\phpStudy\\php55n\\'
    'SYSTEMROOT' => 'C:\\WINDOWS'
    'COMSPEC' => 'C:\\WINDOWS\\system32\\cmd.exe'
    'PATHEXT' => '.COM;.EXE;.BAT;.CMD;.VBS;.VBE;.JS;.JSE;.WSF;.WSH;.MSC'
    'WINDIR' => 'C:\\WINDOWS'
    'PHP_FCGI_MAX_REQUESTS' => '1000'
    'PHPRC' => 'D:/phpStudy/php55n'
    '_FCGI_SHUTDOWN_EVENT_' => '2976'
    'SCRIPT_NAME' => '/index.php'
    'REQUEST_URI' => '/task-hall/hall-detail.html?task_id=211'
    'QUERY_STRING' => 'task_id=211'
    'REQUEST_METHOD' => 'GET'
    'SERVER_PROTOCOL' => 'HTTP/1.1'
    'GATEWAY_INTERFACE' => 'CGI/1.1'
    'REDIRECT_URL' => '/task-hall/hall-detail.html'
    'REDIRECT_QUERY_STRING' => 'task_id=211'
    'REMOTE_PORT' => '56722'
    'SCRIPT_FILENAME' => 'G:/jeendon/wwwroot/index.php'
    'SERVER_ADMIN' => 'admin@phpStudy.net'
    'CONTEXT_DOCUMENT_ROOT' => 'G:/jeendon/wwwroot'
    'CONTEXT_PREFIX' => ''
    'REQUEST_SCHEME' => 'http'
    'DOCUMENT_ROOT' => 'G:/jeendon/wwwroot'
    'REMOTE_ADDR' => '127.0.0.1'
    'SERVER_PORT' => '80'
    'SERVER_ADDR' => '127.0.0.9'
    'SERVER_NAME' => '127.0.0.9'
    'SERVER_SOFTWARE' => 'Apache/2.4.10 (Win32) OpenSSL/1.0.1i mod_fcgid/2.3.9'
    'SERVER_SIGNATURE' => ''
    'SystemRoot' => 'C:\\WINDOWS'
    'HTTP_COOKIE' => '_csrf=6b5d675b64155c330917e5016e17966ee377b84c734d48ed4f9619fdae942040a%3A2%3A%7Bi%3A0%3Bs%3A5%3A%22_csrf%22%3Bi%3A1%3Bs%3A32%3A%22JZnISR4083JJpN4OwE4jooOIlivd32-G%22%3B%7D; PHPSESSID=i15ti3qd1f331th0qavb276qh0'
    'HTTP_ACCEPT_LANGUAGE' => 'zh-CN,zh;q=0.8'
    'HTTP_ACCEPT_ENCODING' => 'gzip, deflate, sdch, br'
    'HTTP_REFERER' => 'http://127.0.0.9/task-hall/hall-index.html?keyword=&status=&type=&page=1'
    'HTTP_ACCEPT' => 'text/html,application/xhtml+xml,application/xml;q=0.9,image/webp,*/*;q=0.8'
    'HTTP_USER_AGENT' => 'Mozilla/5.0 (Windows NT 10.0; WOW64) AppleWebKit/537.36 (KHTML, like Gecko) Chrome/57.0.2987.110 Safari/537.36'
    'HTTP_UPGRADE_INSECURE_REQUESTS' => '1'
    'HTTP_CONNECTION' => 'close'
    'HTTP_HOST' => '127.0.0.9'
    'HTTP_AUTHORIZATION' => ''
    'REDIRECT_STATUS' => '200'
    'REDIRECT_HTTP_AUTHORIZATION' => ''
    'FCGI_ROLE' => 'RESPONDER'
    'PHP_SELF' => '/index.php'
    'REQUEST_TIME_FLOAT' => 1499177331.9134
    'REQUEST_TIME' => 1499177331
]
2017-07-04 22:11:29 [127.0.0.1][-][i15ti3qd1f331th0qavb276qh0][error][yii\base\InvalidParamException] exception 'yii\base\InvalidParamException' with message 'Operator 'LIKE' requires two operands.' in G:\jeendon\vendor\yiisoft\yii2\db\QueryBuilder.php:1206
Stack trace:
#0 G:\jeendon\vendor\yiisoft\yii2\db\QueryBuilder.php(924): yii\db\QueryBuilder->buildLikeCondition('LIKE', Array, '<span class="st...')
#1 G:\jeendon\vendor\yiisoft\yii2\db\QueryBuilder.php(743): yii\db\QueryBuilder->buildCondition(Array, '<span class="st...')
#2 G:\jeendon\vendor\yiisoft\yii2\db\QueryBuilder.php(96): yii\db\QueryBuilder->buildWhere(Array, '<span class="st...')
#3 G:\jeendon\vendor\yiisoft\yii2\db\Query.php(122): yii\db\QueryBuilder->build(Object(yii\db\Query))
#4 G:\jeendon\vendor\yiisoft\yii2\db\Query.php(206): yii\db\Query->createCommand(NULL)
#5 G:\jeendon\widgets\SimilarNeedsWidget.php(28): yii\db\Query->all()
#6 G:\jeendon\vendor\yiisoft\yii2\base\Widget.php(98): app\widgets\SimilarNeedsWidget->run()
#7 G:\jeendon\views\task-hall\hall-detail.php(311): yii\base\Widget::widget(Array)
#8 G:\jeendon\vendor\yiisoft\yii2\base\View.php(325): require('G:\\jeendon\\view...')
#9 G:\jeendon\vendor\yiisoft\yii2\base\View.php(247): yii\base\View->renderPhpFile('G:\\jeendon\\view...', Array)
#10 G:\jeendon\vendor\yiisoft\yii2\base\View.php(149): yii\base\View->renderFile('G:\\jeendon\\view...', Array, Object(app\controllers\TaskHallController))
#11 G:\jeendon\vendor\yiisoft\yii2\base\Controller.php(371): yii\base\View->render('hall-detail', Array, Object(app\controllers\TaskHallController))
#12 G:\jeendon\controllers\TaskHallController.php(207): yii\base\Controller->render('hall-detail', Array)
#13 [internal function]: app\controllers\TaskHallController->actionHallDetail('211')
#14 G:\jeendon\vendor\yiisoft\yii2\base\InlineAction.php(55): call_user_func_array(Array, Array)
#15 G:\jeendon\vendor\yiisoft\yii2\base\Controller.php(151): yii\base\InlineAction->runWithParams(Array)
#16 G:\jeendon\vendor\yiisoft\yii2\base\Module.php(455): yii\base\Controller->runAction('hall-detail', Array)
#17 G:\jeendon\vendor\yiisoft\yii2\web\Application.php(84): yii\base\Module->runAction('task-hall/hall-...', Array)
#18 G:\jeendon\vendor\yiisoft\yii2\base\Application.php(375): yii\web\Application->handleRequest(Object(yii\web\Request))
#19 G:\jeendon\wwwroot\index.php(12): yii\base\Application->run()
#20 {main}
2017-07-04 22:11:29 [127.0.0.1][-][i15ti3qd1f331th0qavb276qh0][info][application] $_GET = [
    'task_id' => '211'
]

$_COOKIE = [
    '_csrf' => '6b5d675b64155c330917e5016e17966ee377b84c734d48ed4f9619fdae942040a:2:{i:0;s:5:\"_csrf\";i:1;s:32:\"JZnISR4083JJpN4OwE4jooOIlivd32-G\";}'
    'PHPSESSID' => 'i15ti3qd1f331th0qavb276qh0'
]

$_SESSION = [
    '__flash' => []
    '__engineer' => '45'
    'sid.captcha.ylans.cn' => [
        'code' => '3936'
        'time' => 1499176554
    ]
    '__user' => '1'
    '__employer' => '85'
]

$_SERVER = [
    'PATH' => 'C:\\WINDOWS\\system32;C:\\WINDOWS;C:\\WINDOWS\\System32\\Wbem;C:\\WINDOWS\\System32\\WindowsPowerShell\\v1.0\\;D:\\nodejs\\anzhuang\\;D:\\phpStudy\\php55n\\;D:\\svn\\svnserveranzhuang\\bin;D:\\svn\\Tortoisesvnanzhuang\\bin;C:\\Users\\79816\\AppData\\Roaming\\npm;C:\\Users\\79816\\AppData\\Local\\Microsoft\\WindowsApps;D:\\phpStudy\\php55n\\'
    'SYSTEMROOT' => 'C:\\WINDOWS'
    'COMSPEC' => 'C:\\WINDOWS\\system32\\cmd.exe'
    'PATHEXT' => '.COM;.EXE;.BAT;.CMD;.VBS;.VBE;.JS;.JSE;.WSF;.WSH;.MSC'
    'WINDIR' => 'C:\\WINDOWS'
    'PHP_FCGI_MAX_REQUESTS' => '1000'
    'PHPRC' => 'D:/phpStudy/php55n'
    '_FCGI_SHUTDOWN_EVENT_' => '2720'
    'SCRIPT_NAME' => '/index.php'
    'REQUEST_URI' => '/task-hall/hall-detail.html?task_id=211'
    'QUERY_STRING' => 'task_id=211'
    'REQUEST_METHOD' => 'GET'
    'SERVER_PROTOCOL' => 'HTTP/1.1'
    'GATEWAY_INTERFACE' => 'CGI/1.1'
    'REDIRECT_URL' => '/task-hall/hall-detail.html'
    'REDIRECT_QUERY_STRING' => 'task_id=211'
    'REMOTE_PORT' => '56975'
    'SCRIPT_FILENAME' => 'G:/jeendon/wwwroot/index.php'
    'SERVER_ADMIN' => 'admin@phpStudy.net'
    'CONTEXT_DOCUMENT_ROOT' => 'G:/jeendon/wwwroot'
    'CONTEXT_PREFIX' => ''
    'REQUEST_SCHEME' => 'http'
    'DOCUMENT_ROOT' => 'G:/jeendon/wwwroot'
    'REMOTE_ADDR' => '127.0.0.1'
    'SERVER_PORT' => '80'
    'SERVER_ADDR' => '127.0.0.9'
    'SERVER_NAME' => '127.0.0.9'
    'SERVER_SOFTWARE' => 'Apache/2.4.10 (Win32) OpenSSL/1.0.1i mod_fcgid/2.3.9'
    'SERVER_SIGNATURE' => ''
    'SystemRoot' => 'C:\\WINDOWS'
    'HTTP_COOKIE' => '_csrf=6b5d675b64155c330917e5016e17966ee377b84c734d48ed4f9619fdae942040a%3A2%3A%7Bi%3A0%3Bs%3A5%3A%22_csrf%22%3Bi%3A1%3Bs%3A32%3A%22JZnISR4083JJpN4OwE4jooOIlivd32-G%22%3B%7D; PHPSESSID=i15ti3qd1f331th0qavb276qh0'
    'HTTP_ACCEPT_LANGUAGE' => 'zh-CN,zh;q=0.8'
    'HTTP_ACCEPT_ENCODING' => 'gzip, deflate, sdch, br'
    'HTTP_REFERER' => 'http://127.0.0.9/task-hall/hall-index.html?keyword=&status=&type=&page=1'
    'HTTP_ACCEPT' => 'text/html,application/xhtml+xml,application/xml;q=0.9,image/webp,*/*;q=0.8'
    'HTTP_USER_AGENT' => 'Mozilla/5.0 (Windows NT 10.0; WOW64) AppleWebKit/537.36 (KHTML, like Gecko) Chrome/57.0.2987.110 Safari/537.36'
    'HTTP_UPGRADE_INSECURE_REQUESTS' => '1'
    'HTTP_CONNECTION' => 'close'
    'HTTP_HOST' => '127.0.0.9'
    'HTTP_AUTHORIZATION' => ''
    'REDIRECT_STATUS' => '200'
    'REDIRECT_HTTP_AUTHORIZATION' => ''
    'FCGI_ROLE' => 'RESPONDER'
    'PHP_SELF' => '/index.php'
    'REQUEST_TIME_FLOAT' => 1499177489.6785
    'REQUEST_TIME' => 1499177489
]
2017-07-04 22:11:54 [127.0.0.1][-][i15ti3qd1f331th0qavb276qh0][error][yii\base\InvalidParamException] exception 'yii\base\InvalidParamException' with message 'Operator 'LIKE' requires two operands.' in G:\jeendon\vendor\yiisoft\yii2\db\QueryBuilder.php:1206
Stack trace:
#0 G:\jeendon\vendor\yiisoft\yii2\db\QueryBuilder.php(924): yii\db\QueryBuilder->buildLikeCondition('LIKE', Array, '<span class="st...')
#1 G:\jeendon\vendor\yiisoft\yii2\db\QueryBuilder.php(743): yii\db\QueryBuilder->buildCondition(Array, '<span class="st...')
#2 G:\jeendon\vendor\yiisoft\yii2\db\QueryBuilder.php(96): yii\db\QueryBuilder->buildWhere(Array, '<span class="st...')
#3 G:\jeendon\vendor\yiisoft\yii2\db\Query.php(122): yii\db\QueryBuilder->build(Object(yii\db\Query))
#4 G:\jeendon\vendor\yiisoft\yii2\db\Query.php(206): yii\db\Query->createCommand(NULL)
#5 G:\jeendon\widgets\SimilarNeedsWidget.php(28): yii\db\Query->all()
#6 G:\jeendon\vendor\yiisoft\yii2\base\Widget.php(98): app\widgets\SimilarNeedsWidget->run()
#7 G:\jeendon\views\task-hall\hall-detail.php(311): yii\base\Widget::widget(Array)
#8 G:\jeendon\vendor\yiisoft\yii2\base\View.php(325): require('G:\\jeendon\\view...')
#9 G:\jeendon\vendor\yiisoft\yii2\base\View.php(247): yii\base\View->renderPhpFile('G:\\jeendon\\view...', Array)
#10 G:\jeendon\vendor\yiisoft\yii2\base\View.php(149): yii\base\View->renderFile('G:\\jeendon\\view...', Array, Object(app\controllers\TaskHallController))
#11 G:\jeendon\vendor\yiisoft\yii2\base\Controller.php(371): yii\base\View->render('hall-detail', Array, Object(app\controllers\TaskHallController))
#12 G:\jeendon\controllers\TaskHallController.php(207): yii\base\Controller->render('hall-detail', Array)
#13 [internal function]: app\controllers\TaskHallController->actionHallDetail('211')
#14 G:\jeendon\vendor\yiisoft\yii2\base\InlineAction.php(55): call_user_func_array(Array, Array)
#15 G:\jeendon\vendor\yiisoft\yii2\base\Controller.php(151): yii\base\InlineAction->runWithParams(Array)
#16 G:\jeendon\vendor\yiisoft\yii2\base\Module.php(455): yii\base\Controller->runAction('hall-detail', Array)
#17 G:\jeendon\vendor\yiisoft\yii2\web\Application.php(84): yii\base\Module->runAction('task-hall/hall-...', Array)
#18 G:\jeendon\vendor\yiisoft\yii2\base\Application.php(375): yii\web\Application->handleRequest(Object(yii\web\Request))
#19 G:\jeendon\wwwroot\index.php(12): yii\base\Application->run()
#20 {main}
2017-07-04 22:11:54 [127.0.0.1][-][i15ti3qd1f331th0qavb276qh0][info][application] $_GET = [
    'task_id' => '211'
]

$_COOKIE = [
    '_csrf' => '6b5d675b64155c330917e5016e17966ee377b84c734d48ed4f9619fdae942040a:2:{i:0;s:5:\"_csrf\";i:1;s:32:\"JZnISR4083JJpN4OwE4jooOIlivd32-G\";}'
    'PHPSESSID' => 'i15ti3qd1f331th0qavb276qh0'
]

$_SESSION = [
    '__flash' => []
    '__engineer' => '45'
    'sid.captcha.ylans.cn' => [
        'code' => '8514'
        'time' => 1499177509
    ]
    '__user' => '1'
    '__employer' => '85'
]

$_SERVER = [
    'PATH' => 'C:\\WINDOWS\\system32;C:\\WINDOWS;C:\\WINDOWS\\System32\\Wbem;C:\\WINDOWS\\System32\\WindowsPowerShell\\v1.0\\;D:\\nodejs\\anzhuang\\;D:\\phpStudy\\php55n\\;D:\\svn\\svnserveranzhuang\\bin;D:\\svn\\Tortoisesvnanzhuang\\bin;C:\\Users\\79816\\AppData\\Roaming\\npm;C:\\Users\\79816\\AppData\\Local\\Microsoft\\WindowsApps;D:\\phpStudy\\php55n\\'
    'SYSTEMROOT' => 'C:\\WINDOWS'
    'COMSPEC' => 'C:\\WINDOWS\\system32\\cmd.exe'
    'PATHEXT' => '.COM;.EXE;.BAT;.CMD;.VBS;.VBE;.JS;.JSE;.WSF;.WSH;.MSC'
    'WINDIR' => 'C:\\WINDOWS'
    'PHP_FCGI_MAX_REQUESTS' => '1000'
    'PHPRC' => 'D:/phpStudy/php55n'
    '_FCGI_SHUTDOWN_EVENT_' => '2720'
    'SCRIPT_NAME' => '/index.php'
    'REQUEST_URI' => '/task-hall/hall-detail.html?task_id=211'
    'QUERY_STRING' => 'task_id=211'
    'REQUEST_METHOD' => 'GET'
    'SERVER_PROTOCOL' => 'HTTP/1.1'
    'GATEWAY_INTERFACE' => 'CGI/1.1'
    'REDIRECT_URL' => '/task-hall/hall-detail.html'
    'REDIRECT_QUERY_STRING' => 'task_id=211'
    'REMOTE_PORT' => '56998'
    'SCRIPT_FILENAME' => 'G:/jeendon/wwwroot/index.php'
    'SERVER_ADMIN' => 'admin@phpStudy.net'
    'CONTEXT_DOCUMENT_ROOT' => 'G:/jeendon/wwwroot'
    'CONTEXT_PREFIX' => ''
    'REQUEST_SCHEME' => 'http'
    'DOCUMENT_ROOT' => 'G:/jeendon/wwwroot'
    'REMOTE_ADDR' => '127.0.0.1'
    'SERVER_PORT' => '80'
    'SERVER_ADDR' => '127.0.0.9'
    'SERVER_NAME' => '127.0.0.9'
    'SERVER_SOFTWARE' => 'Apache/2.4.10 (Win32) OpenSSL/1.0.1i mod_fcgid/2.3.9'
    'SERVER_SIGNATURE' => ''
    'SystemRoot' => 'C:\\WINDOWS'
    'HTTP_COOKIE' => '_csrf=6b5d675b64155c330917e5016e17966ee377b84c734d48ed4f9619fdae942040a%3A2%3A%7Bi%3A0%3Bs%3A5%3A%22_csrf%22%3Bi%3A1%3Bs%3A32%3A%22JZnISR4083JJpN4OwE4jooOIlivd32-G%22%3B%7D; PHPSESSID=i15ti3qd1f331th0qavb276qh0'
    'HTTP_ACCEPT_LANGUAGE' => 'zh-CN,zh;q=0.8'
    'HTTP_ACCEPT_ENCODING' => 'gzip, deflate, sdch, br'
    'HTTP_REFERER' => 'http://127.0.0.9/task-hall/hall-index.html'
    'HTTP_ACCEPT' => 'text/html,application/xhtml+xml,application/xml;q=0.9,image/webp,*/*;q=0.8'
    'HTTP_USER_AGENT' => 'Mozilla/5.0 (Windows NT 10.0; WOW64) AppleWebKit/537.36 (KHTML, like Gecko) Chrome/57.0.2987.110 Safari/537.36'
    'HTTP_UPGRADE_INSECURE_REQUESTS' => '1'
    'HTTP_CONNECTION' => 'close'
    'HTTP_HOST' => '127.0.0.9'
    'HTTP_AUTHORIZATION' => ''
    'REDIRECT_STATUS' => '200'
    'REDIRECT_HTTP_AUTHORIZATION' => ''
    'FCGI_ROLE' => 'RESPONDER'
    'PHP_SELF' => '/index.php'
    'REQUEST_TIME_FLOAT' => 1499177514.6112
    'REQUEST_TIME' => 1499177514
]
2017-07-04 22:44:47 [127.0.0.1][-][i15ti3qd1f331th0qavb276qh0][error][yii\base\InvalidParamException] exception 'yii\base\InvalidParamException' with message 'Operator 'LIKE' requires two operands.' in G:\jeendon\vendor\yiisoft\yii2\db\QueryBuilder.php:1206
Stack trace:
#0 G:\jeendon\vendor\yiisoft\yii2\db\QueryBuilder.php(924): yii\db\QueryBuilder->buildLikeCondition('LIKE', Array, '<span class="st...')
#1 G:\jeendon\vendor\yiisoft\yii2\db\QueryBuilder.php(743): yii\db\QueryBuilder->buildCondition(Array, '<span class="st...')
#2 G:\jeendon\vendor\yiisoft\yii2\db\QueryBuilder.php(96): yii\db\QueryBuilder->buildWhere(Array, '<span class="st...')
#3 G:\jeendon\vendor\yiisoft\yii2\db\Query.php(122): yii\db\QueryBuilder->build(Object(yii\db\Query))
#4 G:\jeendon\vendor\yiisoft\yii2\db\Query.php(206): yii\db\Query->createCommand(NULL)
#5 G:\jeendon\widgets\SimilarNeedsWidget.php(28): yii\db\Query->all()
#6 G:\jeendon\vendor\yiisoft\yii2\base\Widget.php(98): app\widgets\SimilarNeedsWidget->run()
#7 G:\jeendon\views\task-hall\hall-detail.php(311): yii\base\Widget::widget(Array)
#8 G:\jeendon\vendor\yiisoft\yii2\base\View.php(325): require('G:\\jeendon\\view...')
#9 G:\jeendon\vendor\yiisoft\yii2\base\View.php(247): yii\base\View->renderPhpFile('G:\\jeendon\\view...', Array)
#10 G:\jeendon\vendor\yiisoft\yii2\base\View.php(149): yii\base\View->renderFile('G:\\jeendon\\view...', Array, Object(app\controllers\TaskHallController))
#11 G:\jeendon\vendor\yiisoft\yii2\base\Controller.php(371): yii\base\View->render('hall-detail', Array, Object(app\controllers\TaskHallController))
#12 G:\jeendon\controllers\TaskHallController.php(207): yii\base\Controller->render('hall-detail', Array)
#13 [internal function]: app\controllers\TaskHallController->actionHallDetail('211')
#14 G:\jeendon\vendor\yiisoft\yii2\base\InlineAction.php(55): call_user_func_array(Array, Array)
#15 G:\jeendon\vendor\yiisoft\yii2\base\Controller.php(151): yii\base\InlineAction->runWithParams(Array)
#16 G:\jeendon\vendor\yiisoft\yii2\base\Module.php(455): yii\base\Controller->runAction('hall-detail', Array)
#17 G:\jeendon\vendor\yiisoft\yii2\web\Application.php(84): yii\base\Module->runAction('task-hall/hall-...', Array)
#18 G:\jeendon\vendor\yiisoft\yii2\base\Application.php(375): yii\web\Application->handleRequest(Object(yii\web\Request))
#19 G:\jeendon\wwwroot\index.php(12): yii\base\Application->run()
#20 {main}
2017-07-04 22:44:47 [127.0.0.1][-][i15ti3qd1f331th0qavb276qh0][info][application] $_GET = [
    'task_id' => '211'
]

$_COOKIE = [
    '_csrf' => '6b5d675b64155c330917e5016e17966ee377b84c734d48ed4f9619fdae942040a:2:{i:0;s:5:\"_csrf\";i:1;s:32:\"JZnISR4083JJpN4OwE4jooOIlivd32-G\";}'
    'PHPSESSID' => 'i15ti3qd1f331th0qavb276qh0'
]

$_SESSION = [
    '__flash' => []
    '__engineer' => '45'
    'sid.captcha.ylans.cn' => [
        'code' => '8514'
        'time' => 1499177509
    ]
    '__user' => '1'
    '__employer' => '85'
]

$_SERVER = [
    'PATH' => 'C:\\WINDOWS\\system32;C:\\WINDOWS;C:\\WINDOWS\\System32\\Wbem;C:\\WINDOWS\\System32\\WindowsPowerShell\\v1.0\\;D:\\nodejs\\anzhuang\\;D:\\phpStudy\\php55n\\;D:\\svn\\svnserveranzhuang\\bin;D:\\svn\\Tortoisesvnanzhuang\\bin;C:\\Users\\79816\\AppData\\Roaming\\npm;C:\\Users\\79816\\AppData\\Local\\Microsoft\\WindowsApps;D:\\phpStudy\\php55n\\'
    'SYSTEMROOT' => 'C:\\WINDOWS'
    'COMSPEC' => 'C:\\WINDOWS\\system32\\cmd.exe'
    'PATHEXT' => '.COM;.EXE;.BAT;.CMD;.VBS;.VBE;.JS;.JSE;.WSF;.WSH;.MSC'
    'WINDIR' => 'C:\\WINDOWS'
    'PHP_FCGI_MAX_REQUESTS' => '1000'
    'PHPRC' => 'D:/phpStudy/php55n'
    '_FCGI_SHUTDOWN_EVENT_' => '2060'
    'SCRIPT_NAME' => '/index.php'
    'REQUEST_URI' => '/task-hall/hall-detail.html?task_id=211'
    'QUERY_STRING' => 'task_id=211'
    'REQUEST_METHOD' => 'GET'
    'SERVER_PROTOCOL' => 'HTTP/1.1'
    'GATEWAY_INTERFACE' => 'CGI/1.1'
    'REDIRECT_URL' => '/task-hall/hall-detail.html'
    'REDIRECT_QUERY_STRING' => 'task_id=211'
    'REMOTE_PORT' => '60417'
    'SCRIPT_FILENAME' => 'G:/jeendon/wwwroot/index.php'
    'SERVER_ADMIN' => 'admin@phpStudy.net'
    'CONTEXT_DOCUMENT_ROOT' => 'G:/jeendon/wwwroot'
    'CONTEXT_PREFIX' => ''
    'REQUEST_SCHEME' => 'http'
    'DOCUMENT_ROOT' => 'G:/jeendon/wwwroot'
    'REMOTE_ADDR' => '127.0.0.1'
    'SERVER_PORT' => '80'
    'SERVER_ADDR' => '127.0.0.9'
    'SERVER_NAME' => '127.0.0.9'
    'SERVER_SOFTWARE' => 'Apache/2.4.10 (Win32) OpenSSL/1.0.1i mod_fcgid/2.3.9'
    'SERVER_SIGNATURE' => ''
    'SystemRoot' => 'C:\\WINDOWS'
    'HTTP_COOKIE' => '_csrf=6b5d675b64155c330917e5016e17966ee377b84c734d48ed4f9619fdae942040a%3A2%3A%7Bi%3A0%3Bs%3A5%3A%22_csrf%22%3Bi%3A1%3Bs%3A32%3A%22JZnISR4083JJpN4OwE4jooOIlivd32-G%22%3B%7D; PHPSESSID=i15ti3qd1f331th0qavb276qh0'
    'HTTP_ACCEPT_LANGUAGE' => 'zh-CN,zh;q=0.8'
    'HTTP_ACCEPT_ENCODING' => 'gzip, deflate, sdch, br'
    'HTTP_REFERER' => 'http://127.0.0.9/task-hall/hall-index.html'
    'HTTP_ACCEPT' => 'text/html,application/xhtml+xml,application/xml;q=0.9,image/webp,*/*;q=0.8'
    'HTTP_USER_AGENT' => 'Mozilla/5.0 (Windows NT 10.0; WOW64) AppleWebKit/537.36 (KHTML, like Gecko) Chrome/57.0.2987.110 Safari/537.36'
    'HTTP_UPGRADE_INSECURE_REQUESTS' => '1'
    'HTTP_CONNECTION' => 'close'
    'HTTP_HOST' => '127.0.0.9'
    'HTTP_AUTHORIZATION' => ''
    'REDIRECT_STATUS' => '200'
    'REDIRECT_HTTP_AUTHORIZATION' => ''
    'FCGI_ROLE' => 'RESPONDER'
    'PHP_SELF' => '/index.php'
    'REQUEST_TIME_FLOAT' => 1499179487.5473
    'REQUEST_TIME' => 1499179487
]
2017-07-04 22:45:10 [127.0.0.1][-][i15ti3qd1f331th0qavb276qh0][error][yii\base\InvalidParamException] exception 'yii\base\InvalidParamException' with message 'Operator 'LIKE' requires two operands.' in G:\jeendon\vendor\yiisoft\yii2\db\QueryBuilder.php:1206
Stack trace:
#0 G:\jeendon\vendor\yiisoft\yii2\db\QueryBuilder.php(924): yii\db\QueryBuilder->buildLikeCondition('LIKE', Array, '<span class="st...')
#1 G:\jeendon\vendor\yiisoft\yii2\db\QueryBuilder.php(743): yii\db\QueryBuilder->buildCondition(Array, '<span class="st...')
#2 G:\jeendon\vendor\yiisoft\yii2\db\QueryBuilder.php(96): yii\db\QueryBuilder->buildWhere(Array, '<span class="st...')
#3 G:\jeendon\vendor\yiisoft\yii2\db\Query.php(122): yii\db\QueryBuilder->build(Object(yii\db\Query))
#4 G:\jeendon\vendor\yiisoft\yii2\db\Query.php(206): yii\db\Query->createCommand(NULL)
#5 G:\jeendon\widgets\SimilarNeedsWidget.php(28): yii\db\Query->all()
#6 G:\jeendon\vendor\yiisoft\yii2\base\Widget.php(98): app\widgets\SimilarNeedsWidget->run()
#7 G:\jeendon\views\task-hall\hall-detail.php(311): yii\base\Widget::widget(Array)
#8 G:\jeendon\vendor\yiisoft\yii2\base\View.php(325): require('G:\\jeendon\\view...')
#9 G:\jeendon\vendor\yiisoft\yii2\base\View.php(247): yii\base\View->renderPhpFile('G:\\jeendon\\view...', Array)
#10 G:\jeendon\vendor\yiisoft\yii2\base\View.php(149): yii\base\View->renderFile('G:\\jeendon\\view...', Array, Object(app\controllers\TaskHallController))
#11 G:\jeendon\vendor\yiisoft\yii2\base\Controller.php(371): yii\base\View->render('hall-detail', Array, Object(app\controllers\TaskHallController))
#12 G:\jeendon\controllers\TaskHallController.php(207): yii\base\Controller->render('hall-detail', Array)
#13 [internal function]: app\controllers\TaskHallController->actionHallDetail('211')
#14 G:\jeendon\vendor\yiisoft\yii2\base\InlineAction.php(55): call_user_func_array(Array, Array)
#15 G:\jeendon\vendor\yiisoft\yii2\base\Controller.php(151): yii\base\InlineAction->runWithParams(Array)
#16 G:\jeendon\vendor\yiisoft\yii2\base\Module.php(455): yii\base\Controller->runAction('hall-detail', Array)
#17 G:\jeendon\vendor\yiisoft\yii2\web\Application.php(84): yii\base\Module->runAction('task-hall/hall-...', Array)
#18 G:\jeendon\vendor\yiisoft\yii2\base\Application.php(375): yii\web\Application->handleRequest(Object(yii\web\Request))
#19 G:\jeendon\wwwroot\index.php(12): yii\base\Application->run()
#20 {main}
2017-07-04 22:45:09 [127.0.0.1][-][i15ti3qd1f331th0qavb276qh0][info][application] $_GET = [
    'task_id' => '211'
]

$_COOKIE = [
    '_csrf' => '6b5d675b64155c330917e5016e17966ee377b84c734d48ed4f9619fdae942040a:2:{i:0;s:5:\"_csrf\";i:1;s:32:\"JZnISR4083JJpN4OwE4jooOIlivd32-G\";}'
    'PHPSESSID' => 'i15ti3qd1f331th0qavb276qh0'
]

$_SESSION = [
    '__flash' => []
    '__engineer' => '45'
    'sid.captcha.ylans.cn' => [
        'code' => '8514'
        'time' => 1499177509
    ]
    '__user' => '1'
    '__employer' => '85'
]

$_SERVER = [
    'PATH' => 'C:\\WINDOWS\\system32;C:\\WINDOWS;C:\\WINDOWS\\System32\\Wbem;C:\\WINDOWS\\System32\\WindowsPowerShell\\v1.0\\;D:\\nodejs\\anzhuang\\;D:\\phpStudy\\php55n\\;D:\\svn\\svnserveranzhuang\\bin;D:\\svn\\Tortoisesvnanzhuang\\bin;C:\\Users\\79816\\AppData\\Roaming\\npm;C:\\Users\\79816\\AppData\\Local\\Microsoft\\WindowsApps;D:\\phpStudy\\php55n\\'
    'SYSTEMROOT' => 'C:\\WINDOWS'
    'COMSPEC' => 'C:\\WINDOWS\\system32\\cmd.exe'
    'PATHEXT' => '.COM;.EXE;.BAT;.CMD;.VBS;.VBE;.JS;.JSE;.WSF;.WSH;.MSC'
    'WINDIR' => 'C:\\WINDOWS'
    'PHP_FCGI_MAX_REQUESTS' => '1000'
    'PHPRC' => 'D:/phpStudy/php55n'
    '_FCGI_SHUTDOWN_EVENT_' => '2060'
    'SCRIPT_NAME' => '/index.php'
    'REQUEST_URI' => '/task-hall/hall-detail.html?task_id=211'
    'QUERY_STRING' => 'task_id=211'
    'REQUEST_METHOD' => 'GET'
    'SERVER_PROTOCOL' => 'HTTP/1.1'
    'GATEWAY_INTERFACE' => 'CGI/1.1'
    'REDIRECT_URL' => '/task-hall/hall-detail.html'
    'REDIRECT_QUERY_STRING' => 'task_id=211'
    'REMOTE_PORT' => '60457'
    'SCRIPT_FILENAME' => 'G:/jeendon/wwwroot/index.php'
    'SERVER_ADMIN' => 'admin@phpStudy.net'
    'CONTEXT_DOCUMENT_ROOT' => 'G:/jeendon/wwwroot'
    'CONTEXT_PREFIX' => ''
    'REQUEST_SCHEME' => 'http'
    'DOCUMENT_ROOT' => 'G:/jeendon/wwwroot'
    'REMOTE_ADDR' => '127.0.0.1'
    'SERVER_PORT' => '80'
    'SERVER_ADDR' => '127.0.0.9'
    'SERVER_NAME' => '127.0.0.9'
    'SERVER_SOFTWARE' => 'Apache/2.4.10 (Win32) OpenSSL/1.0.1i mod_fcgid/2.3.9'
    'SERVER_SIGNATURE' => ''
    'SystemRoot' => 'C:\\WINDOWS'
    'HTTP_COOKIE' => '_csrf=6b5d675b64155c330917e5016e17966ee377b84c734d48ed4f9619fdae942040a%3A2%3A%7Bi%3A0%3Bs%3A5%3A%22_csrf%22%3Bi%3A1%3Bs%3A32%3A%22JZnISR4083JJpN4OwE4jooOIlivd32-G%22%3B%7D; PHPSESSID=i15ti3qd1f331th0qavb276qh0'
    'HTTP_ACCEPT_LANGUAGE' => 'zh-CN,zh;q=0.8'
    'HTTP_ACCEPT_ENCODING' => 'gzip, deflate, sdch, br'
    'HTTP_REFERER' => 'http://127.0.0.9/task-hall/hall-index.html'
    'HTTP_ACCEPT' => 'text/html,application/xhtml+xml,application/xml;q=0.9,image/webp,*/*;q=0.8'
    'HTTP_USER_AGENT' => 'Mozilla/5.0 (Windows NT 10.0; WOW64) AppleWebKit/537.36 (KHTML, like Gecko) Chrome/57.0.2987.110 Safari/537.36'
    'HTTP_UPGRADE_INSECURE_REQUESTS' => '1'
    'HTTP_CONNECTION' => 'close'
    'HTTP_HOST' => '127.0.0.9'
    'HTTP_AUTHORIZATION' => ''
    'REDIRECT_STATUS' => '200'
    'REDIRECT_HTTP_AUTHORIZATION' => ''
    'FCGI_ROLE' => 'RESPONDER'
    'PHP_SELF' => '/index.php'
    'REQUEST_TIME_FLOAT' => 1499179509.9685
    'REQUEST_TIME' => 1499179509
]
