2017-06-02 21:49:03 [127.0.0.1][-][ut4bjochoo2a8ap93rpl4jdbk2][error][yii\base\ErrorException:1] exception 'yii\base\ErrorException' with message 'Call to undefined method app\models\Pay::offerorderbalancepay()' in G:\jeendon\controllers\PayController.php:249
Stack trace:
#0 [internal function]: yii\base\ErrorHandler->handleFatalError()
#1 {main}
2017-06-02 21:49:03 [127.0.0.1][-][ut4bjochoo2a8ap93rpl4jdbk2][info][application] $_POST = [
    'price' => '120'
    'PayType' => 'balance'
    '_csrf' => 'WERyLkVJSUpsMQpXDx0tJyAjJ091Aj4pEDU8WiJ7Ez0bLCVXdC4Cfg=='
    'offer_order_id' => '10'
    'charge' => '确认支付'
]

$_COOKIE = [
    '__engineer_identity' => '86ce5e29522e9554c9b846be81362f41241f14632b2f9dad34b4cf724c9d3947a:2:{i:0;s:19:\"__engineer_identity\";i:1;s:19:\"[\"31\",null,2592000]\";}'
    'PHPSESSID' => 'ut4bjochoo2a8ap93rpl4jdbk2'
    '_csrf' => '939abeaeb00882df42866a10013d48450fb62ddd57508bb660845cdab6829dbca:2:{i:0;s:5:\"_csrf\";i:1;s:32:\"4uxyJTdmxgUa0KwcHqNtg2ZwChWy1gK4\";}'
    '__user_identity' => '1ef6796baa2d0be517468dc633616033c5df5a1e59ef1b6cbe455c2690eb0873a:2:{i:0;s:15:\"__user_identity\";i:1;s:16:\"[\"1\",\"\",2592000]\";}'
]

$_SESSION = [
    '__flash' => []
    '__engineer' => '31'
    'sid.captcha.ylans.cn' => [
        'code' => '3677'
        'time' => 1496411332
    ]
    '__user' => '1'
]

$_SERVER = [
    'PATH' => 'C:\\WINDOWS\\system32;C:\\WINDOWS;C:\\WINDOWS\\System32\\Wbem;C:\\WINDOWS\\System32\\WindowsPowerShell\\v1.0\\;D:\\nodejs\\anzhuang\\;D:\\phpStudy\\php55n\\;D:\\svn\\svnserveranzhuang\\bin;D:\\svn\\Tortoisesvnanzhuang\\bin;C:\\Users\\79816\\AppData\\Roaming\\npm;C:\\Users\\79816\\AppData\\Local\\Microsoft\\WindowsApps;D:\\phpStudy\\php55n\\'
    'SYSTEMROOT' => 'C:\\WINDOWS'
    'COMSPEC' => 'C:\\WINDOWS\\system32\\cmd.exe'
    'PATHEXT' => '.COM;.EXE;.BAT;.CMD;.VBS;.VBE;.JS;.JSE;.WSF;.WSH;.MSC'
    'WINDIR' => 'C:\\WINDOWS'
    'PHP_FCGI_MAX_REQUESTS' => '1000'
    'PHPRC' => 'D:/phpStudy/php55n'
    '_FCGI_SHUTDOWN_EVENT_' => '2248'
    'SCRIPT_NAME' => '/index.php'
    'REQUEST_URI' => '/pay/eng-offer-pay.html'
    'QUERY_STRING' => ''
    'REQUEST_METHOD' => 'POST'
    'SERVER_PROTOCOL' => 'HTTP/1.1'
    'GATEWAY_INTERFACE' => 'CGI/1.1'
    'REDIRECT_URL' => '/pay/eng-offer-pay.html'
    'REMOTE_PORT' => '61472'
    'SCRIPT_FILENAME' => 'G:/jeendon/wwwroot/index.php'
    'SERVER_ADMIN' => 'admin@phpStudy.net'
    'CONTEXT_DOCUMENT_ROOT' => 'G:/jeendon/wwwroot'
    'CONTEXT_PREFIX' => ''
    'REQUEST_SCHEME' => 'http'
    'DOCUMENT_ROOT' => 'G:/jeendon/wwwroot'
    'REMOTE_ADDR' => '127.0.0.1'
    'SERVER_PORT' => '80'
    'SERVER_ADDR' => '127.0.0.9'
    'SERVER_NAME' => '127.0.0.9'
    'SERVER_SOFTWARE' => 'Apache/2.4.10 (Win32) OpenSSL/1.0.1i mod_fcgid/2.3.9'
    'SERVER_SIGNATURE' => ''
    'SystemRoot' => 'C:\\WINDOWS'
    'HTTP_UPGRADE_INSECURE_REQUESTS' => '1'
    'HTTP_CONNECTION' => 'close'
    'HTTP_COOKIE' => '__engineer_identity=86ce5e29522e9554c9b846be81362f41241f14632b2f9dad34b4cf724c9d3947a%3A2%3A%7Bi%3A0%3Bs%3A19%3A%22__engineer_identity%22%3Bi%3A1%3Bs%3A19%3A%22%5B%2231%22%2Cnull%2C2592000%5D%22%3B%7D; PHPSESSID=ut4bjochoo2a8ap93rpl4jdbk2; _csrf=939abeaeb00882df42866a10013d48450fb62ddd57508bb660845cdab6829dbca%3A2%3A%7Bi%3A0%3Bs%3A5%3A%22_csrf%22%3Bi%3A1%3Bs%3A32%3A%224uxyJTdmxgUa0KwcHqNtg2ZwChWy1gK4%22%3B%7D; __user_identity=1ef6796baa2d0be517468dc633616033c5df5a1e59ef1b6cbe455c2690eb0873a%3A2%3A%7Bi%3A0%3Bs%3A15%3A%22__user_identity%22%3Bi%3A1%3Bs%3A16%3A%22%5B%221%22%2C%22%22%2C2592000%5D%22%3B%7D'
    'HTTP_REFERER' => 'http://127.0.0.9/task-hall/offer-order-pay.html?offer_order_id=10'
    'CONTENT_LENGTH' => '608'
    'CONTENT_TYPE' => 'multipart/form-data; boundary=---------------------------5072159831168'
    'HTTP_ACCEPT_ENCODING' => 'gzip, deflate'
    'HTTP_ACCEPT_LANGUAGE' => 'zh-CN,zh;q=0.8,en-US;q=0.5,en;q=0.3'
    'HTTP_ACCEPT' => 'text/html,application/xhtml+xml,application/xml;q=0.9,*/*;q=0.8'
    'HTTP_USER_AGENT' => 'Mozilla/5.0 (Windows NT 10.0; WOW64; rv:53.0) Gecko/20100101 Firefox/53.0'
    'HTTP_HOST' => '127.0.0.9'
    'HTTP_AUTHORIZATION' => ''
    'REDIRECT_STATUS' => '200'
    'REDIRECT_HTTP_AUTHORIZATION' => ''
    'FCGI_ROLE' => 'RESPONDER'
    'PHP_SELF' => '/index.php'
    'REQUEST_TIME_FLOAT' => 1496411343.8419
    'REQUEST_TIME' => 1496411343
]
2017-06-02 22:56:17 [127.0.0.1][-][-][error][application] ↑↑↑↑↑↑↑↑↑↑invoicealipay Notify End↑↑↑↑↑↑↑↑↑↑↑↑↑↑↑
    in G:\jeendon\models\Pay.php:751
    in G:\jeendon\models\Pay.php:781
    in G:\jeendon\controllers\PayController.php:248
2017-06-02 22:56:16 [127.0.0.1][-][-][info][application] $_POST = [
    'price' => '120'
    'PayType' => 'balance'
    '_csrf' => 'NGFqb3g2b3oAFBIWMmILF0wGPw5IfRgZfBAkGx8ENQ13CT0WSVEkTg=='
    'offer_order_id' => '10'
    'charge' => '确认支付'
]

$_COOKIE = [
    '__engineer_identity' => '86ce5e29522e9554c9b846be81362f41241f14632b2f9dad34b4cf724c9d3947a:2:{i:0;s:19:\"__engineer_identity\";i:1;s:19:\"[\"31\",null,2592000]\";}'
    'PHPSESSID' => 'ut4bjochoo2a8ap93rpl4jdbk2'
    '_csrf' => '939abeaeb00882df42866a10013d48450fb62ddd57508bb660845cdab6829dbca:2:{i:0;s:5:\"_csrf\";i:1;s:32:\"4uxyJTdmxgUa0KwcHqNtg2ZwChWy1gK4\";}'
    '__user_identity' => '1ef6796baa2d0be517468dc633616033c5df5a1e59ef1b6cbe455c2690eb0873a:2:{i:0;s:15:\"__user_identity\";i:1;s:16:\"[\"1\",\"\",2592000]\";}'
]

$_SESSION = [
    '__flash' => []
    '__engineer' => '31'
    'sid.captcha.ylans.cn' => [
        'code' => '3677'
        'time' => 1496411332
    ]
    '__user' => '1'
]

$_SERVER = [
    'PATH' => 'C:\\WINDOWS\\system32;C:\\WINDOWS;C:\\WINDOWS\\System32\\Wbem;C:\\WINDOWS\\System32\\WindowsPowerShell\\v1.0\\;D:\\nodejs\\anzhuang\\;D:\\phpStudy\\php55n\\;D:\\svn\\svnserveranzhuang\\bin;D:\\svn\\Tortoisesvnanzhuang\\bin;C:\\Users\\79816\\AppData\\Roaming\\npm;C:\\Users\\79816\\AppData\\Local\\Microsoft\\WindowsApps;D:\\phpStudy\\php55n\\'
    'SYSTEMROOT' => 'C:\\WINDOWS'
    'COMSPEC' => 'C:\\WINDOWS\\system32\\cmd.exe'
    'PATHEXT' => '.COM;.EXE;.BAT;.CMD;.VBS;.VBE;.JS;.JSE;.WSF;.WSH;.MSC'
    'WINDIR' => 'C:\\WINDOWS'
    'PHP_FCGI_MAX_REQUESTS' => '1000'
    'PHPRC' => 'D:/phpStudy/php55n'
    '_FCGI_SHUTDOWN_EVENT_' => '2400'
    'SCRIPT_NAME' => '/index.php'
    'REQUEST_URI' => '/pay/eng-offer-pay.html'
    'QUERY_STRING' => ''
    'REQUEST_METHOD' => 'POST'
    'SERVER_PROTOCOL' => 'HTTP/1.1'
    'GATEWAY_INTERFACE' => 'CGI/1.1'
    'REDIRECT_URL' => '/pay/eng-offer-pay.html'
    'REMOTE_PORT' => '62232'
    'SCRIPT_FILENAME' => 'G:/jeendon/wwwroot/index.php'
    'SERVER_ADMIN' => 'admin@phpStudy.net'
    'CONTEXT_DOCUMENT_ROOT' => 'G:/jeendon/wwwroot'
    'CONTEXT_PREFIX' => ''
    'REQUEST_SCHEME' => 'http'
    'DOCUMENT_ROOT' => 'G:/jeendon/wwwroot'
    'REMOTE_ADDR' => '127.0.0.1'
    'SERVER_PORT' => '80'
    'SERVER_ADDR' => '127.0.0.9'
    'SERVER_NAME' => '127.0.0.9'
    'SERVER_SOFTWARE' => 'Apache/2.4.10 (Win32) OpenSSL/1.0.1i mod_fcgid/2.3.9'
    'SERVER_SIGNATURE' => ''
    'SystemRoot' => 'C:\\WINDOWS'
    'HTTP_UPGRADE_INSECURE_REQUESTS' => '1'
    'HTTP_CONNECTION' => 'close'
    'HTTP_COOKIE' => '__engineer_identity=86ce5e29522e9554c9b846be81362f41241f14632b2f9dad34b4cf724c9d3947a%3A2%3A%7Bi%3A0%3Bs%3A19%3A%22__engineer_identity%22%3Bi%3A1%3Bs%3A19%3A%22%5B%2231%22%2Cnull%2C2592000%5D%22%3B%7D; PHPSESSID=ut4bjochoo2a8ap93rpl4jdbk2; _csrf=939abeaeb00882df42866a10013d48450fb62ddd57508bb660845cdab6829dbca%3A2%3A%7Bi%3A0%3Bs%3A5%3A%22_csrf%22%3Bi%3A1%3Bs%3A32%3A%224uxyJTdmxgUa0KwcHqNtg2ZwChWy1gK4%22%3B%7D; __user_identity=1ef6796baa2d0be517468dc633616033c5df5a1e59ef1b6cbe455c2690eb0873a%3A2%3A%7Bi%3A0%3Bs%3A15%3A%22__user_identity%22%3Bi%3A1%3Bs%3A16%3A%22%5B%221%22%2C%22%22%2C2592000%5D%22%3B%7D'
    'HTTP_REFERER' => 'http://127.0.0.9/task-hall/offer-order-pay.html?offer_order_id=10'
    'CONTENT_LENGTH' => '608'
    'CONTENT_TYPE' => 'multipart/form-data; boundary=---------------------------1760786887352'
    'HTTP_ACCEPT_ENCODING' => 'gzip, deflate'
    'HTTP_ACCEPT_LANGUAGE' => 'zh-CN,zh;q=0.8,en-US;q=0.5,en;q=0.3'
    'HTTP_ACCEPT' => 'text/html,application/xhtml+xml,application/xml;q=0.9,*/*;q=0.8'
    'HTTP_USER_AGENT' => 'Mozilla/5.0 (Windows NT 10.0; WOW64; rv:53.0) Gecko/20100101 Firefox/53.0'
    'HTTP_HOST' => '127.0.0.9'
    'HTTP_AUTHORIZATION' => ''
    'REDIRECT_STATUS' => '200'
    'REDIRECT_HTTP_AUTHORIZATION' => ''
    'FCGI_ROLE' => 'RESPONDER'
    'PHP_SELF' => '/index.php'
    'REQUEST_TIME_FLOAT' => 1496415376.8112
    'REQUEST_TIME' => 1496415376
]
2017-06-02 22:58:33 [127.0.0.1][-][-][error][application] ↑↑↑↑↑↑↑↑↑↑invoicealipay Notify End↑↑↑↑↑↑↑↑↑↑↑↑↑↑↑
    in G:\jeendon\models\Pay.php:751
    in G:\jeendon\models\Pay.php:781
    in G:\jeendon\controllers\PayController.php:248
2017-06-02 22:58:33 [127.0.0.1][-][-][info][application] $_POST = [
    'price' => '120'
    'PayType' => 'balance'
    '_csrf' => 'a09Nc1dLZVhfOjUKHR8BNRMoGBJnABI7Iz4DBzB5Py8oJxoKZiwubA=='
    'offer_order_id' => '10'
    'charge' => '确认支付'
]

$_COOKIE = [
    '__engineer_identity' => '86ce5e29522e9554c9b846be81362f41241f14632b2f9dad34b4cf724c9d3947a:2:{i:0;s:19:\"__engineer_identity\";i:1;s:19:\"[\"31\",null,2592000]\";}'
    'PHPSESSID' => 'ut4bjochoo2a8ap93rpl4jdbk2'
    '_csrf' => '939abeaeb00882df42866a10013d48450fb62ddd57508bb660845cdab6829dbca:2:{i:0;s:5:\"_csrf\";i:1;s:32:\"4uxyJTdmxgUa0KwcHqNtg2ZwChWy1gK4\";}'
    '__user_identity' => '1ef6796baa2d0be517468dc633616033c5df5a1e59ef1b6cbe455c2690eb0873a:2:{i:0;s:15:\"__user_identity\";i:1;s:16:\"[\"1\",\"\",2592000]\";}'
]

$_SESSION = [
    '__flash' => []
    '__engineer' => '31'
    'sid.captcha.ylans.cn' => [
        'code' => '7899'
        'time' => 1496415397
    ]
    '__user' => '1'
]

$_SERVER = [
    'PATH' => 'C:\\WINDOWS\\system32;C:\\WINDOWS;C:\\WINDOWS\\System32\\Wbem;C:\\WINDOWS\\System32\\WindowsPowerShell\\v1.0\\;D:\\nodejs\\anzhuang\\;D:\\phpStudy\\php55n\\;D:\\svn\\svnserveranzhuang\\bin;D:\\svn\\Tortoisesvnanzhuang\\bin;C:\\Users\\79816\\AppData\\Roaming\\npm;C:\\Users\\79816\\AppData\\Local\\Microsoft\\WindowsApps;D:\\phpStudy\\php55n\\'
    'SYSTEMROOT' => 'C:\\WINDOWS'
    'COMSPEC' => 'C:\\WINDOWS\\system32\\cmd.exe'
    'PATHEXT' => '.COM;.EXE;.BAT;.CMD;.VBS;.VBE;.JS;.JSE;.WSF;.WSH;.MSC'
    'WINDIR' => 'C:\\WINDOWS'
    'PHP_FCGI_MAX_REQUESTS' => '1000'
    'PHPRC' => 'D:/phpStudy/php55n'
    '_FCGI_SHUTDOWN_EVENT_' => '2400'
    'SCRIPT_NAME' => '/index.php'
    'REQUEST_URI' => '/pay/eng-offer-pay.html'
    'QUERY_STRING' => ''
    'REQUEST_METHOD' => 'POST'
    'SERVER_PROTOCOL' => 'HTTP/1.1'
    'GATEWAY_INTERFACE' => 'CGI/1.1'
    'REDIRECT_URL' => '/pay/eng-offer-pay.html'
    'REMOTE_PORT' => '62270'
    'SCRIPT_FILENAME' => 'G:/jeendon/wwwroot/index.php'
    'SERVER_ADMIN' => 'admin@phpStudy.net'
    'CONTEXT_DOCUMENT_ROOT' => 'G:/jeendon/wwwroot'
    'CONTEXT_PREFIX' => ''
    'REQUEST_SCHEME' => 'http'
    'DOCUMENT_ROOT' => 'G:/jeendon/wwwroot'
    'REMOTE_ADDR' => '127.0.0.1'
    'SERVER_PORT' => '80'
    'SERVER_ADDR' => '127.0.0.9'
    'SERVER_NAME' => '127.0.0.9'
    'SERVER_SOFTWARE' => 'Apache/2.4.10 (Win32) OpenSSL/1.0.1i mod_fcgid/2.3.9'
    'SERVER_SIGNATURE' => ''
    'SystemRoot' => 'C:\\WINDOWS'
    'HTTP_UPGRADE_INSECURE_REQUESTS' => '1'
    'HTTP_CONNECTION' => 'close'
    'HTTP_COOKIE' => '__engineer_identity=86ce5e29522e9554c9b846be81362f41241f14632b2f9dad34b4cf724c9d3947a%3A2%3A%7Bi%3A0%3Bs%3A19%3A%22__engineer_identity%22%3Bi%3A1%3Bs%3A19%3A%22%5B%2231%22%2Cnull%2C2592000%5D%22%3B%7D; PHPSESSID=ut4bjochoo2a8ap93rpl4jdbk2; _csrf=939abeaeb00882df42866a10013d48450fb62ddd57508bb660845cdab6829dbca%3A2%3A%7Bi%3A0%3Bs%3A5%3A%22_csrf%22%3Bi%3A1%3Bs%3A32%3A%224uxyJTdmxgUa0KwcHqNtg2ZwChWy1gK4%22%3B%7D; __user_identity=1ef6796baa2d0be517468dc633616033c5df5a1e59ef1b6cbe455c2690eb0873a%3A2%3A%7Bi%3A0%3Bs%3A15%3A%22__user_identity%22%3Bi%3A1%3Bs%3A16%3A%22%5B%221%22%2C%22%22%2C2592000%5D%22%3B%7D'
    'HTTP_REFERER' => 'http://127.0.0.9/task-hall/offer-order-pay.html?offer_order_id=10'
    'CONTENT_LENGTH' => '608'
    'CONTENT_TYPE' => 'multipart/form-data; boundary=---------------------------2010619864225'
    'HTTP_ACCEPT_ENCODING' => 'gzip, deflate'
    'HTTP_ACCEPT_LANGUAGE' => 'zh-CN,zh;q=0.8,en-US;q=0.5,en;q=0.3'
    'HTTP_ACCEPT' => 'text/html,application/xhtml+xml,application/xml;q=0.9,*/*;q=0.8'
    'HTTP_USER_AGENT' => 'Mozilla/5.0 (Windows NT 10.0; WOW64; rv:53.0) Gecko/20100101 Firefox/53.0'
    'HTTP_HOST' => '127.0.0.9'
    'HTTP_AUTHORIZATION' => ''
    'REDIRECT_STATUS' => '200'
    'REDIRECT_HTTP_AUTHORIZATION' => ''
    'FCGI_ROLE' => 'RESPONDER'
    'PHP_SELF' => '/index.php'
    'REQUEST_TIME_FLOAT' => 1496415513.262
    'REQUEST_TIME' => 1496415513
]
2017-06-02 23:03:34 [127.0.0.1][-][-][error][application] ↑↑↑↑↑↑↑↑↑↑invoicealipay Notify End↑↑↑↑↑↑↑↑↑↑↑↑↑↑↑
    in G:\jeendon\models\Pay.php:751
    in G:\jeendon\models\Pay.php:781
    in G:\jeendon\controllers\PayController.php:248
2017-06-02 23:03:34 [127.0.0.1][-][-][info][application] $_POST = [
    'price' => '120'
    'PayType' => 'balance'
    '_csrf' => 'YVJxSkxEeWhVJwkzBhAdBRk1JCt8Dw4LKSM/Pit2Ix8iOiYzfSMyXA=='
    'offer_order_id' => '10'
    'charge' => '确认支付'
]

$_COOKIE = [
    '__engineer_identity' => '86ce5e29522e9554c9b846be81362f41241f14632b2f9dad34b4cf724c9d3947a:2:{i:0;s:19:\"__engineer_identity\";i:1;s:19:\"[\"31\",null,2592000]\";}'
    'PHPSESSID' => 'ut4bjochoo2a8ap93rpl4jdbk2'
    '_csrf' => '939abeaeb00882df42866a10013d48450fb62ddd57508bb660845cdab6829dbca:2:{i:0;s:5:\"_csrf\";i:1;s:32:\"4uxyJTdmxgUa0KwcHqNtg2ZwChWy1gK4\";}'
    '__user_identity' => '1ef6796baa2d0be517468dc633616033c5df5a1e59ef1b6cbe455c2690eb0873a:2:{i:0;s:15:\"__user_identity\";i:1;s:16:\"[\"1\",\"\",2592000]\";}'
]

$_SESSION = [
    '__flash' => []
    '__engineer' => '31'
    'sid.captcha.ylans.cn' => [
        'code' => '7899'
        'time' => 1496415397
    ]
    '__user' => '1'
]

$_SERVER = [
    'PATH' => 'C:\\WINDOWS\\system32;C:\\WINDOWS;C:\\WINDOWS\\System32\\Wbem;C:\\WINDOWS\\System32\\WindowsPowerShell\\v1.0\\;D:\\nodejs\\anzhuang\\;D:\\phpStudy\\php55n\\;D:\\svn\\svnserveranzhuang\\bin;D:\\svn\\Tortoisesvnanzhuang\\bin;C:\\Users\\79816\\AppData\\Roaming\\npm;C:\\Users\\79816\\AppData\\Local\\Microsoft\\WindowsApps;D:\\phpStudy\\php55n\\'
    'SYSTEMROOT' => 'C:\\WINDOWS'
    'COMSPEC' => 'C:\\WINDOWS\\system32\\cmd.exe'
    'PATHEXT' => '.COM;.EXE;.BAT;.CMD;.VBS;.VBE;.JS;.JSE;.WSF;.WSH;.MSC'
    'WINDIR' => 'C:\\WINDOWS'
    'PHP_FCGI_MAX_REQUESTS' => '1000'
    'PHPRC' => 'D:/phpStudy/php55n'
    '_FCGI_SHUTDOWN_EVENT_' => '2148'
    'SCRIPT_NAME' => '/index.php'
    'REQUEST_URI' => '/pay/eng-offer-pay.html'
    'QUERY_STRING' => ''
    'REQUEST_METHOD' => 'POST'
    'SERVER_PROTOCOL' => 'HTTP/1.1'
    'GATEWAY_INTERFACE' => 'CGI/1.1'
    'REDIRECT_URL' => '/pay/eng-offer-pay.html'
    'REMOTE_PORT' => '62313'
    'SCRIPT_FILENAME' => 'G:/jeendon/wwwroot/index.php'
    'SERVER_ADMIN' => 'admin@phpStudy.net'
    'CONTEXT_DOCUMENT_ROOT' => 'G:/jeendon/wwwroot'
    'CONTEXT_PREFIX' => ''
    'REQUEST_SCHEME' => 'http'
    'DOCUMENT_ROOT' => 'G:/jeendon/wwwroot'
    'REMOTE_ADDR' => '127.0.0.1'
    'SERVER_PORT' => '80'
    'SERVER_ADDR' => '127.0.0.9'
    'SERVER_NAME' => '127.0.0.9'
    'SERVER_SOFTWARE' => 'Apache/2.4.10 (Win32) OpenSSL/1.0.1i mod_fcgid/2.3.9'
    'SERVER_SIGNATURE' => ''
    'SystemRoot' => 'C:\\WINDOWS'
    'HTTP_UPGRADE_INSECURE_REQUESTS' => '1'
    'HTTP_CONNECTION' => 'close'
    'HTTP_COOKIE' => '__engineer_identity=86ce5e29522e9554c9b846be81362f41241f14632b2f9dad34b4cf724c9d3947a%3A2%3A%7Bi%3A0%3Bs%3A19%3A%22__engineer_identity%22%3Bi%3A1%3Bs%3A19%3A%22%5B%2231%22%2Cnull%2C2592000%5D%22%3B%7D; PHPSESSID=ut4bjochoo2a8ap93rpl4jdbk2; _csrf=939abeaeb00882df42866a10013d48450fb62ddd57508bb660845cdab6829dbca%3A2%3A%7Bi%3A0%3Bs%3A5%3A%22_csrf%22%3Bi%3A1%3Bs%3A32%3A%224uxyJTdmxgUa0KwcHqNtg2ZwChWy1gK4%22%3B%7D; __user_identity=1ef6796baa2d0be517468dc633616033c5df5a1e59ef1b6cbe455c2690eb0873a%3A2%3A%7Bi%3A0%3Bs%3A15%3A%22__user_identity%22%3Bi%3A1%3Bs%3A16%3A%22%5B%221%22%2C%22%22%2C2592000%5D%22%3B%7D'
    'HTTP_REFERER' => 'http://127.0.0.9/task-hall/offer-order-pay.html?offer_order_id=10'
    'CONTENT_LENGTH' => '608'
    'CONTENT_TYPE' => 'multipart/form-data; boundary=---------------------------1426885956568'
    'HTTP_ACCEPT_ENCODING' => 'gzip, deflate'
    'HTTP_ACCEPT_LANGUAGE' => 'zh-CN,zh;q=0.8,en-US;q=0.5,en;q=0.3'
    'HTTP_ACCEPT' => 'text/html,application/xhtml+xml,application/xml;q=0.9,*/*;q=0.8'
    'HTTP_USER_AGENT' => 'Mozilla/5.0 (Windows NT 10.0; WOW64; rv:53.0) Gecko/20100101 Firefox/53.0'
    'HTTP_HOST' => '127.0.0.9'
    'HTTP_AUTHORIZATION' => ''
    'REDIRECT_STATUS' => '200'
    'REDIRECT_HTTP_AUTHORIZATION' => ''
    'FCGI_ROLE' => 'RESPONDER'
    'PHP_SELF' => '/index.php'
    'REQUEST_TIME_FLOAT' => 1496415814.5299
    'REQUEST_TIME' => 1496415814
]
